CRITICAL - 2023-04-07 04:04:29 --> Class "App\Models\Model" not found
in APPPATH/Models/Favourite_model.php on line 5.
 1 SYSTEMPATH/Autoloader/Autoloader.php(312): include_once()
 2 SYSTEMPATH/Autoloader/Autoloader.php(289): CodeIgniter\Autoloader\Autoloader->includeFile()
 3 SYSTEMPATH/Autoloader/Autoloader.php(267): CodeIgniter\Autoloader\Autoloader->loadInNamespace()
 4 APPPATH/Controllers/Favourites.php(14): CodeIgniter\Autoloader\Autoloader->loadClass()
 5 SYSTEMPATH/CodeIgniter.php(934): App\Controllers\Favourites->toggle()
 6 SYSTEMPATH/CodeIgniter.php(499): CodeIgniter\CodeIgniter->runController()
 7 SYSTEMPATH/CodeIgniter.php(368): CodeIgniter\CodeIgniter->handleRequest()
 8 FCPATH/index.php(67): CodeIgniter\CodeIgniter->run()
CRITICAL - 2023-04-07 04:04:31 --> Class "App\Models\Model" not found
in APPPATH/Models/Favourite_model.php on line 5.
 1 SYSTEMPATH/Autoloader/Autoloader.php(312): include_once()
 2 SYSTEMPATH/Autoloader/Autoloader.php(289): CodeIgniter\Autoloader\Autoloader->includeFile()
 3 SYSTEMPATH/Autoloader/Autoloader.php(267): CodeIgniter\Autoloader\Autoloader->loadInNamespace()
 4 APPPATH/Controllers/Favourites.php(14): CodeIgniter\Autoloader\Autoloader->loadClass()
 5 SYSTEMPATH/CodeIgniter.php(934): App\Controllers\Favourites->toggle()
 6 SYSTEMPATH/CodeIgniter.php(499): CodeIgniter\CodeIgniter->runController()
 7 SYSTEMPATH/CodeIgniter.php(368): CodeIgniter\CodeIgniter->handleRequest()
 8 FCPATH/index.php(67): CodeIgniter\CodeIgniter->run()
CRITICAL - 2023-04-07 04:04:34 --> Class "App\Models\Model" not found
in APPPATH/Models/Favourite_model.php on line 5.
 1 SYSTEMPATH/Autoloader/Autoloader.php(312): include_once()
 2 SYSTEMPATH/Autoloader/Autoloader.php(289): CodeIgniter\Autoloader\Autoloader->includeFile()
 3 SYSTEMPATH/Autoloader/Autoloader.php(267): CodeIgniter\Autoloader\Autoloader->loadInNamespace()
 4 APPPATH/Controllers/Favourites.php(14): CodeIgniter\Autoloader\Autoloader->loadClass()
 5 SYSTEMPATH/CodeIgniter.php(934): App\Controllers\Favourites->toggle()
 6 SYSTEMPATH/CodeIgniter.php(499): CodeIgniter\CodeIgniter->runController()
 7 SYSTEMPATH/CodeIgniter.php(368): CodeIgniter\CodeIgniter->handleRequest()
 8 FCPATH/index.php(67): CodeIgniter\CodeIgniter->run()
CRITICAL - 2023-04-07 04:04:40 --> Class "App\Models\Model" not found
in APPPATH/Models/Favourite_model.php on line 5.
 1 SYSTEMPATH/Autoloader/Autoloader.php(312): include_once()
 2 SYSTEMPATH/Autoloader/Autoloader.php(289): CodeIgniter\Autoloader\Autoloader->includeFile()
 3 SYSTEMPATH/Autoloader/Autoloader.php(267): CodeIgniter\Autoloader\Autoloader->loadInNamespace()
 4 APPPATH/Controllers/Favourites.php(14): CodeIgniter\Autoloader\Autoloader->loadClass()
 5 SYSTEMPATH/CodeIgniter.php(934): App\Controllers\Favourites->toggle()
 6 SYSTEMPATH/CodeIgniter.php(499): CodeIgniter\CodeIgniter->runController()
 7 SYSTEMPATH/CodeIgniter.php(368): CodeIgniter\CodeIgniter->handleRequest()
 8 FCPATH/index.php(67): CodeIgniter\CodeIgniter->run()
CRITICAL - 2023-04-07 04:06:53 --> Class "App\Models\Model" not found
in APPPATH/Models/Favourite_model.php on line 5.
 1 SYSTEMPATH/Autoloader/Autoloader.php(312): include_once()
 2 SYSTEMPATH/Autoloader/Autoloader.php(289): CodeIgniter\Autoloader\Autoloader->includeFile()
 3 SYSTEMPATH/Autoloader/Autoloader.php(267): CodeIgniter\Autoloader\Autoloader->loadInNamespace()
 4 APPPATH/Controllers/Favourites.php(14): CodeIgniter\Autoloader\Autoloader->loadClass()
 5 SYSTEMPATH/CodeIgniter.php(934): App\Controllers\Favourites->toggle()
 6 SYSTEMPATH/CodeIgniter.php(499): CodeIgniter\CodeIgniter->runController()
 7 SYSTEMPATH/CodeIgniter.php(368): CodeIgniter\CodeIgniter->handleRequest()
 8 FCPATH/index.php(67): CodeIgniter\CodeIgniter->run()
CRITICAL - 2023-04-07 04:12:11 --> Class "App\Models\Model" not found
in APPPATH/Models/Favourite_model.php on line 5.
 1 SYSTEMPATH/Autoloader/Autoloader.php(312): include_once()
 2 SYSTEMPATH/Autoloader/Autoloader.php(289): CodeIgniter\Autoloader\Autoloader->includeFile()
 3 SYSTEMPATH/Autoloader/Autoloader.php(267): CodeIgniter\Autoloader\Autoloader->loadInNamespace()
 4 APPPATH/Controllers/Favourites.php(14): CodeIgniter\Autoloader\Autoloader->loadClass()
 5 SYSTEMPATH/CodeIgniter.php(934): App\Controllers\Favourites->toggle()
 6 SYSTEMPATH/CodeIgniter.php(499): CodeIgniter\CodeIgniter->runController()
 7 SYSTEMPATH/CodeIgniter.php(368): CodeIgniter\CodeIgniter->handleRequest()
 8 FCPATH/index.php(67): CodeIgniter\CodeIgniter->run()
CRITICAL - 2023-04-07 04:12:11 --> Class "App\Models\Model" not found
in APPPATH/Models/Favourite_model.php on line 5.
 1 SYSTEMPATH/Autoloader/Autoloader.php(312): include_once()
 2 SYSTEMPATH/Autoloader/Autoloader.php(289): CodeIgniter\Autoloader\Autoloader->includeFile()
 3 SYSTEMPATH/Autoloader/Autoloader.php(267): CodeIgniter\Autoloader\Autoloader->loadInNamespace()
 4 APPPATH/Controllers/Favourites.php(14): CodeIgniter\Autoloader\Autoloader->loadClass()
 5 SYSTEMPATH/CodeIgniter.php(934): App\Controllers\Favourites->toggle()
 6 SYSTEMPATH/CodeIgniter.php(499): CodeIgniter\CodeIgniter->runController()
 7 SYSTEMPATH/CodeIgniter.php(368): CodeIgniter\CodeIgniter->handleRequest()
 8 FCPATH/index.php(67): CodeIgniter\CodeIgniter->run()
CRITICAL - 2023-04-07 04:12:12 --> Class "App\Models\Model" not found
in APPPATH/Models/Favourite_model.php on line 5.
 1 SYSTEMPATH/Autoloader/Autoloader.php(312): include_once()
 2 SYSTEMPATH/Autoloader/Autoloader.php(289): CodeIgniter\Autoloader\Autoloader->includeFile()
 3 SYSTEMPATH/Autoloader/Autoloader.php(267): CodeIgniter\Autoloader\Autoloader->loadInNamespace()
 4 APPPATH/Controllers/Favourites.php(14): CodeIgniter\Autoloader\Autoloader->loadClass()
 5 SYSTEMPATH/CodeIgniter.php(934): App\Controllers\Favourites->toggle()
 6 SYSTEMPATH/CodeIgniter.php(499): CodeIgniter\CodeIgniter->runController()
 7 SYSTEMPATH/CodeIgniter.php(368): CodeIgniter\CodeIgniter->handleRequest()
 8 FCPATH/index.php(67): CodeIgniter\CodeIgniter->run()
CRITICAL - 2023-04-07 04:12:36 --> Class "App\Models\Model" not found
in APPPATH/Models/Favourite_model.php on line 5.
 1 SYSTEMPATH/Autoloader/Autoloader.php(312): include_once()
 2 SYSTEMPATH/Autoloader/Autoloader.php(289): CodeIgniter\Autoloader\Autoloader->includeFile()
 3 SYSTEMPATH/Autoloader/Autoloader.php(267): CodeIgniter\Autoloader\Autoloader->loadInNamespace()
 4 APPPATH/Controllers/Favourites.php(14): CodeIgniter\Autoloader\Autoloader->loadClass()
 5 SYSTEMPATH/CodeIgniter.php(934): App\Controllers\Favourites->toggle()
 6 SYSTEMPATH/CodeIgniter.php(499): CodeIgniter\CodeIgniter->runController()
 7 SYSTEMPATH/CodeIgniter.php(368): CodeIgniter\CodeIgniter->handleRequest()
 8 FCPATH/index.php(67): CodeIgniter\CodeIgniter->run()
CRITICAL - 2023-04-07 04:12:37 --> Class "App\Models\Model" not found
in APPPATH/Models/Favourite_model.php on line 5.
 1 SYSTEMPATH/Autoloader/Autoloader.php(312): include_once()
 2 SYSTEMPATH/Autoloader/Autoloader.php(289): CodeIgniter\Autoloader\Autoloader->includeFile()
 3 SYSTEMPATH/Autoloader/Autoloader.php(267): CodeIgniter\Autoloader\Autoloader->loadInNamespace()
 4 APPPATH/Controllers/Favourites.php(14): CodeIgniter\Autoloader\Autoloader->loadClass()
 5 SYSTEMPATH/CodeIgniter.php(934): App\Controllers\Favourites->toggle()
 6 SYSTEMPATH/CodeIgniter.php(499): CodeIgniter\CodeIgniter->runController()
 7 SYSTEMPATH/CodeIgniter.php(368): CodeIgniter\CodeIgniter->handleRequest()
 8 FCPATH/index.php(67): CodeIgniter\CodeIgniter->run()
CRITICAL - 2023-04-07 04:14:39 --> Class "App\Models\Model" not found
in APPPATH/Models/Favourite_model.php on line 5.
 1 SYSTEMPATH/Autoloader/Autoloader.php(312): include_once()
 2 SYSTEMPATH/Autoloader/Autoloader.php(289): CodeIgniter\Autoloader\Autoloader->includeFile()
 3 SYSTEMPATH/Autoloader/Autoloader.php(267): CodeIgniter\Autoloader\Autoloader->loadInNamespace()
 4 APPPATH/Controllers/Favourites.php(14): CodeIgniter\Autoloader\Autoloader->loadClass()
 5 SYSTEMPATH/CodeIgniter.php(934): App\Controllers\Favourites->toggle()
 6 SYSTEMPATH/CodeIgniter.php(499): CodeIgniter\CodeIgniter->runController()
 7 SYSTEMPATH/CodeIgniter.php(368): CodeIgniter\CodeIgniter->handleRequest()
 8 FCPATH/index.php(67): CodeIgniter\CodeIgniter->run()
CRITICAL - 2023-04-07 04:14:40 --> Class "App\Models\Model" not found
in APPPATH/Models/Favourite_model.php on line 5.
 1 SYSTEMPATH/Autoloader/Autoloader.php(312): include_once()
 2 SYSTEMPATH/Autoloader/Autoloader.php(289): CodeIgniter\Autoloader\Autoloader->includeFile()
 3 SYSTEMPATH/Autoloader/Autoloader.php(267): CodeIgniter\Autoloader\Autoloader->loadInNamespace()
 4 APPPATH/Controllers/Favourites.php(14): CodeIgniter\Autoloader\Autoloader->loadClass()
 5 SYSTEMPATH/CodeIgniter.php(934): App\Controllers\Favourites->toggle()
 6 SYSTEMPATH/CodeIgniter.php(499): CodeIgniter\CodeIgniter->runController()
 7 SYSTEMPATH/CodeIgniter.php(368): CodeIgniter\CodeIgniter->handleRequest()
 8 FCPATH/index.php(67): CodeIgniter\CodeIgniter->run()
CRITICAL - 2023-04-07 04:14:41 --> Class "App\Models\Model" not found
in APPPATH/Models/Favourite_model.php on line 5.
 1 SYSTEMPATH/Autoloader/Autoloader.php(312): include_once()
 2 SYSTEMPATH/Autoloader/Autoloader.php(289): CodeIgniter\Autoloader\Autoloader->includeFile()
 3 SYSTEMPATH/Autoloader/Autoloader.php(267): CodeIgniter\Autoloader\Autoloader->loadInNamespace()
 4 APPPATH/Controllers/Favourites.php(14): CodeIgniter\Autoloader\Autoloader->loadClass()
 5 SYSTEMPATH/CodeIgniter.php(934): App\Controllers\Favourites->toggle()
 6 SYSTEMPATH/CodeIgniter.php(499): CodeIgniter\CodeIgniter->runController()
 7 SYSTEMPATH/CodeIgniter.php(368): CodeIgniter\CodeIgniter->handleRequest()
 8 FCPATH/index.php(67): CodeIgniter\CodeIgniter->run()
CRITICAL - 2023-04-07 04:21:32 --> Class "App\Models\Model" not found
in APPPATH/Models/Favourite_model.php on line 5.
 1 SYSTEMPATH/Autoloader/Autoloader.php(312): include_once()
 2 SYSTEMPATH/Autoloader/Autoloader.php(289): CodeIgniter\Autoloader\Autoloader->includeFile()
 3 SYSTEMPATH/Autoloader/Autoloader.php(267): CodeIgniter\Autoloader\Autoloader->loadInNamespace()
 4 APPPATH/Controllers/Favourites.php(14): CodeIgniter\Autoloader\Autoloader->loadClass()
 5 SYSTEMPATH/CodeIgniter.php(934): App\Controllers\Favourites->toggle()
 6 SYSTEMPATH/CodeIgniter.php(499): CodeIgniter\CodeIgniter->runController()
 7 SYSTEMPATH/CodeIgniter.php(368): CodeIgniter\CodeIgniter->handleRequest()
 8 FCPATH/index.php(67): CodeIgniter\CodeIgniter->run()
CRITICAL - 2023-04-07 04:21:35 --> Class "App\Models\Model" not found
in APPPATH/Models/Favourite_model.php on line 5.
 1 SYSTEMPATH/Autoloader/Autoloader.php(312): include_once()
 2 SYSTEMPATH/Autoloader/Autoloader.php(289): CodeIgniter\Autoloader\Autoloader->includeFile()
 3 SYSTEMPATH/Autoloader/Autoloader.php(267): CodeIgniter\Autoloader\Autoloader->loadInNamespace()
 4 APPPATH/Controllers/Favourites.php(14): CodeIgniter\Autoloader\Autoloader->loadClass()
 5 SYSTEMPATH/CodeIgniter.php(934): App\Controllers\Favourites->toggle()
 6 SYSTEMPATH/CodeIgniter.php(499): CodeIgniter\CodeIgniter->runController()
 7 SYSTEMPATH/CodeIgniter.php(368): CodeIgniter\CodeIgniter->handleRequest()
 8 FCPATH/index.php(67): CodeIgniter\CodeIgniter->run()
CRITICAL - 2023-04-07 04:21:36 --> Class "App\Models\Model" not found
in APPPATH/Models/Favourite_model.php on line 5.
 1 SYSTEMPATH/Autoloader/Autoloader.php(312): include_once()
 2 SYSTEMPATH/Autoloader/Autoloader.php(289): CodeIgniter\Autoloader\Autoloader->includeFile()
 3 SYSTEMPATH/Autoloader/Autoloader.php(267): CodeIgniter\Autoloader\Autoloader->loadInNamespace()
 4 APPPATH/Controllers/Favourites.php(14): CodeIgniter\Autoloader\Autoloader->loadClass()
 5 SYSTEMPATH/CodeIgniter.php(934): App\Controllers\Favourites->toggle()
 6 SYSTEMPATH/CodeIgniter.php(499): CodeIgniter\CodeIgniter->runController()
 7 SYSTEMPATH/CodeIgniter.php(368): CodeIgniter\CodeIgniter->handleRequest()
 8 FCPATH/index.php(67): CodeIgniter\CodeIgniter->run()
CRITICAL - 2023-04-07 04:22:00 --> Class "App\Models\Model" not found
in APPPATH/Models/Favourite_model.php on line 5.
 1 SYSTEMPATH/Autoloader/Autoloader.php(312): include_once()
 2 SYSTEMPATH/Autoloader/Autoloader.php(289): CodeIgniter\Autoloader\Autoloader->includeFile()
 3 SYSTEMPATH/Autoloader/Autoloader.php(267): CodeIgniter\Autoloader\Autoloader->loadInNamespace()
 4 APPPATH/Controllers/Favourites.php(14): CodeIgniter\Autoloader\Autoloader->loadClass()
 5 SYSTEMPATH/CodeIgniter.php(934): App\Controllers\Favourites->toggle()
 6 SYSTEMPATH/CodeIgniter.php(499): CodeIgniter\CodeIgniter->runController()
 7 SYSTEMPATH/CodeIgniter.php(368): CodeIgniter\CodeIgniter->handleRequest()
 8 FCPATH/index.php(67): CodeIgniter\CodeIgniter->run()
CRITICAL - 2023-04-07 04:25:59 --> Call to undefined method CodeIgniter\Database\MySQLi\Builder::first()
in APPPATH/Models/Favourite_model.php on line 28.
 1 APPPATH/Controllers/Favourites.php(17): App\Models\Favourite_model->removeFavourite()
 2 SYSTEMPATH/CodeIgniter.php(934): App\Controllers\Favourites->toggle()
 3 SYSTEMPATH/CodeIgniter.php(499): CodeIgniter\CodeIgniter->runController()
 4 SYSTEMPATH/CodeIgniter.php(368): CodeIgniter\CodeIgniter->handleRequest()
 5 FCPATH/index.php(67): CodeIgniter\CodeIgniter->run()
CRITICAL - 2023-04-07 04:26:01 --> Call to undefined method CodeIgniter\Database\MySQLi\Builder::first()
in APPPATH/Models/Favourite_model.php on line 28.
 1 APPPATH/Controllers/Favourites.php(17): App\Models\Favourite_model->removeFavourite()
 2 SYSTEMPATH/CodeIgniter.php(934): App\Controllers\Favourites->toggle()
 3 SYSTEMPATH/CodeIgniter.php(499): CodeIgniter\CodeIgniter->runController()
 4 SYSTEMPATH/CodeIgniter.php(368): CodeIgniter\CodeIgniter->handleRequest()
 5 FCPATH/index.php(67): CodeIgniter\CodeIgniter->run()
CRITICAL - 2023-04-07 04:26:09 --> Call to undefined method CodeIgniter\Database\MySQLi\Builder::first()
in APPPATH/Models/Favourite_model.php on line 28.
 1 APPPATH/Controllers/Favourites.php(17): App\Models\Favourite_model->removeFavourite()
 2 SYSTEMPATH/CodeIgniter.php(934): App\Controllers\Favourites->toggle()
 3 SYSTEMPATH/CodeIgniter.php(499): CodeIgniter\CodeIgniter->runController()
 4 SYSTEMPATH/CodeIgniter.php(368): CodeIgniter\CodeIgniter->handleRequest()
 5 FCPATH/index.php(67): CodeIgniter\CodeIgniter->run()
CRITICAL - 2023-04-07 04:26:09 --> Call to undefined method CodeIgniter\Database\MySQLi\Builder::first()
in APPPATH/Models/Favourite_model.php on line 28.
 1 APPPATH/Controllers/Favourites.php(17): App\Models\Favourite_model->removeFavourite()
 2 SYSTEMPATH/CodeIgniter.php(934): App\Controllers\Favourites->toggle()
 3 SYSTEMPATH/CodeIgniter.php(499): CodeIgniter\CodeIgniter->runController()
 4 SYSTEMPATH/CodeIgniter.php(368): CodeIgniter\CodeIgniter->handleRequest()
 5 FCPATH/index.php(67): CodeIgniter\CodeIgniter->run()
CRITICAL - 2023-04-07 04:26:14 --> Call to undefined method CodeIgniter\Database\MySQLi\Builder::first()
in APPPATH/Models/Favourite_model.php on line 28.
 1 APPPATH/Controllers/Favourites.php(17): App\Models\Favourite_model->removeFavourite()
 2 SYSTEMPATH/CodeIgniter.php(934): App\Controllers\Favourites->toggle()
 3 SYSTEMPATH/CodeIgniter.php(499): CodeIgniter\CodeIgniter->runController()
 4 SYSTEMPATH/CodeIgniter.php(368): CodeIgniter\CodeIgniter->handleRequest()
 5 FCPATH/index.php(67): CodeIgniter\CodeIgniter->run()
CRITICAL - 2023-04-07 04:26:16 --> Call to undefined method CodeIgniter\Database\MySQLi\Builder::first()
in APPPATH/Models/Favourite_model.php on line 28.
 1 APPPATH/Controllers/Favourites.php(17): App\Models\Favourite_model->removeFavourite()
 2 SYSTEMPATH/CodeIgniter.php(934): App\Controllers\Favourites->toggle()
 3 SYSTEMPATH/CodeIgniter.php(499): CodeIgniter\CodeIgniter->runController()
 4 SYSTEMPATH/CodeIgniter.php(368): CodeIgniter\CodeIgniter->handleRequest()
 5 FCPATH/index.php(67): CodeIgniter\CodeIgniter->run()
CRITICAL - 2023-04-07 04:26:17 --> Call to undefined method CodeIgniter\Database\MySQLi\Builder::first()
in APPPATH/Models/Favourite_model.php on line 28.
 1 APPPATH/Controllers/Favourites.php(17): App\Models\Favourite_model->removeFavourite()
 2 SYSTEMPATH/CodeIgniter.php(934): App\Controllers\Favourites->toggle()
 3 SYSTEMPATH/CodeIgniter.php(499): CodeIgniter\CodeIgniter->runController()
 4 SYSTEMPATH/CodeIgniter.php(368): CodeIgniter\CodeIgniter->handleRequest()
 5 FCPATH/index.php(67): CodeIgniter\CodeIgniter->run()
CRITICAL - 2023-04-07 04:29:51 --> Deletes are not allowed unless they contain a "where" or "like" clause.
in SYSTEMPATH/Database/BaseBuilder.php on line 2767.
 1 APPPATH/Models/Favourite_model.php(30): CodeIgniter\Database\BaseBuilder->delete()
 2 APPPATH/Controllers/Favourites.php(17): App\Models\Favourite_model->removeFavourite()
 3 SYSTEMPATH/CodeIgniter.php(934): App\Controllers\Favourites->toggle()
 4 SYSTEMPATH/CodeIgniter.php(499): CodeIgniter\CodeIgniter->runController()
 5 SYSTEMPATH/CodeIgniter.php(368): CodeIgniter\CodeIgniter->handleRequest()
 6 FCPATH/index.php(67): CodeIgniter\CodeIgniter->run()
CRITICAL - 2023-04-07 04:29:52 --> Deletes are not allowed unless they contain a "where" or "like" clause.
in SYSTEMPATH/Database/BaseBuilder.php on line 2767.
 1 APPPATH/Models/Favourite_model.php(30): CodeIgniter\Database\BaseBuilder->delete()
 2 APPPATH/Controllers/Favourites.php(17): App\Models\Favourite_model->removeFavourite()
 3 SYSTEMPATH/CodeIgniter.php(934): App\Controllers\Favourites->toggle()
 4 SYSTEMPATH/CodeIgniter.php(499): CodeIgniter\CodeIgniter->runController()
 5 SYSTEMPATH/CodeIgniter.php(368): CodeIgniter\CodeIgniter->handleRequest()
 6 FCPATH/index.php(67): CodeIgniter\CodeIgniter->run()
CRITICAL - 2023-04-07 04:29:54 --> Deletes are not allowed unless they contain a "where" or "like" clause.
in SYSTEMPATH/Database/BaseBuilder.php on line 2767.
 1 APPPATH/Models/Favourite_model.php(30): CodeIgniter\Database\BaseBuilder->delete()
 2 APPPATH/Controllers/Favourites.php(17): App\Models\Favourite_model->removeFavourite()
 3 SYSTEMPATH/CodeIgniter.php(934): App\Controllers\Favourites->toggle()
 4 SYSTEMPATH/CodeIgniter.php(499): CodeIgniter\CodeIgniter->runController()
 5 SYSTEMPATH/CodeIgniter.php(368): CodeIgniter\CodeIgniter->handleRequest()
 6 FCPATH/index.php(67): CodeIgniter\CodeIgniter->run()
CRITICAL - 2023-04-07 04:37:01 --> Call to undefined method CodeIgniter\Database\MySQLi\Builder::first()
in APPPATH/Models/Favourite_model.php on line 28.
 1 APPPATH/Controllers/Favourites.php(18): App\Models\Favourite_model->removeFavourite()
 2 SYSTEMPATH/CodeIgniter.php(934): App\Controllers\Favourites->toggle()
 3 SYSTEMPATH/CodeIgniter.php(499): CodeIgniter\CodeIgniter->runController()
 4 SYSTEMPATH/CodeIgniter.php(368): CodeIgniter\CodeIgniter->handleRequest()
 5 FCPATH/index.php(67): CodeIgniter\CodeIgniter->run()
CRITICAL - 2023-04-07 04:37:02 --> Call to undefined method CodeIgniter\Database\MySQLi\Builder::first()
in APPPATH/Models/Favourite_model.php on line 28.
 1 APPPATH/Controllers/Favourites.php(18): App\Models\Favourite_model->removeFavourite()
 2 SYSTEMPATH/CodeIgniter.php(934): App\Controllers\Favourites->toggle()
 3 SYSTEMPATH/CodeIgniter.php(499): CodeIgniter\CodeIgniter->runController()
 4 SYSTEMPATH/CodeIgniter.php(368): CodeIgniter\CodeIgniter->handleRequest()
 5 FCPATH/index.php(67): CodeIgniter\CodeIgniter->run()
CRITICAL - 2023-04-07 04:37:03 --> Call to undefined method CodeIgniter\Database\MySQLi\Builder::first()
in APPPATH/Models/Favourite_model.php on line 28.
 1 APPPATH/Controllers/Favourites.php(18): App\Models\Favourite_model->removeFavourite()
 2 SYSTEMPATH/CodeIgniter.php(934): App\Controllers\Favourites->toggle()
 3 SYSTEMPATH/CodeIgniter.php(499): CodeIgniter\CodeIgniter->runController()
 4 SYSTEMPATH/CodeIgniter.php(368): CodeIgniter\CodeIgniter->handleRequest()
 5 FCPATH/index.php(67): CodeIgniter\CodeIgniter->run()
CRITICAL - 2023-04-07 04:37:22 --> Call to undefined method CodeIgniter\Database\MySQLi\Builder::first()
in APPPATH/Models/Favourite_model.php on line 28.
 1 APPPATH/Controllers/Favourites.php(18): App\Models\Favourite_model->removeFavourite()
 2 SYSTEMPATH/CodeIgniter.php(934): App\Controllers\Favourites->toggle()
 3 SYSTEMPATH/CodeIgniter.php(499): CodeIgniter\CodeIgniter->runController()
 4 SYSTEMPATH/CodeIgniter.php(368): CodeIgniter\CodeIgniter->handleRequest()
 5 FCPATH/index.php(67): CodeIgniter\CodeIgniter->run()
CRITICAL - 2023-04-07 04:37:23 --> Call to undefined method CodeIgniter\Database\MySQLi\Builder::first()
in APPPATH/Models/Favourite_model.php on line 28.
 1 APPPATH/Controllers/Favourites.php(18): App\Models\Favourite_model->removeFavourite()
 2 SYSTEMPATH/CodeIgniter.php(934): App\Controllers\Favourites->toggle()
 3 SYSTEMPATH/CodeIgniter.php(499): CodeIgniter\CodeIgniter->runController()
 4 SYSTEMPATH/CodeIgniter.php(368): CodeIgniter\CodeIgniter->handleRequest()
 5 FCPATH/index.php(67): CodeIgniter\CodeIgniter->run()
CRITICAL - 2023-04-07 04:37:24 --> Call to undefined method CodeIgniter\Database\MySQLi\Builder::first()
in APPPATH/Models/Favourite_model.php on line 28.
 1 APPPATH/Controllers/Favourites.php(18): App\Models\Favourite_model->removeFavourite()
 2 SYSTEMPATH/CodeIgniter.php(934): App\Controllers\Favourites->toggle()
 3 SYSTEMPATH/CodeIgniter.php(499): CodeIgniter\CodeIgniter->runController()
 4 SYSTEMPATH/CodeIgniter.php(368): CodeIgniter\CodeIgniter->handleRequest()
 5 FCPATH/index.php(67): CodeIgniter\CodeIgniter->run()
CRITICAL - 2023-04-07 04:37:28 --> Call to undefined method CodeIgniter\Database\MySQLi\Builder::first()
in APPPATH/Models/Favourite_model.php on line 28.
 1 APPPATH/Controllers/Favourites.php(18): App\Models\Favourite_model->removeFavourite()
 2 SYSTEMPATH/CodeIgniter.php(934): App\Controllers\Favourites->toggle()
 3 SYSTEMPATH/CodeIgniter.php(499): CodeIgniter\CodeIgniter->runController()
 4 SYSTEMPATH/CodeIgniter.php(368): CodeIgniter\CodeIgniter->handleRequest()
 5 FCPATH/index.php(67): CodeIgniter\CodeIgniter->run()
CRITICAL - 2023-04-07 04:37:29 --> Call to undefined method CodeIgniter\Database\MySQLi\Builder::first()
in APPPATH/Models/Favourite_model.php on line 28.
 1 APPPATH/Controllers/Favourites.php(18): App\Models\Favourite_model->removeFavourite()
 2 SYSTEMPATH/CodeIgniter.php(934): App\Controllers\Favourites->toggle()
 3 SYSTEMPATH/CodeIgniter.php(499): CodeIgniter\CodeIgniter->runController()
 4 SYSTEMPATH/CodeIgniter.php(368): CodeIgniter\CodeIgniter->handleRequest()
 5 FCPATH/index.php(67): CodeIgniter\CodeIgniter->run()
CRITICAL - 2023-04-07 04:38:36 --> Call to undefined method CodeIgniter\Database\MySQLi\Builder::first()
in APPPATH/Models/Favourite_model.php on line 28.
 1 APPPATH/Controllers/Favourites.php(18): App\Models\Favourite_model->removeFavourite()
 2 SYSTEMPATH/CodeIgniter.php(934): App\Controllers\Favourites->toggle()
 3 SYSTEMPATH/CodeIgniter.php(499): CodeIgniter\CodeIgniter->runController()
 4 SYSTEMPATH/CodeIgniter.php(368): CodeIgniter\CodeIgniter->handleRequest()
 5 FCPATH/index.php(67): CodeIgniter\CodeIgniter->run()
CRITICAL - 2023-04-07 04:38:37 --> Call to undefined method CodeIgniter\Database\MySQLi\Builder::first()
in APPPATH/Models/Favourite_model.php on line 28.
 1 APPPATH/Controllers/Favourites.php(18): App\Models\Favourite_model->removeFavourite()
 2 SYSTEMPATH/CodeIgniter.php(934): App\Controllers\Favourites->toggle()
 3 SYSTEMPATH/CodeIgniter.php(499): CodeIgniter\CodeIgniter->runController()
 4 SYSTEMPATH/CodeIgniter.php(368): CodeIgniter\CodeIgniter->handleRequest()
 5 FCPATH/index.php(67): CodeIgniter\CodeIgniter->run()
CRITICAL - 2023-04-07 04:38:45 --> Call to undefined method CodeIgniter\Database\MySQLi\Builder::first()
in APPPATH/Models/Favourite_model.php on line 28.
 1 APPPATH/Controllers/Favourites.php(18): App\Models\Favourite_model->removeFavourite()
 2 SYSTEMPATH/CodeIgniter.php(934): App\Controllers\Favourites->toggle()
 3 SYSTEMPATH/CodeIgniter.php(499): CodeIgniter\CodeIgniter->runController()
 4 SYSTEMPATH/CodeIgniter.php(368): CodeIgniter\CodeIgniter->handleRequest()
 5 FCPATH/index.php(67): CodeIgniter\CodeIgniter->run()
CRITICAL - 2023-04-07 04:38:45 --> Call to undefined method CodeIgniter\Database\MySQLi\Builder::first()
in APPPATH/Models/Favourite_model.php on line 28.
 1 APPPATH/Controllers/Favourites.php(18): App\Models\Favourite_model->removeFavourite()
 2 SYSTEMPATH/CodeIgniter.php(934): App\Controllers\Favourites->toggle()
 3 SYSTEMPATH/CodeIgniter.php(499): CodeIgniter\CodeIgniter->runController()
 4 SYSTEMPATH/CodeIgniter.php(368): CodeIgniter\CodeIgniter->handleRequest()
 5 FCPATH/index.php(67): CodeIgniter\CodeIgniter->run()
ERROR - 2023-04-07 07:12:08 --> mysqli_sql_exception: You have an error in your SQL syntax; check the manual that corresponds to your MySQL server version for the right syntax to use near 'THEN 1 ELSE 0 END) as is_favourited
FROM `posts`
JOIN `users` ON `users`.`user_i' at line 1 in /var/www/htdocs/demo/system/Database/MySQLi/Connection.php:295
Stack trace:
#0 /var/www/htdocs/demo/system/Database/MySQLi/Connection.php(295): mysqli->query()
#1 /var/www/htdocs/demo/system/Database/BaseConnection.php(691): CodeIgniter\Database\MySQLi\Connection->execute()
#2 /var/www/htdocs/demo/system/Database/BaseConnection.php(605): CodeIgniter\Database\BaseConnection->simpleQuery()
#3 /var/www/htdocs/demo/system/Database/BaseBuilder.php(1616): CodeIgniter\Database\BaseConnection->query()
#4 /var/www/htdocs/demo/app/Models/Post_model.php(56): CodeIgniter\Database\BaseBuilder->get()
#5 /var/www/htdocs/demo/app/Controllers/Home.php(80): App\Models\Post_model->get_post_by_id()
#6 /var/www/htdocs/demo/system/CodeIgniter.php(934): App\Controllers\Home->post_details()
#7 /var/www/htdocs/demo/system/CodeIgniter.php(499): CodeIgniter\CodeIgniter->runController()
#8 /var/www/htdocs/demo/system/CodeIgniter.php(368): CodeIgniter\CodeIgniter->handleRequest()
#9 /var/www/htdocs/demo/public/index.php(67): CodeIgniter\CodeIgniter->run()
#10 {main}
CRITICAL - 2023-04-07 07:12:08 --> You have an error in your SQL syntax; check the manual that corresponds to your MySQL server version for the right syntax to use near 'THEN 1 ELSE 0 END) as is_favourited
FROM `posts`
JOIN `users` ON `users`.`user_i' at line 1
in SYSTEMPATH/Database/BaseConnection.php on line 645.
 1 SYSTEMPATH/Database/BaseBuilder.php(1616): CodeIgniter\Database\BaseConnection->query()
 2 APPPATH/Models/Post_model.php(56): CodeIgniter\Database\BaseBuilder->get()
 3 APPPATH/Controllers/Home.php(80): App\Models\Post_model->get_post_by_id()
 4 SYSTEMPATH/CodeIgniter.php(934): App\Controllers\Home->post_details()
 5 SYSTEMPATH/CodeIgniter.php(499): CodeIgniter\CodeIgniter->runController()
 6 SYSTEMPATH/CodeIgniter.php(368): CodeIgniter\CodeIgniter->handleRequest()
 7 FCPATH/index.php(67): CodeIgniter\CodeIgniter->run()
ERROR - 2023-04-07 07:12:55 --> mysqli_sql_exception: You have an error in your SQL syntax; check the manual that corresponds to your MySQL server version for the right syntax to use near 'THEN 1 ELSE 0 END) as is_favourited
FROM `posts`
JOIN `users` ON `users`.`user_i' at line 1 in /var/www/htdocs/demo/system/Database/MySQLi/Connection.php:295
Stack trace:
#0 /var/www/htdocs/demo/system/Database/MySQLi/Connection.php(295): mysqli->query()
#1 /var/www/htdocs/demo/system/Database/BaseConnection.php(691): CodeIgniter\Database\MySQLi\Connection->execute()
#2 /var/www/htdocs/demo/system/Database/BaseConnection.php(605): CodeIgniter\Database\BaseConnection->simpleQuery()
#3 /var/www/htdocs/demo/system/Database/BaseBuilder.php(1616): CodeIgniter\Database\BaseConnection->query()
#4 /var/www/htdocs/demo/app/Models/Post_model.php(56): CodeIgniter\Database\BaseBuilder->get()
#5 /var/www/htdocs/demo/app/Controllers/Home.php(80): App\Models\Post_model->get_post_by_id()
#6 /var/www/htdocs/demo/system/CodeIgniter.php(934): App\Controllers\Home->post_details()
#7 /var/www/htdocs/demo/system/CodeIgniter.php(499): CodeIgniter\CodeIgniter->runController()
#8 /var/www/htdocs/demo/system/CodeIgniter.php(368): CodeIgniter\CodeIgniter->handleRequest()
#9 /var/www/htdocs/demo/public/index.php(67): CodeIgniter\CodeIgniter->run()
#10 {main}
CRITICAL - 2023-04-07 07:12:55 --> You have an error in your SQL syntax; check the manual that corresponds to your MySQL server version for the right syntax to use near 'THEN 1 ELSE 0 END) as is_favourited
FROM `posts`
JOIN `users` ON `users`.`user_i' at line 1
in SYSTEMPATH/Database/BaseConnection.php on line 645.
 1 SYSTEMPATH/Database/BaseBuilder.php(1616): CodeIgniter\Database\BaseConnection->query()
 2 APPPATH/Models/Post_model.php(56): CodeIgniter\Database\BaseBuilder->get()
 3 APPPATH/Controllers/Home.php(80): App\Models\Post_model->get_post_by_id()
 4 SYSTEMPATH/CodeIgniter.php(934): App\Controllers\Home->post_details()
 5 SYSTEMPATH/CodeIgniter.php(499): CodeIgniter\CodeIgniter->runController()
 6 SYSTEMPATH/CodeIgniter.php(368): CodeIgniter\CodeIgniter->handleRequest()
 7 FCPATH/index.php(67): CodeIgniter\CodeIgniter->run()
ERROR - 2023-04-07 07:14:56 --> mysqli_sql_exception: You have an error in your SQL syntax; check the manual that corresponds to your MySQL server version for the right syntax to use near ', 1, 0)) as is_favourited
FROM `posts`
JOIN `users` ON `users`.`user_id` = `post' at line 1 in /var/www/htdocs/demo/system/Database/MySQLi/Connection.php:295
Stack trace:
#0 /var/www/htdocs/demo/system/Database/MySQLi/Connection.php(295): mysqli->query()
#1 /var/www/htdocs/demo/system/Database/BaseConnection.php(691): CodeIgniter\Database\MySQLi\Connection->execute()
#2 /var/www/htdocs/demo/system/Database/BaseConnection.php(605): CodeIgniter\Database\BaseConnection->simpleQuery()
#3 /var/www/htdocs/demo/system/Database/BaseBuilder.php(1616): CodeIgniter\Database\BaseConnection->query()
#4 /var/www/htdocs/demo/app/Models/Post_model.php(70): CodeIgniter\Database\BaseBuilder->get()
#5 /var/www/htdocs/demo/app/Controllers/Home.php(80): App\Models\Post_model->get_post_by_id()
#6 /var/www/htdocs/demo/system/CodeIgniter.php(934): App\Controllers\Home->post_details()
#7 /var/www/htdocs/demo/system/CodeIgniter.php(499): CodeIgniter\CodeIgniter->runController()
#8 /var/www/htdocs/demo/system/CodeIgniter.php(368): CodeIgniter\CodeIgniter->handleRequest()
#9 /var/www/htdocs/demo/public/index.php(67): CodeIgniter\CodeIgniter->run()
#10 {main}
CRITICAL - 2023-04-07 07:14:56 --> You have an error in your SQL syntax; check the manual that corresponds to your MySQL server version for the right syntax to use near ', 1, 0)) as is_favourited
FROM `posts`
JOIN `users` ON `users`.`user_id` = `post' at line 1
in SYSTEMPATH/Database/BaseConnection.php on line 645.
 1 SYSTEMPATH/Database/BaseBuilder.php(1616): CodeIgniter\Database\BaseConnection->query()
 2 APPPATH/Models/Post_model.php(70): CodeIgniter\Database\BaseBuilder->get()
 3 APPPATH/Controllers/Home.php(80): App\Models\Post_model->get_post_by_id()
 4 SYSTEMPATH/CodeIgniter.php(934): App\Controllers\Home->post_details()
 5 SYSTEMPATH/CodeIgniter.php(499): CodeIgniter\CodeIgniter->runController()
 6 SYSTEMPATH/CodeIgniter.php(368): CodeIgniter\CodeIgniter->handleRequest()
 7 FCPATH/index.php(67): CodeIgniter\CodeIgniter->run()
ERROR - 2023-04-07 07:15:03 --> mysqli_sql_exception: You have an error in your SQL syntax; check the manual that corresponds to your MySQL server version for the right syntax to use near ', 1, 0)) as is_favourited
FROM `posts`
JOIN `users` ON `users`.`user_id` = `post' at line 1 in /var/www/htdocs/demo/system/Database/MySQLi/Connection.php:295
Stack trace:
#0 /var/www/htdocs/demo/system/Database/MySQLi/Connection.php(295): mysqli->query()
#1 /var/www/htdocs/demo/system/Database/BaseConnection.php(691): CodeIgniter\Database\MySQLi\Connection->execute()
#2 /var/www/htdocs/demo/system/Database/BaseConnection.php(605): CodeIgniter\Database\BaseConnection->simpleQuery()
#3 /var/www/htdocs/demo/system/Database/BaseBuilder.php(1616): CodeIgniter\Database\BaseConnection->query()
#4 /var/www/htdocs/demo/app/Models/Post_model.php(70): CodeIgniter\Database\BaseBuilder->get()
#5 /var/www/htdocs/demo/app/Controllers/Home.php(80): App\Models\Post_model->get_post_by_id()
#6 /var/www/htdocs/demo/system/CodeIgniter.php(934): App\Controllers\Home->post_details()
#7 /var/www/htdocs/demo/system/CodeIgniter.php(499): CodeIgniter\CodeIgniter->runController()
#8 /var/www/htdocs/demo/system/CodeIgniter.php(368): CodeIgniter\CodeIgniter->handleRequest()
#9 /var/www/htdocs/demo/public/index.php(67): CodeIgniter\CodeIgniter->run()
#10 {main}
CRITICAL - 2023-04-07 07:15:03 --> You have an error in your SQL syntax; check the manual that corresponds to your MySQL server version for the right syntax to use near ', 1, 0)) as is_favourited
FROM `posts`
JOIN `users` ON `users`.`user_id` = `post' at line 1
in SYSTEMPATH/Database/BaseConnection.php on line 645.
 1 SYSTEMPATH/Database/BaseBuilder.php(1616): CodeIgniter\Database\BaseConnection->query()
 2 APPPATH/Models/Post_model.php(70): CodeIgniter\Database\BaseBuilder->get()
 3 APPPATH/Controllers/Home.php(80): App\Models\Post_model->get_post_by_id()
 4 SYSTEMPATH/CodeIgniter.php(934): App\Controllers\Home->post_details()
 5 SYSTEMPATH/CodeIgniter.php(499): CodeIgniter\CodeIgniter->runController()
 6 SYSTEMPATH/CodeIgniter.php(368): CodeIgniter\CodeIgniter->handleRequest()
 7 FCPATH/index.php(67): CodeIgniter\CodeIgniter->run()
ERROR - 2023-04-07 07:15:54 --> mysqli_sql_exception: You have an error in your SQL syntax; check the manual that corresponds to your MySQL server version for the right syntax to use near ', 1, 0)) as is_favourited
FROM `posts`
JOIN `users` ON `users`.`user_id` = `post' at line 1 in /var/www/htdocs/demo/system/Database/MySQLi/Connection.php:295
Stack trace:
#0 /var/www/htdocs/demo/system/Database/MySQLi/Connection.php(295): mysqli->query()
#1 /var/www/htdocs/demo/system/Database/BaseConnection.php(691): CodeIgniter\Database\MySQLi\Connection->execute()
#2 /var/www/htdocs/demo/system/Database/BaseConnection.php(605): CodeIgniter\Database\BaseConnection->simpleQuery()
#3 /var/www/htdocs/demo/system/Database/BaseBuilder.php(1616): CodeIgniter\Database\BaseConnection->query()
#4 /var/www/htdocs/demo/app/Models/Post_model.php(70): CodeIgniter\Database\BaseBuilder->get()
#5 /var/www/htdocs/demo/app/Controllers/Home.php(80): App\Models\Post_model->get_post_by_id()
#6 /var/www/htdocs/demo/system/CodeIgniter.php(934): App\Controllers\Home->post_details()
#7 /var/www/htdocs/demo/system/CodeIgniter.php(499): CodeIgniter\CodeIgniter->runController()
#8 /var/www/htdocs/demo/system/CodeIgniter.php(368): CodeIgniter\CodeIgniter->handleRequest()
#9 /var/www/htdocs/demo/public/index.php(67): CodeIgniter\CodeIgniter->run()
#10 {main}
CRITICAL - 2023-04-07 07:15:54 --> You have an error in your SQL syntax; check the manual that corresponds to your MySQL server version for the right syntax to use near ', 1, 0)) as is_favourited
FROM `posts`
JOIN `users` ON `users`.`user_id` = `post' at line 1
in SYSTEMPATH/Database/BaseConnection.php on line 645.
 1 SYSTEMPATH/Database/BaseBuilder.php(1616): CodeIgniter\Database\BaseConnection->query()
 2 APPPATH/Models/Post_model.php(70): CodeIgniter\Database\BaseBuilder->get()
 3 APPPATH/Controllers/Home.php(80): App\Models\Post_model->get_post_by_id()
 4 SYSTEMPATH/CodeIgniter.php(934): App\Controllers\Home->post_details()
 5 SYSTEMPATH/CodeIgniter.php(499): CodeIgniter\CodeIgniter->runController()
 6 SYSTEMPATH/CodeIgniter.php(368): CodeIgniter\CodeIgniter->handleRequest()
 7 FCPATH/index.php(67): CodeIgniter\CodeIgniter->run()
CRITICAL - 2023-04-07 07:16:14 --> Call to undefined method CodeIgniter\Database\MySQLi\Builder::first()
in APPPATH/Models/Favourite_model.php on line 28.
 1 APPPATH/Controllers/Favourites.php(18): App\Models\Favourite_model->removeFavourite()
 2 SYSTEMPATH/CodeIgniter.php(934): App\Controllers\Favourites->toggle()
 3 SYSTEMPATH/CodeIgniter.php(499): CodeIgniter\CodeIgniter->runController()
 4 SYSTEMPATH/CodeIgniter.php(368): CodeIgniter\CodeIgniter->handleRequest()
 5 FCPATH/index.php(67): CodeIgniter\CodeIgniter->run()
CRITICAL - 2023-04-07 07:16:31 --> Call to undefined method CodeIgniter\Database\MySQLi\Builder::first()
in APPPATH/Models/Favourite_model.php on line 28.
 1 APPPATH/Controllers/Favourites.php(18): App\Models\Favourite_model->removeFavourite()
 2 SYSTEMPATH/CodeIgniter.php(934): App\Controllers\Favourites->toggle()
 3 SYSTEMPATH/CodeIgniter.php(499): CodeIgniter\CodeIgniter->runController()
 4 SYSTEMPATH/CodeIgniter.php(368): CodeIgniter\CodeIgniter->handleRequest()
 5 FCPATH/index.php(67): CodeIgniter\CodeIgniter->run()
CRITICAL - 2023-04-07 07:16:33 --> Call to undefined method CodeIgniter\Database\MySQLi\Builder::first()
in APPPATH/Models/Favourite_model.php on line 28.
 1 APPPATH/Controllers/Favourites.php(18): App\Models\Favourite_model->removeFavourite()
 2 SYSTEMPATH/CodeIgniter.php(934): App\Controllers\Favourites->toggle()
 3 SYSTEMPATH/CodeIgniter.php(499): CodeIgniter\CodeIgniter->runController()
 4 SYSTEMPATH/CodeIgniter.php(368): CodeIgniter\CodeIgniter->handleRequest()
 5 FCPATH/index.php(67): CodeIgniter\CodeIgniter->run()
CRITICAL - 2023-04-07 07:20:43 --> Call to undefined method CodeIgniter\Database\MySQLi\Builder::first()
in APPPATH/Models/Favourite_model.php on line 28.
 1 APPPATH/Controllers/Favourites.php(18): App\Models\Favourite_model->removeFavourite()
 2 SYSTEMPATH/CodeIgniter.php(934): App\Controllers\Favourites->toggle()
 3 SYSTEMPATH/CodeIgniter.php(499): CodeIgniter\CodeIgniter->runController()
 4 SYSTEMPATH/CodeIgniter.php(368): CodeIgniter\CodeIgniter->handleRequest()
 5 FCPATH/index.php(67): CodeIgniter\CodeIgniter->run()
CRITICAL - 2023-04-07 07:20:43 --> Call to undefined method CodeIgniter\Database\MySQLi\Builder::first()
in APPPATH/Models/Favourite_model.php on line 28.
 1 APPPATH/Controllers/Favourites.php(18): App\Models\Favourite_model->removeFavourite()
 2 SYSTEMPATH/CodeIgniter.php(934): App\Controllers\Favourites->toggle()
 3 SYSTEMPATH/CodeIgniter.php(499): CodeIgniter\CodeIgniter->runController()
 4 SYSTEMPATH/CodeIgniter.php(368): CodeIgniter\CodeIgniter->handleRequest()
 5 FCPATH/index.php(67): CodeIgniter\CodeIgniter->run()
CRITICAL - 2023-04-07 07:20:44 --> Call to undefined method CodeIgniter\Database\MySQLi\Builder::first()
in APPPATH/Models/Favourite_model.php on line 28.
 1 APPPATH/Controllers/Favourites.php(18): App\Models\Favourite_model->removeFavourite()
 2 SYSTEMPATH/CodeIgniter.php(934): App\Controllers\Favourites->toggle()
 3 SYSTEMPATH/CodeIgniter.php(499): CodeIgniter\CodeIgniter->runController()
 4 SYSTEMPATH/CodeIgniter.php(368): CodeIgniter\CodeIgniter->handleRequest()
 5 FCPATH/index.php(67): CodeIgniter\CodeIgniter->run()
CRITICAL - 2023-04-07 07:20:44 --> Call to undefined method CodeIgniter\Database\MySQLi\Builder::first()
in APPPATH/Models/Favourite_model.php on line 28.
 1 APPPATH/Controllers/Favourites.php(18): App\Models\Favourite_model->removeFavourite()
 2 SYSTEMPATH/CodeIgniter.php(934): App\Controllers\Favourites->toggle()
 3 SYSTEMPATH/CodeIgniter.php(499): CodeIgniter\CodeIgniter->runController()
 4 SYSTEMPATH/CodeIgniter.php(368): CodeIgniter\CodeIgniter->handleRequest()
 5 FCPATH/index.php(67): CodeIgniter\CodeIgniter->run()
CRITICAL - 2023-04-07 07:20:45 --> Call to undefined method CodeIgniter\Database\MySQLi\Builder::first()
in APPPATH/Models/Favourite_model.php on line 28.
 1 APPPATH/Controllers/Favourites.php(18): App\Models\Favourite_model->removeFavourite()
 2 SYSTEMPATH/CodeIgniter.php(934): App\Controllers\Favourites->toggle()
 3 SYSTEMPATH/CodeIgniter.php(499): CodeIgniter\CodeIgniter->runController()
 4 SYSTEMPATH/CodeIgniter.php(368): CodeIgniter\CodeIgniter->handleRequest()
 5 FCPATH/index.php(67): CodeIgniter\CodeIgniter->run()
CRITICAL - 2023-04-07 07:20:46 --> Call to undefined method CodeIgniter\Database\MySQLi\Builder::first()
in APPPATH/Models/Favourite_model.php on line 28.
 1 APPPATH/Controllers/Favourites.php(18): App\Models\Favourite_model->removeFavourite()
 2 SYSTEMPATH/CodeIgniter.php(934): App\Controllers\Favourites->toggle()
 3 SYSTEMPATH/CodeIgniter.php(499): CodeIgniter\CodeIgniter->runController()
 4 SYSTEMPATH/CodeIgniter.php(368): CodeIgniter\CodeIgniter->handleRequest()
 5 FCPATH/index.php(67): CodeIgniter\CodeIgniter->run()
CRITICAL - 2023-04-07 07:20:46 --> Call to undefined method CodeIgniter\Database\MySQLi\Builder::first()
in APPPATH/Models/Favourite_model.php on line 28.
 1 APPPATH/Controllers/Favourites.php(18): App\Models\Favourite_model->removeFavourite()
 2 SYSTEMPATH/CodeIgniter.php(934): App\Controllers\Favourites->toggle()
 3 SYSTEMPATH/CodeIgniter.php(499): CodeIgniter\CodeIgniter->runController()
 4 SYSTEMPATH/CodeIgniter.php(368): CodeIgniter\CodeIgniter->handleRequest()
 5 FCPATH/index.php(67): CodeIgniter\CodeIgniter->run()
CRITICAL - 2023-04-07 07:20:47 --> Call to undefined method CodeIgniter\Database\MySQLi\Builder::first()
in APPPATH/Models/Favourite_model.php on line 28.
 1 APPPATH/Controllers/Favourites.php(18): App\Models\Favourite_model->removeFavourite()
 2 SYSTEMPATH/CodeIgniter.php(934): App\Controllers\Favourites->toggle()
 3 SYSTEMPATH/CodeIgniter.php(499): CodeIgniter\CodeIgniter->runController()
 4 SYSTEMPATH/CodeIgniter.php(368): CodeIgniter\CodeIgniter->handleRequest()
 5 FCPATH/index.php(67): CodeIgniter\CodeIgniter->run()
CRITICAL - 2023-04-07 07:22:36 --> Call to undefined method CodeIgniter\Database\MySQLi\Builder::first()
in APPPATH/Models/Favourite_model.php on line 28.
 1 APPPATH/Controllers/Favourites.php(18): App\Models\Favourite_model->removeFavourite()
 2 SYSTEMPATH/CodeIgniter.php(934): App\Controllers\Favourites->toggle()
 3 SYSTEMPATH/CodeIgniter.php(499): CodeIgniter\CodeIgniter->runController()
 4 SYSTEMPATH/CodeIgniter.php(368): CodeIgniter\CodeIgniter->handleRequest()
 5 FCPATH/index.php(67): CodeIgniter\CodeIgniter->run()
CRITICAL - 2023-04-07 07:22:36 --> Call to undefined method CodeIgniter\Database\MySQLi\Builder::first()
in APPPATH/Models/Favourite_model.php on line 28.
 1 APPPATH/Controllers/Favourites.php(18): App\Models\Favourite_model->removeFavourite()
 2 SYSTEMPATH/CodeIgniter.php(934): App\Controllers\Favourites->toggle()
 3 SYSTEMPATH/CodeIgniter.php(499): CodeIgniter\CodeIgniter->runController()
 4 SYSTEMPATH/CodeIgniter.php(368): CodeIgniter\CodeIgniter->handleRequest()
 5 FCPATH/index.php(67): CodeIgniter\CodeIgniter->run()
CRITICAL - 2023-04-07 07:23:30 --> Call to undefined method CodeIgniter\Database\MySQLi\Builder::first()
in APPPATH/Models/Favourite_model.php on line 28.
 1 APPPATH/Controllers/Favourites.php(18): App\Models\Favourite_model->removeFavourite()
 2 SYSTEMPATH/CodeIgniter.php(934): App\Controllers\Favourites->toggle()
 3 SYSTEMPATH/CodeIgniter.php(499): CodeIgniter\CodeIgniter->runController()
 4 SYSTEMPATH/CodeIgniter.php(368): CodeIgniter\CodeIgniter->handleRequest()
 5 FCPATH/index.php(67): CodeIgniter\CodeIgniter->run()
CRITICAL - 2023-04-07 07:23:31 --> Call to undefined method CodeIgniter\Database\MySQLi\Builder::first()
in APPPATH/Models/Favourite_model.php on line 28.
 1 APPPATH/Controllers/Favourites.php(18): App\Models\Favourite_model->removeFavourite()
 2 SYSTEMPATH/CodeIgniter.php(934): App\Controllers\Favourites->toggle()
 3 SYSTEMPATH/CodeIgniter.php(499): CodeIgniter\CodeIgniter->runController()
 4 SYSTEMPATH/CodeIgniter.php(368): CodeIgniter\CodeIgniter->handleRequest()
 5 FCPATH/index.php(67): CodeIgniter\CodeIgniter->run()
CRITICAL - 2023-04-07 07:23:32 --> Call to undefined method CodeIgniter\Database\MySQLi\Builder::first()
in APPPATH/Models/Favourite_model.php on line 28.
 1 APPPATH/Controllers/Favourites.php(18): App\Models\Favourite_model->removeFavourite()
 2 SYSTEMPATH/CodeIgniter.php(934): App\Controllers\Favourites->toggle()
 3 SYSTEMPATH/CodeIgniter.php(499): CodeIgniter\CodeIgniter->runController()
 4 SYSTEMPATH/CodeIgniter.php(368): CodeIgniter\CodeIgniter->handleRequest()
 5 FCPATH/index.php(67): CodeIgniter\CodeIgniter->run()
CRITICAL - 2023-04-07 07:23:49 --> Call to undefined method CodeIgniter\Database\MySQLi\Builder::first()
in APPPATH/Models/Favourite_model.php on line 28.
 1 APPPATH/Controllers/Favourites.php(18): App\Models\Favourite_model->removeFavourite()
 2 SYSTEMPATH/CodeIgniter.php(934): App\Controllers\Favourites->toggle()
 3 SYSTEMPATH/CodeIgniter.php(499): CodeIgniter\CodeIgniter->runController()
 4 SYSTEMPATH/CodeIgniter.php(368): CodeIgniter\CodeIgniter->handleRequest()
 5 FCPATH/index.php(67): CodeIgniter\CodeIgniter->run()
CRITICAL - 2023-04-07 07:23:50 --> Call to undefined method CodeIgniter\Database\MySQLi\Builder::first()
in APPPATH/Models/Favourite_model.php on line 28.
 1 APPPATH/Controllers/Favourites.php(18): App\Models\Favourite_model->removeFavourite()
 2 SYSTEMPATH/CodeIgniter.php(934): App\Controllers\Favourites->toggle()
 3 SYSTEMPATH/CodeIgniter.php(499): CodeIgniter\CodeIgniter->runController()
 4 SYSTEMPATH/CodeIgniter.php(368): CodeIgniter\CodeIgniter->handleRequest()
 5 FCPATH/index.php(67): CodeIgniter\CodeIgniter->run()
CRITICAL - 2023-04-07 07:23:50 --> Call to undefined method CodeIgniter\Database\MySQLi\Builder::first()
in APPPATH/Models/Favourite_model.php on line 28.
 1 APPPATH/Controllers/Favourites.php(18): App\Models\Favourite_model->removeFavourite()
 2 SYSTEMPATH/CodeIgniter.php(934): App\Controllers\Favourites->toggle()
 3 SYSTEMPATH/CodeIgniter.php(499): CodeIgniter\CodeIgniter->runController()
 4 SYSTEMPATH/CodeIgniter.php(368): CodeIgniter\CodeIgniter->handleRequest()
 5 FCPATH/index.php(67): CodeIgniter\CodeIgniter->run()
CRITICAL - 2023-04-07 07:26:28 --> Call to undefined method CodeIgniter\Database\MySQLi\Builder::first()
in APPPATH/Models/Favourite_model.php on line 28.
 1 APPPATH/Controllers/Favourites.php(18): App\Models\Favourite_model->removeFavourite()
 2 SYSTEMPATH/CodeIgniter.php(934): App\Controllers\Favourites->toggle()
 3 SYSTEMPATH/CodeIgniter.php(499): CodeIgniter\CodeIgniter->runController()
 4 SYSTEMPATH/CodeIgniter.php(368): CodeIgniter\CodeIgniter->handleRequest()
 5 FCPATH/index.php(67): CodeIgniter\CodeIgniter->run()
CRITICAL - 2023-04-07 07:26:29 --> Call to undefined method CodeIgniter\Database\MySQLi\Builder::first()
in APPPATH/Models/Favourite_model.php on line 28.
 1 APPPATH/Controllers/Favourites.php(18): App\Models\Favourite_model->removeFavourite()
 2 SYSTEMPATH/CodeIgniter.php(934): App\Controllers\Favourites->toggle()
 3 SYSTEMPATH/CodeIgniter.php(499): CodeIgniter\CodeIgniter->runController()
 4 SYSTEMPATH/CodeIgniter.php(368): CodeIgniter\CodeIgniter->handleRequest()
 5 FCPATH/index.php(67): CodeIgniter\CodeIgniter->run()
CRITICAL - 2023-04-07 07:29:29 --> Deletes are not allowed unless they contain a "where" or "like" clause.
in SYSTEMPATH/Database/BaseBuilder.php on line 2767.
 1 APPPATH/Models/Favourite_model.php(30): CodeIgniter\Database\BaseBuilder->delete()
 2 APPPATH/Controllers/Favourites.php(18): App\Models\Favourite_model->removeFavourite()
 3 SYSTEMPATH/CodeIgniter.php(934): App\Controllers\Favourites->toggle()
 4 SYSTEMPATH/CodeIgniter.php(499): CodeIgniter\CodeIgniter->runController()
 5 SYSTEMPATH/CodeIgniter.php(368): CodeIgniter\CodeIgniter->handleRequest()
 6 FCPATH/index.php(67): CodeIgniter\CodeIgniter->run()
CRITICAL - 2023-04-07 07:29:30 --> Deletes are not allowed unless they contain a "where" or "like" clause.
in SYSTEMPATH/Database/BaseBuilder.php on line 2767.
 1 APPPATH/Models/Favourite_model.php(30): CodeIgniter\Database\BaseBuilder->delete()
 2 APPPATH/Controllers/Favourites.php(18): App\Models\Favourite_model->removeFavourite()
 3 SYSTEMPATH/CodeIgniter.php(934): App\Controllers\Favourites->toggle()
 4 SYSTEMPATH/CodeIgniter.php(499): CodeIgniter\CodeIgniter->runController()
 5 SYSTEMPATH/CodeIgniter.php(368): CodeIgniter\CodeIgniter->handleRequest()
 6 FCPATH/index.php(67): CodeIgniter\CodeIgniter->run()
CRITICAL - 2023-04-07 07:29:31 --> Deletes are not allowed unless they contain a "where" or "like" clause.
in SYSTEMPATH/Database/BaseBuilder.php on line 2767.
 1 APPPATH/Models/Favourite_model.php(30): CodeIgniter\Database\BaseBuilder->delete()
 2 APPPATH/Controllers/Favourites.php(18): App\Models\Favourite_model->removeFavourite()
 3 SYSTEMPATH/CodeIgniter.php(934): App\Controllers\Favourites->toggle()
 4 SYSTEMPATH/CodeIgniter.php(499): CodeIgniter\CodeIgniter->runController()
 5 SYSTEMPATH/CodeIgniter.php(368): CodeIgniter\CodeIgniter->handleRequest()
 6 FCPATH/index.php(67): CodeIgniter\CodeIgniter->run()
CRITICAL - 2023-04-07 07:29:31 --> Deletes are not allowed unless they contain a "where" or "like" clause.
in SYSTEMPATH/Database/BaseBuilder.php on line 2767.
 1 APPPATH/Models/Favourite_model.php(30): CodeIgniter\Database\BaseBuilder->delete()
 2 APPPATH/Controllers/Favourites.php(18): App\Models\Favourite_model->removeFavourite()
 3 SYSTEMPATH/CodeIgniter.php(934): App\Controllers\Favourites->toggle()
 4 SYSTEMPATH/CodeIgniter.php(499): CodeIgniter\CodeIgniter->runController()
 5 SYSTEMPATH/CodeIgniter.php(368): CodeIgniter\CodeIgniter->handleRequest()
 6 FCPATH/index.php(67): CodeIgniter\CodeIgniter->run()
ERROR - 2023-04-07 07:55:54 --> mysqli_sql_exception: In aggregated query without GROUP BY, expression #1 of SELECT list contains nonaggregated column 'demo.posts.post_id'; this is incompatible with sql_mode=only_full_group_by in /var/www/htdocs/demo/system/Database/MySQLi/Connection.php:295
Stack trace:
#0 /var/www/htdocs/demo/system/Database/MySQLi/Connection.php(295): mysqli->query()
#1 /var/www/htdocs/demo/system/Database/BaseConnection.php(691): CodeIgniter\Database\MySQLi\Connection->execute()
#2 /var/www/htdocs/demo/system/Database/BaseConnection.php(605): CodeIgniter\Database\BaseConnection->simpleQuery()
#3 /var/www/htdocs/demo/system/Database/BaseBuilder.php(1616): CodeIgniter\Database\BaseConnection->query()
#4 /var/www/htdocs/demo/app/Models/Post_model.php(97): CodeIgniter\Database\BaseBuilder->get()
#5 /var/www/htdocs/demo/app/Controllers/Search.php(32): App\Models\Post_model->search_posts_by_query()
#6 /var/www/htdocs/demo/system/CodeIgniter.php(934): App\Controllers\Search->suggestions()
#7 /var/www/htdocs/demo/system/CodeIgniter.php(499): CodeIgniter\CodeIgniter->runController()
#8 /var/www/htdocs/demo/system/CodeIgniter.php(368): CodeIgniter\CodeIgniter->handleRequest()
#9 /var/www/htdocs/demo/public/index.php(67): CodeIgniter\CodeIgniter->run()
#10 {main}
CRITICAL - 2023-04-07 07:55:54 --> In aggregated query without GROUP BY, expression #1 of SELECT list contains nonaggregated column 'demo.posts.post_id'; this is incompatible with sql_mode=only_full_group_by
in SYSTEMPATH/Database/BaseConnection.php on line 645.
 1 SYSTEMPATH/Database/BaseBuilder.php(1616): CodeIgniter\Database\BaseConnection->query()
 2 APPPATH/Models/Post_model.php(97): CodeIgniter\Database\BaseBuilder->get()
 3 APPPATH/Controllers/Search.php(32): App\Models\Post_model->search_posts_by_query()
 4 SYSTEMPATH/CodeIgniter.php(934): App\Controllers\Search->suggestions()
 5 SYSTEMPATH/CodeIgniter.php(499): CodeIgniter\CodeIgniter->runController()
 6 SYSTEMPATH/CodeIgniter.php(368): CodeIgniter\CodeIgniter->handleRequest()
 7 FCPATH/index.php(67): CodeIgniter\CodeIgniter->run()
ERROR - 2023-04-07 07:55:54 --> mysqli_sql_exception: In aggregated query without GROUP BY, expression #1 of SELECT list contains nonaggregated column 'demo.posts.post_id'; this is incompatible with sql_mode=only_full_group_by in /var/www/htdocs/demo/system/Database/MySQLi/Connection.php:295
Stack trace:
#0 /var/www/htdocs/demo/system/Database/MySQLi/Connection.php(295): mysqli->query()
#1 /var/www/htdocs/demo/system/Database/BaseConnection.php(691): CodeIgniter\Database\MySQLi\Connection->execute()
#2 /var/www/htdocs/demo/system/Database/BaseConnection.php(605): CodeIgniter\Database\BaseConnection->simpleQuery()
#3 /var/www/htdocs/demo/system/Database/BaseBuilder.php(1616): CodeIgniter\Database\BaseConnection->query()
#4 /var/www/htdocs/demo/app/Models/Post_model.php(97): CodeIgniter\Database\BaseBuilder->get()
#5 /var/www/htdocs/demo/app/Controllers/Search.php(32): App\Models\Post_model->search_posts_by_query()
#6 /var/www/htdocs/demo/system/CodeIgniter.php(934): App\Controllers\Search->suggestions()
#7 /var/www/htdocs/demo/system/CodeIgniter.php(499): CodeIgniter\CodeIgniter->runController()
#8 /var/www/htdocs/demo/system/CodeIgniter.php(368): CodeIgniter\CodeIgniter->handleRequest()
#9 /var/www/htdocs/demo/public/index.php(67): CodeIgniter\CodeIgniter->run()
#10 {main}
CRITICAL - 2023-04-07 07:55:54 --> In aggregated query without GROUP BY, expression #1 of SELECT list contains nonaggregated column 'demo.posts.post_id'; this is incompatible with sql_mode=only_full_group_by
in SYSTEMPATH/Database/BaseConnection.php on line 645.
 1 SYSTEMPATH/Database/BaseBuilder.php(1616): CodeIgniter\Database\BaseConnection->query()
 2 APPPATH/Models/Post_model.php(97): CodeIgniter\Database\BaseBuilder->get()
 3 APPPATH/Controllers/Search.php(32): App\Models\Post_model->search_posts_by_query()
 4 SYSTEMPATH/CodeIgniter.php(934): App\Controllers\Search->suggestions()
 5 SYSTEMPATH/CodeIgniter.php(499): CodeIgniter\CodeIgniter->runController()
 6 SYSTEMPATH/CodeIgniter.php(368): CodeIgniter\CodeIgniter->handleRequest()
 7 FCPATH/index.php(67): CodeIgniter\CodeIgniter->run()
ERROR - 2023-04-07 07:55:54 --> mysqli_sql_exception: In aggregated query without GROUP BY, expression #1 of SELECT list contains nonaggregated column 'demo.posts.post_id'; this is incompatible with sql_mode=only_full_group_by in /var/www/htdocs/demo/system/Database/MySQLi/Connection.php:295
Stack trace:
#0 /var/www/htdocs/demo/system/Database/MySQLi/Connection.php(295): mysqli->query()
#1 /var/www/htdocs/demo/system/Database/BaseConnection.php(691): CodeIgniter\Database\MySQLi\Connection->execute()
#2 /var/www/htdocs/demo/system/Database/BaseConnection.php(605): CodeIgniter\Database\BaseConnection->simpleQuery()
#3 /var/www/htdocs/demo/system/Database/BaseBuilder.php(1616): CodeIgniter\Database\BaseConnection->query()
#4 /var/www/htdocs/demo/app/Models/Post_model.php(97): CodeIgniter\Database\BaseBuilder->get()
#5 /var/www/htdocs/demo/app/Controllers/Search.php(32): App\Models\Post_model->search_posts_by_query()
#6 /var/www/htdocs/demo/system/CodeIgniter.php(934): App\Controllers\Search->suggestions()
#7 /var/www/htdocs/demo/system/CodeIgniter.php(499): CodeIgniter\CodeIgniter->runController()
#8 /var/www/htdocs/demo/system/CodeIgniter.php(368): CodeIgniter\CodeIgniter->handleRequest()
#9 /var/www/htdocs/demo/public/index.php(67): CodeIgniter\CodeIgniter->run()
#10 {main}
CRITICAL - 2023-04-07 07:55:54 --> In aggregated query without GROUP BY, expression #1 of SELECT list contains nonaggregated column 'demo.posts.post_id'; this is incompatible with sql_mode=only_full_group_by
in SYSTEMPATH/Database/BaseConnection.php on line 645.
 1 SYSTEMPATH/Database/BaseBuilder.php(1616): CodeIgniter\Database\BaseConnection->query()
 2 APPPATH/Models/Post_model.php(97): CodeIgniter\Database\BaseBuilder->get()
 3 APPPATH/Controllers/Search.php(32): App\Models\Post_model->search_posts_by_query()
 4 SYSTEMPATH/CodeIgniter.php(934): App\Controllers\Search->suggestions()
 5 SYSTEMPATH/CodeIgniter.php(499): CodeIgniter\CodeIgniter->runController()
 6 SYSTEMPATH/CodeIgniter.php(368): CodeIgniter\CodeIgniter->handleRequest()
 7 FCPATH/index.php(67): CodeIgniter\CodeIgniter->run()
ERROR - 2023-04-07 07:55:55 --> mysqli_sql_exception: In aggregated query without GROUP BY, expression #1 of SELECT list contains nonaggregated column 'demo.posts.post_id'; this is incompatible with sql_mode=only_full_group_by in /var/www/htdocs/demo/system/Database/MySQLi/Connection.php:295
Stack trace:
#0 /var/www/htdocs/demo/system/Database/MySQLi/Connection.php(295): mysqli->query()
#1 /var/www/htdocs/demo/system/Database/BaseConnection.php(691): CodeIgniter\Database\MySQLi\Connection->execute()
#2 /var/www/htdocs/demo/system/Database/BaseConnection.php(605): CodeIgniter\Database\BaseConnection->simpleQuery()
#3 /var/www/htdocs/demo/system/Database/BaseBuilder.php(1616): CodeIgniter\Database\BaseConnection->query()
#4 /var/www/htdocs/demo/app/Models/Post_model.php(97): CodeIgniter\Database\BaseBuilder->get()
#5 /var/www/htdocs/demo/app/Controllers/Search.php(32): App\Models\Post_model->search_posts_by_query()
#6 /var/www/htdocs/demo/system/CodeIgniter.php(934): App\Controllers\Search->suggestions()
#7 /var/www/htdocs/demo/system/CodeIgniter.php(499): CodeIgniter\CodeIgniter->runController()
#8 /var/www/htdocs/demo/system/CodeIgniter.php(368): CodeIgniter\CodeIgniter->handleRequest()
#9 /var/www/htdocs/demo/public/index.php(67): CodeIgniter\CodeIgniter->run()
#10 {main}
CRITICAL - 2023-04-07 07:55:55 --> In aggregated query without GROUP BY, expression #1 of SELECT list contains nonaggregated column 'demo.posts.post_id'; this is incompatible with sql_mode=only_full_group_by
in SYSTEMPATH/Database/BaseConnection.php on line 645.
 1 SYSTEMPATH/Database/BaseBuilder.php(1616): CodeIgniter\Database\BaseConnection->query()
 2 APPPATH/Models/Post_model.php(97): CodeIgniter\Database\BaseBuilder->get()
 3 APPPATH/Controllers/Search.php(32): App\Models\Post_model->search_posts_by_query()
 4 SYSTEMPATH/CodeIgniter.php(934): App\Controllers\Search->suggestions()
 5 SYSTEMPATH/CodeIgniter.php(499): CodeIgniter\CodeIgniter->runController()
 6 SYSTEMPATH/CodeIgniter.php(368): CodeIgniter\CodeIgniter->handleRequest()
 7 FCPATH/index.php(67): CodeIgniter\CodeIgniter->run()
ERROR - 2023-04-07 07:55:55 --> mysqli_sql_exception: In aggregated query without GROUP BY, expression #1 of SELECT list contains nonaggregated column 'demo.posts.post_id'; this is incompatible with sql_mode=only_full_group_by in /var/www/htdocs/demo/system/Database/MySQLi/Connection.php:295
Stack trace:
#0 /var/www/htdocs/demo/system/Database/MySQLi/Connection.php(295): mysqli->query()
#1 /var/www/htdocs/demo/system/Database/BaseConnection.php(691): CodeIgniter\Database\MySQLi\Connection->execute()
#2 /var/www/htdocs/demo/system/Database/BaseConnection.php(605): CodeIgniter\Database\BaseConnection->simpleQuery()
#3 /var/www/htdocs/demo/system/Database/BaseBuilder.php(1616): CodeIgniter\Database\BaseConnection->query()
#4 /var/www/htdocs/demo/app/Models/Post_model.php(97): CodeIgniter\Database\BaseBuilder->get()
#5 /var/www/htdocs/demo/app/Controllers/Search.php(32): App\Models\Post_model->search_posts_by_query()
#6 /var/www/htdocs/demo/system/CodeIgniter.php(934): App\Controllers\Search->suggestions()
#7 /var/www/htdocs/demo/system/CodeIgniter.php(499): CodeIgniter\CodeIgniter->runController()
#8 /var/www/htdocs/demo/system/CodeIgniter.php(368): CodeIgniter\CodeIgniter->handleRequest()
#9 /var/www/htdocs/demo/public/index.php(67): CodeIgniter\CodeIgniter->run()
#10 {main}
CRITICAL - 2023-04-07 07:55:55 --> In aggregated query without GROUP BY, expression #1 of SELECT list contains nonaggregated column 'demo.posts.post_id'; this is incompatible with sql_mode=only_full_group_by
in SYSTEMPATH/Database/BaseConnection.php on line 645.
 1 SYSTEMPATH/Database/BaseBuilder.php(1616): CodeIgniter\Database\BaseConnection->query()
 2 APPPATH/Models/Post_model.php(97): CodeIgniter\Database\BaseBuilder->get()
 3 APPPATH/Controllers/Search.php(32): App\Models\Post_model->search_posts_by_query()
 4 SYSTEMPATH/CodeIgniter.php(934): App\Controllers\Search->suggestions()
 5 SYSTEMPATH/CodeIgniter.php(499): CodeIgniter\CodeIgniter->runController()
 6 SYSTEMPATH/CodeIgniter.php(368): CodeIgniter\CodeIgniter->handleRequest()
 7 FCPATH/index.php(67): CodeIgniter\CodeIgniter->run()
ERROR - 2023-04-07 07:55:56 --> mysqli_sql_exception: In aggregated query without GROUP BY, expression #1 of SELECT list contains nonaggregated column 'demo.posts.post_id'; this is incompatible with sql_mode=only_full_group_by in /var/www/htdocs/demo/system/Database/MySQLi/Connection.php:295
Stack trace:
#0 /var/www/htdocs/demo/system/Database/MySQLi/Connection.php(295): mysqli->query()
#1 /var/www/htdocs/demo/system/Database/BaseConnection.php(691): CodeIgniter\Database\MySQLi\Connection->execute()
#2 /var/www/htdocs/demo/system/Database/BaseConnection.php(605): CodeIgniter\Database\BaseConnection->simpleQuery()
#3 /var/www/htdocs/demo/system/Database/BaseBuilder.php(1616): CodeIgniter\Database\BaseConnection->query()
#4 /var/www/htdocs/demo/app/Models/Post_model.php(97): CodeIgniter\Database\BaseBuilder->get()
#5 /var/www/htdocs/demo/app/Controllers/Search.php(32): App\Models\Post_model->search_posts_by_query()
#6 /var/www/htdocs/demo/system/CodeIgniter.php(934): App\Controllers\Search->suggestions()
#7 /var/www/htdocs/demo/system/CodeIgniter.php(499): CodeIgniter\CodeIgniter->runController()
#8 /var/www/htdocs/demo/system/CodeIgniter.php(368): CodeIgniter\CodeIgniter->handleRequest()
#9 /var/www/htdocs/demo/public/index.php(67): CodeIgniter\CodeIgniter->run()
#10 {main}
CRITICAL - 2023-04-07 07:55:56 --> In aggregated query without GROUP BY, expression #1 of SELECT list contains nonaggregated column 'demo.posts.post_id'; this is incompatible with sql_mode=only_full_group_by
in SYSTEMPATH/Database/BaseConnection.php on line 645.
 1 SYSTEMPATH/Database/BaseBuilder.php(1616): CodeIgniter\Database\BaseConnection->query()
 2 APPPATH/Models/Post_model.php(97): CodeIgniter\Database\BaseBuilder->get()
 3 APPPATH/Controllers/Search.php(32): App\Models\Post_model->search_posts_by_query()
 4 SYSTEMPATH/CodeIgniter.php(934): App\Controllers\Search->suggestions()
 5 SYSTEMPATH/CodeIgniter.php(499): CodeIgniter\CodeIgniter->runController()
 6 SYSTEMPATH/CodeIgniter.php(368): CodeIgniter\CodeIgniter->handleRequest()
 7 FCPATH/index.php(67): CodeIgniter\CodeIgniter->run()
ERROR - 2023-04-07 07:55:56 --> mysqli_sql_exception: In aggregated query without GROUP BY, expression #1 of SELECT list contains nonaggregated column 'demo.posts.post_id'; this is incompatible with sql_mode=only_full_group_by in /var/www/htdocs/demo/system/Database/MySQLi/Connection.php:295
Stack trace:
#0 /var/www/htdocs/demo/system/Database/MySQLi/Connection.php(295): mysqli->query()
#1 /var/www/htdocs/demo/system/Database/BaseConnection.php(691): CodeIgniter\Database\MySQLi\Connection->execute()
#2 /var/www/htdocs/demo/system/Database/BaseConnection.php(605): CodeIgniter\Database\BaseConnection->simpleQuery()
#3 /var/www/htdocs/demo/system/Database/BaseBuilder.php(1616): CodeIgniter\Database\BaseConnection->query()
#4 /var/www/htdocs/demo/app/Models/Post_model.php(97): CodeIgniter\Database\BaseBuilder->get()
#5 /var/www/htdocs/demo/app/Controllers/Search.php(32): App\Models\Post_model->search_posts_by_query()
#6 /var/www/htdocs/demo/system/CodeIgniter.php(934): App\Controllers\Search->suggestions()
#7 /var/www/htdocs/demo/system/CodeIgniter.php(499): CodeIgniter\CodeIgniter->runController()
#8 /var/www/htdocs/demo/system/CodeIgniter.php(368): CodeIgniter\CodeIgniter->handleRequest()
#9 /var/www/htdocs/demo/public/index.php(67): CodeIgniter\CodeIgniter->run()
#10 {main}
CRITICAL - 2023-04-07 07:55:56 --> In aggregated query without GROUP BY, expression #1 of SELECT list contains nonaggregated column 'demo.posts.post_id'; this is incompatible with sql_mode=only_full_group_by
in SYSTEMPATH/Database/BaseConnection.php on line 645.
 1 SYSTEMPATH/Database/BaseBuilder.php(1616): CodeIgniter\Database\BaseConnection->query()
 2 APPPATH/Models/Post_model.php(97): CodeIgniter\Database\BaseBuilder->get()
 3 APPPATH/Controllers/Search.php(32): App\Models\Post_model->search_posts_by_query()
 4 SYSTEMPATH/CodeIgniter.php(934): App\Controllers\Search->suggestions()
 5 SYSTEMPATH/CodeIgniter.php(499): CodeIgniter\CodeIgniter->runController()
 6 SYSTEMPATH/CodeIgniter.php(368): CodeIgniter\CodeIgniter->handleRequest()
 7 FCPATH/index.php(67): CodeIgniter\CodeIgniter->run()
ERROR - 2023-04-07 07:55:56 --> mysqli_sql_exception: In aggregated query without GROUP BY, expression #1 of SELECT list contains nonaggregated column 'demo.posts.post_id'; this is incompatible with sql_mode=only_full_group_by in /var/www/htdocs/demo/system/Database/MySQLi/Connection.php:295
Stack trace:
#0 /var/www/htdocs/demo/system/Database/MySQLi/Connection.php(295): mysqli->query()
#1 /var/www/htdocs/demo/system/Database/BaseConnection.php(691): CodeIgniter\Database\MySQLi\Connection->execute()
#2 /var/www/htdocs/demo/system/Database/BaseConnection.php(605): CodeIgniter\Database\BaseConnection->simpleQuery()
#3 /var/www/htdocs/demo/system/Database/BaseBuilder.php(1616): CodeIgniter\Database\BaseConnection->query()
#4 /var/www/htdocs/demo/app/Models/Post_model.php(97): CodeIgniter\Database\BaseBuilder->get()
#5 /var/www/htdocs/demo/app/Controllers/Search.php(32): App\Models\Post_model->search_posts_by_query()
#6 /var/www/htdocs/demo/system/CodeIgniter.php(934): App\Controllers\Search->suggestions()
#7 /var/www/htdocs/demo/system/CodeIgniter.php(499): CodeIgniter\CodeIgniter->runController()
#8 /var/www/htdocs/demo/system/CodeIgniter.php(368): CodeIgniter\CodeIgniter->handleRequest()
#9 /var/www/htdocs/demo/public/index.php(67): CodeIgniter\CodeIgniter->run()
#10 {main}
CRITICAL - 2023-04-07 07:55:56 --> In aggregated query without GROUP BY, expression #1 of SELECT list contains nonaggregated column 'demo.posts.post_id'; this is incompatible with sql_mode=only_full_group_by
in SYSTEMPATH/Database/BaseConnection.php on line 645.
 1 SYSTEMPATH/Database/BaseBuilder.php(1616): CodeIgniter\Database\BaseConnection->query()
 2 APPPATH/Models/Post_model.php(97): CodeIgniter\Database\BaseBuilder->get()
 3 APPPATH/Controllers/Search.php(32): App\Models\Post_model->search_posts_by_query()
 4 SYSTEMPATH/CodeIgniter.php(934): App\Controllers\Search->suggestions()
 5 SYSTEMPATH/CodeIgniter.php(499): CodeIgniter\CodeIgniter->runController()
 6 SYSTEMPATH/CodeIgniter.php(368): CodeIgniter\CodeIgniter->handleRequest()
 7 FCPATH/index.php(67): CodeIgniter\CodeIgniter->run()
ERROR - 2023-04-07 07:55:57 --> mysqli_sql_exception: In aggregated query without GROUP BY, expression #1 of SELECT list contains nonaggregated column 'demo.posts.post_id'; this is incompatible with sql_mode=only_full_group_by in /var/www/htdocs/demo/system/Database/MySQLi/Connection.php:295
Stack trace:
#0 /var/www/htdocs/demo/system/Database/MySQLi/Connection.php(295): mysqli->query()
#1 /var/www/htdocs/demo/system/Database/BaseConnection.php(691): CodeIgniter\Database\MySQLi\Connection->execute()
#2 /var/www/htdocs/demo/system/Database/BaseConnection.php(605): CodeIgniter\Database\BaseConnection->simpleQuery()
#3 /var/www/htdocs/demo/system/Database/BaseBuilder.php(1616): CodeIgniter\Database\BaseConnection->query()
#4 /var/www/htdocs/demo/app/Models/Post_model.php(97): CodeIgniter\Database\BaseBuilder->get()
#5 /var/www/htdocs/demo/app/Controllers/Search.php(32): App\Models\Post_model->search_posts_by_query()
#6 /var/www/htdocs/demo/system/CodeIgniter.php(934): App\Controllers\Search->suggestions()
#7 /var/www/htdocs/demo/system/CodeIgniter.php(499): CodeIgniter\CodeIgniter->runController()
#8 /var/www/htdocs/demo/system/CodeIgniter.php(368): CodeIgniter\CodeIgniter->handleRequest()
#9 /var/www/htdocs/demo/public/index.php(67): CodeIgniter\CodeIgniter->run()
#10 {main}
CRITICAL - 2023-04-07 07:55:57 --> In aggregated query without GROUP BY, expression #1 of SELECT list contains nonaggregated column 'demo.posts.post_id'; this is incompatible with sql_mode=only_full_group_by
in SYSTEMPATH/Database/BaseConnection.php on line 645.
 1 SYSTEMPATH/Database/BaseBuilder.php(1616): CodeIgniter\Database\BaseConnection->query()
 2 APPPATH/Models/Post_model.php(97): CodeIgniter\Database\BaseBuilder->get()
 3 APPPATH/Controllers/Search.php(32): App\Models\Post_model->search_posts_by_query()
 4 SYSTEMPATH/CodeIgniter.php(934): App\Controllers\Search->suggestions()
 5 SYSTEMPATH/CodeIgniter.php(499): CodeIgniter\CodeIgniter->runController()
 6 SYSTEMPATH/CodeIgniter.php(368): CodeIgniter\CodeIgniter->handleRequest()
 7 FCPATH/index.php(67): CodeIgniter\CodeIgniter->run()
ERROR - 2023-04-07 07:55:57 --> mysqli_sql_exception: In aggregated query without GROUP BY, expression #1 of SELECT list contains nonaggregated column 'demo.posts.post_id'; this is incompatible with sql_mode=only_full_group_by in /var/www/htdocs/demo/system/Database/MySQLi/Connection.php:295
Stack trace:
#0 /var/www/htdocs/demo/system/Database/MySQLi/Connection.php(295): mysqli->query()
#1 /var/www/htdocs/demo/system/Database/BaseConnection.php(691): CodeIgniter\Database\MySQLi\Connection->execute()
#2 /var/www/htdocs/demo/system/Database/BaseConnection.php(605): CodeIgniter\Database\BaseConnection->simpleQuery()
#3 /var/www/htdocs/demo/system/Database/BaseBuilder.php(1616): CodeIgniter\Database\BaseConnection->query()
#4 /var/www/htdocs/demo/app/Models/Post_model.php(97): CodeIgniter\Database\BaseBuilder->get()
#5 /var/www/htdocs/demo/app/Controllers/Search.php(32): App\Models\Post_model->search_posts_by_query()
#6 /var/www/htdocs/demo/system/CodeIgniter.php(934): App\Controllers\Search->suggestions()
#7 /var/www/htdocs/demo/system/CodeIgniter.php(499): CodeIgniter\CodeIgniter->runController()
#8 /var/www/htdocs/demo/system/CodeIgniter.php(368): CodeIgniter\CodeIgniter->handleRequest()
#9 /var/www/htdocs/demo/public/index.php(67): CodeIgniter\CodeIgniter->run()
#10 {main}
CRITICAL - 2023-04-07 07:55:57 --> In aggregated query without GROUP BY, expression #1 of SELECT list contains nonaggregated column 'demo.posts.post_id'; this is incompatible with sql_mode=only_full_group_by
in SYSTEMPATH/Database/BaseConnection.php on line 645.
 1 SYSTEMPATH/Database/BaseBuilder.php(1616): CodeIgniter\Database\BaseConnection->query()
 2 APPPATH/Models/Post_model.php(97): CodeIgniter\Database\BaseBuilder->get()
 3 APPPATH/Controllers/Search.php(32): App\Models\Post_model->search_posts_by_query()
 4 SYSTEMPATH/CodeIgniter.php(934): App\Controllers\Search->suggestions()
 5 SYSTEMPATH/CodeIgniter.php(499): CodeIgniter\CodeIgniter->runController()
 6 SYSTEMPATH/CodeIgniter.php(368): CodeIgniter\CodeIgniter->handleRequest()
 7 FCPATH/index.php(67): CodeIgniter\CodeIgniter->run()
ERROR - 2023-04-07 07:55:58 --> mysqli_sql_exception: In aggregated query without GROUP BY, expression #1 of SELECT list contains nonaggregated column 'demo.posts.post_id'; this is incompatible with sql_mode=only_full_group_by in /var/www/htdocs/demo/system/Database/MySQLi/Connection.php:295
Stack trace:
#0 /var/www/htdocs/demo/system/Database/MySQLi/Connection.php(295): mysqli->query()
#1 /var/www/htdocs/demo/system/Database/BaseConnection.php(691): CodeIgniter\Database\MySQLi\Connection->execute()
#2 /var/www/htdocs/demo/system/Database/BaseConnection.php(605): CodeIgniter\Database\BaseConnection->simpleQuery()
#3 /var/www/htdocs/demo/system/Database/BaseBuilder.php(1616): CodeIgniter\Database\BaseConnection->query()
#4 /var/www/htdocs/demo/app/Models/Post_model.php(97): CodeIgniter\Database\BaseBuilder->get()
#5 /var/www/htdocs/demo/app/Controllers/Search.php(17): App\Models\Post_model->search_posts_by_query()
#6 /var/www/htdocs/demo/system/CodeIgniter.php(934): App\Controllers\Search->index()
#7 /var/www/htdocs/demo/system/CodeIgniter.php(499): CodeIgniter\CodeIgniter->runController()
#8 /var/www/htdocs/demo/system/CodeIgniter.php(368): CodeIgniter\CodeIgniter->handleRequest()
#9 /var/www/htdocs/demo/public/index.php(67): CodeIgniter\CodeIgniter->run()
#10 {main}
CRITICAL - 2023-04-07 07:55:58 --> In aggregated query without GROUP BY, expression #1 of SELECT list contains nonaggregated column 'demo.posts.post_id'; this is incompatible with sql_mode=only_full_group_by
in SYSTEMPATH/Database/BaseConnection.php on line 645.
 1 SYSTEMPATH/Database/BaseBuilder.php(1616): CodeIgniter\Database\BaseConnection->query()
 2 APPPATH/Models/Post_model.php(97): CodeIgniter\Database\BaseBuilder->get()
 3 APPPATH/Controllers/Search.php(17): App\Models\Post_model->search_posts_by_query()
 4 SYSTEMPATH/CodeIgniter.php(934): App\Controllers\Search->index()
 5 SYSTEMPATH/CodeIgniter.php(499): CodeIgniter\CodeIgniter->runController()
 6 SYSTEMPATH/CodeIgniter.php(368): CodeIgniter\CodeIgniter->handleRequest()
 7 FCPATH/index.php(67): CodeIgniter\CodeIgniter->run()
ERROR - 2023-04-07 07:56:06 --> mysqli_sql_exception: In aggregated query without GROUP BY, expression #1 of SELECT list contains nonaggregated column 'demo.posts.post_id'; this is incompatible with sql_mode=only_full_group_by in /var/www/htdocs/demo/system/Database/MySQLi/Connection.php:295
Stack trace:
#0 /var/www/htdocs/demo/system/Database/MySQLi/Connection.php(295): mysqli->query()
#1 /var/www/htdocs/demo/system/Database/BaseConnection.php(691): CodeIgniter\Database\MySQLi\Connection->execute()
#2 /var/www/htdocs/demo/system/Database/BaseConnection.php(605): CodeIgniter\Database\BaseConnection->simpleQuery()
#3 /var/www/htdocs/demo/system/Database/BaseBuilder.php(1616): CodeIgniter\Database\BaseConnection->query()
#4 /var/www/htdocs/demo/app/Models/Post_model.php(97): CodeIgniter\Database\BaseBuilder->get()
#5 /var/www/htdocs/demo/app/Controllers/Search.php(32): App\Models\Post_model->search_posts_by_query()
#6 /var/www/htdocs/demo/system/CodeIgniter.php(934): App\Controllers\Search->suggestions()
#7 /var/www/htdocs/demo/system/CodeIgniter.php(499): CodeIgniter\CodeIgniter->runController()
#8 /var/www/htdocs/demo/system/CodeIgniter.php(368): CodeIgniter\CodeIgniter->handleRequest()
#9 /var/www/htdocs/demo/public/index.php(67): CodeIgniter\CodeIgniter->run()
#10 {main}
CRITICAL - 2023-04-07 07:56:06 --> In aggregated query without GROUP BY, expression #1 of SELECT list contains nonaggregated column 'demo.posts.post_id'; this is incompatible with sql_mode=only_full_group_by
in SYSTEMPATH/Database/BaseConnection.php on line 645.
 1 SYSTEMPATH/Database/BaseBuilder.php(1616): CodeIgniter\Database\BaseConnection->query()
 2 APPPATH/Models/Post_model.php(97): CodeIgniter\Database\BaseBuilder->get()
 3 APPPATH/Controllers/Search.php(32): App\Models\Post_model->search_posts_by_query()
 4 SYSTEMPATH/CodeIgniter.php(934): App\Controllers\Search->suggestions()
 5 SYSTEMPATH/CodeIgniter.php(499): CodeIgniter\CodeIgniter->runController()
 6 SYSTEMPATH/CodeIgniter.php(368): CodeIgniter\CodeIgniter->handleRequest()
 7 FCPATH/index.php(67): CodeIgniter\CodeIgniter->run()
ERROR - 2023-04-07 07:56:06 --> mysqli_sql_exception: In aggregated query without GROUP BY, expression #1 of SELECT list contains nonaggregated column 'demo.posts.post_id'; this is incompatible with sql_mode=only_full_group_by in /var/www/htdocs/demo/system/Database/MySQLi/Connection.php:295
Stack trace:
#0 /var/www/htdocs/demo/system/Database/MySQLi/Connection.php(295): mysqli->query()
#1 /var/www/htdocs/demo/system/Database/BaseConnection.php(691): CodeIgniter\Database\MySQLi\Connection->execute()
#2 /var/www/htdocs/demo/system/Database/BaseConnection.php(605): CodeIgniter\Database\BaseConnection->simpleQuery()
#3 /var/www/htdocs/demo/system/Database/BaseBuilder.php(1616): CodeIgniter\Database\BaseConnection->query()
#4 /var/www/htdocs/demo/app/Models/Post_model.php(97): CodeIgniter\Database\BaseBuilder->get()
#5 /var/www/htdocs/demo/app/Controllers/Search.php(32): App\Models\Post_model->search_posts_by_query()
#6 /var/www/htdocs/demo/system/CodeIgniter.php(934): App\Controllers\Search->suggestions()
#7 /var/www/htdocs/demo/system/CodeIgniter.php(499): CodeIgniter\CodeIgniter->runController()
#8 /var/www/htdocs/demo/system/CodeIgniter.php(368): CodeIgniter\CodeIgniter->handleRequest()
#9 /var/www/htdocs/demo/public/index.php(67): CodeIgniter\CodeIgniter->run()
#10 {main}
CRITICAL - 2023-04-07 07:56:06 --> In aggregated query without GROUP BY, expression #1 of SELECT list contains nonaggregated column 'demo.posts.post_id'; this is incompatible with sql_mode=only_full_group_by
in SYSTEMPATH/Database/BaseConnection.php on line 645.
 1 SYSTEMPATH/Database/BaseBuilder.php(1616): CodeIgniter\Database\BaseConnection->query()
 2 APPPATH/Models/Post_model.php(97): CodeIgniter\Database\BaseBuilder->get()
 3 APPPATH/Controllers/Search.php(32): App\Models\Post_model->search_posts_by_query()
 4 SYSTEMPATH/CodeIgniter.php(934): App\Controllers\Search->suggestions()
 5 SYSTEMPATH/CodeIgniter.php(499): CodeIgniter\CodeIgniter->runController()
 6 SYSTEMPATH/CodeIgniter.php(368): CodeIgniter\CodeIgniter->handleRequest()
 7 FCPATH/index.php(67): CodeIgniter\CodeIgniter->run()
ERROR - 2023-04-07 07:56:07 --> mysqli_sql_exception: In aggregated query without GROUP BY, expression #1 of SELECT list contains nonaggregated column 'demo.posts.post_id'; this is incompatible with sql_mode=only_full_group_by in /var/www/htdocs/demo/system/Database/MySQLi/Connection.php:295
Stack trace:
#0 /var/www/htdocs/demo/system/Database/MySQLi/Connection.php(295): mysqli->query()
#1 /var/www/htdocs/demo/system/Database/BaseConnection.php(691): CodeIgniter\Database\MySQLi\Connection->execute()
#2 /var/www/htdocs/demo/system/Database/BaseConnection.php(605): CodeIgniter\Database\BaseConnection->simpleQuery()
#3 /var/www/htdocs/demo/system/Database/BaseBuilder.php(1616): CodeIgniter\Database\BaseConnection->query()
#4 /var/www/htdocs/demo/app/Models/Post_model.php(97): CodeIgniter\Database\BaseBuilder->get()
#5 /var/www/htdocs/demo/app/Controllers/Search.php(17): App\Models\Post_model->search_posts_by_query()
#6 /var/www/htdocs/demo/system/CodeIgniter.php(934): App\Controllers\Search->index()
#7 /var/www/htdocs/demo/system/CodeIgniter.php(499): CodeIgniter\CodeIgniter->runController()
#8 /var/www/htdocs/demo/system/CodeIgniter.php(368): CodeIgniter\CodeIgniter->handleRequest()
#9 /var/www/htdocs/demo/public/index.php(67): CodeIgniter\CodeIgniter->run()
#10 {main}
CRITICAL - 2023-04-07 07:56:07 --> In aggregated query without GROUP BY, expression #1 of SELECT list contains nonaggregated column 'demo.posts.post_id'; this is incompatible with sql_mode=only_full_group_by
in SYSTEMPATH/Database/BaseConnection.php on line 645.
 1 SYSTEMPATH/Database/BaseBuilder.php(1616): CodeIgniter\Database\BaseConnection->query()
 2 APPPATH/Models/Post_model.php(97): CodeIgniter\Database\BaseBuilder->get()
 3 APPPATH/Controllers/Search.php(17): App\Models\Post_model->search_posts_by_query()
 4 SYSTEMPATH/CodeIgniter.php(934): App\Controllers\Search->index()
 5 SYSTEMPATH/CodeIgniter.php(499): CodeIgniter\CodeIgniter->runController()
 6 SYSTEMPATH/CodeIgniter.php(368): CodeIgniter\CodeIgniter->handleRequest()
 7 FCPATH/index.php(67): CodeIgniter\CodeIgniter->run()
