CRITICAL - 2023-03-29 05:44:02 --> Cannot use object of type CodeIgniter\Session\Session as array
in APPPATH/Controllers/AuthController.php on line 104.
 1 SYSTEMPATH/CodeIgniter.php(934): App\Controllers\AuthController->getAJAXResult()
 2 SYSTEMPATH/CodeIgniter.php(499): CodeIgniter\CodeIgniter->runController()
 3 SYSTEMPATH/CodeIgniter.php(368): CodeIgniter\CodeIgniter->handleRequest()
 4 FCPATH/index.php(67): CodeIgniter\CodeIgniter->run()
CRITICAL - 2023-03-29 05:44:08 --> Cannot use object of type CodeIgniter\Session\Session as array
in APPPATH/Controllers/AuthController.php on line 104.
 1 SYSTEMPATH/CodeIgniter.php(934): App\Controllers\AuthController->getAJAXResult()
 2 SYSTEMPATH/CodeIgniter.php(499): CodeIgniter\CodeIgniter->runController()
 3 SYSTEMPATH/CodeIgniter.php(368): CodeIgniter\CodeIgniter->handleRequest()
 4 FCPATH/index.php(67): CodeIgniter\CodeIgniter->run()
CRITICAL - 2023-03-29 05:45:38 --> Cannot use object of type CodeIgniter\Session\Session as array
in APPPATH/Controllers/AuthController.php on line 104.
 1 SYSTEMPATH/CodeIgniter.php(934): App\Controllers\AuthController->getAJAXResult()
 2 SYSTEMPATH/CodeIgniter.php(499): CodeIgniter\CodeIgniter->runController()
 3 SYSTEMPATH/CodeIgniter.php(368): CodeIgniter\CodeIgniter->handleRequest()
 4 FCPATH/index.php(67): CodeIgniter\CodeIgniter->run()
CRITICAL - 2023-03-29 05:45:38 --> Cannot use object of type CodeIgniter\Session\Session as array
in APPPATH/Controllers/AuthController.php on line 104.
 1 SYSTEMPATH/CodeIgniter.php(934): App\Controllers\AuthController->getAJAXResult()
 2 SYSTEMPATH/CodeIgniter.php(499): CodeIgniter\CodeIgniter->runController()
 3 SYSTEMPATH/CodeIgniter.php(368): CodeIgniter\CodeIgniter->handleRequest()
 4 FCPATH/index.php(67): CodeIgniter\CodeIgniter->run()
CRITICAL - 2023-03-29 05:46:20 --> Cannot use object of type CodeIgniter\Session\Session as array
in APPPATH/Controllers/AuthController.php on line 104.
 1 SYSTEMPATH/CodeIgniter.php(934): App\Controllers\AuthController->getAJAXResult()
 2 SYSTEMPATH/CodeIgniter.php(499): CodeIgniter\CodeIgniter->runController()
 3 SYSTEMPATH/CodeIgniter.php(368): CodeIgniter\CodeIgniter->handleRequest()
 4 FCPATH/index.php(67): CodeIgniter\CodeIgniter->run()
CRITICAL - 2023-03-29 05:46:21 --> Cannot use object of type CodeIgniter\Session\Session as array
in APPPATH/Controllers/AuthController.php on line 104.
 1 SYSTEMPATH/CodeIgniter.php(934): App\Controllers\AuthController->getAJAXResult()
 2 SYSTEMPATH/CodeIgniter.php(499): CodeIgniter\CodeIgniter->runController()
 3 SYSTEMPATH/CodeIgniter.php(368): CodeIgniter\CodeIgniter->handleRequest()
 4 FCPATH/index.php(67): CodeIgniter\CodeIgniter->run()
CRITICAL - 2023-03-29 05:46:23 --> Cannot use object of type CodeIgniter\Session\Session as array
in APPPATH/Controllers/AuthController.php on line 104.
 1 SYSTEMPATH/CodeIgniter.php(934): App\Controllers\AuthController->getAJAXResult()
 2 SYSTEMPATH/CodeIgniter.php(499): CodeIgniter\CodeIgniter->runController()
 3 SYSTEMPATH/CodeIgniter.php(368): CodeIgniter\CodeIgniter->handleRequest()
 4 FCPATH/index.php(67): CodeIgniter\CodeIgniter->run()
CRITICAL - 2023-03-29 05:46:27 --> Cannot use object of type CodeIgniter\Session\Session as array
in APPPATH/Controllers/AuthController.php on line 104.
 1 SYSTEMPATH/CodeIgniter.php(934): App\Controllers\AuthController->getAJAXResult()
 2 SYSTEMPATH/CodeIgniter.php(499): CodeIgniter\CodeIgniter->runController()
 3 SYSTEMPATH/CodeIgniter.php(368): CodeIgniter\CodeIgniter->handleRequest()
 4 FCPATH/index.php(67): CodeIgniter\CodeIgniter->run()
CRITICAL - 2023-03-29 05:47:27 --> Cannot use object of type CodeIgniter\Session\Session as array
in APPPATH/Controllers/AuthController.php on line 104.
 1 SYSTEMPATH/CodeIgniter.php(934): App\Controllers\AuthController->getAJAXResult()
 2 SYSTEMPATH/CodeIgniter.php(499): CodeIgniter\CodeIgniter->runController()
 3 SYSTEMPATH/CodeIgniter.php(368): CodeIgniter\CodeIgniter->handleRequest()
 4 FCPATH/index.php(67): CodeIgniter\CodeIgniter->run()
CRITICAL - 2023-03-29 05:47:28 --> Cannot use object of type CodeIgniter\Session\Session as array
in APPPATH/Controllers/AuthController.php on line 104.
 1 SYSTEMPATH/CodeIgniter.php(934): App\Controllers\AuthController->getAJAXResult()
 2 SYSTEMPATH/CodeIgniter.php(499): CodeIgniter\CodeIgniter->runController()
 3 SYSTEMPATH/CodeIgniter.php(368): CodeIgniter\CodeIgniter->handleRequest()
 4 FCPATH/index.php(67): CodeIgniter\CodeIgniter->run()
CRITICAL - 2023-03-29 05:47:29 --> Cannot use object of type CodeIgniter\Session\Session as array
in APPPATH/Controllers/AuthController.php on line 104.
 1 SYSTEMPATH/CodeIgniter.php(934): App\Controllers\AuthController->getAJAXResult()
 2 SYSTEMPATH/CodeIgniter.php(499): CodeIgniter\CodeIgniter->runController()
 3 SYSTEMPATH/CodeIgniter.php(368): CodeIgniter\CodeIgniter->handleRequest()
 4 FCPATH/index.php(67): CodeIgniter\CodeIgniter->run()
CRITICAL - 2023-03-29 05:47:47 --> Cannot use object of type CodeIgniter\Session\Session as array
in APPPATH/Controllers/AuthController.php on line 104.
 1 SYSTEMPATH/CodeIgniter.php(934): App\Controllers\AuthController->getAJAXResult()
 2 SYSTEMPATH/CodeIgniter.php(499): CodeIgniter\CodeIgniter->runController()
 3 SYSTEMPATH/CodeIgniter.php(368): CodeIgniter\CodeIgniter->handleRequest()
 4 FCPATH/index.php(67): CodeIgniter\CodeIgniter->run()
CRITICAL - 2023-03-29 05:47:49 --> Cannot use object of type CodeIgniter\Session\Session as array
in APPPATH/Controllers/AuthController.php on line 104.
 1 SYSTEMPATH/CodeIgniter.php(934): App\Controllers\AuthController->getAJAXResult()
 2 SYSTEMPATH/CodeIgniter.php(499): CodeIgniter\CodeIgniter->runController()
 3 SYSTEMPATH/CodeIgniter.php(368): CodeIgniter\CodeIgniter->handleRequest()
 4 FCPATH/index.php(67): CodeIgniter\CodeIgniter->run()
CRITICAL - 2023-03-29 05:47:49 --> Cannot use object of type CodeIgniter\Session\Session as array
in APPPATH/Controllers/AuthController.php on line 104.
 1 SYSTEMPATH/CodeIgniter.php(934): App\Controllers\AuthController->getAJAXResult()
 2 SYSTEMPATH/CodeIgniter.php(499): CodeIgniter\CodeIgniter->runController()
 3 SYSTEMPATH/CodeIgniter.php(368): CodeIgniter\CodeIgniter->handleRequest()
 4 FCPATH/index.php(67): CodeIgniter\CodeIgniter->run()
CRITICAL - 2023-03-29 05:47:54 --> Cannot use object of type CodeIgniter\Session\Session as array
in APPPATH/Controllers/AuthController.php on line 104.
 1 SYSTEMPATH/CodeIgniter.php(934): App\Controllers\AuthController->getAJAXResult()
 2 SYSTEMPATH/CodeIgniter.php(499): CodeIgniter\CodeIgniter->runController()
 3 SYSTEMPATH/CodeIgniter.php(368): CodeIgniter\CodeIgniter->handleRequest()
 4 FCPATH/index.php(67): CodeIgniter\CodeIgniter->run()
CRITICAL - 2023-03-29 05:48:27 --> Cannot use object of type CodeIgniter\Session\Session as array
in APPPATH/Controllers/AuthController.php on line 104.
 1 SYSTEMPATH/CodeIgniter.php(934): App\Controllers\AuthController->getAJAXResult()
 2 SYSTEMPATH/CodeIgniter.php(499): CodeIgniter\CodeIgniter->runController()
 3 SYSTEMPATH/CodeIgniter.php(368): CodeIgniter\CodeIgniter->handleRequest()
 4 FCPATH/index.php(67): CodeIgniter\CodeIgniter->run()
CRITICAL - 2023-03-29 05:48:30 --> Cannot use object of type CodeIgniter\Session\Session as array
in APPPATH/Controllers/AuthController.php on line 104.
 1 SYSTEMPATH/CodeIgniter.php(934): App\Controllers\AuthController->getAJAXResult()
 2 SYSTEMPATH/CodeIgniter.php(499): CodeIgniter\CodeIgniter->runController()
 3 SYSTEMPATH/CodeIgniter.php(368): CodeIgniter\CodeIgniter->handleRequest()
 4 FCPATH/index.php(67): CodeIgniter\CodeIgniter->run()
CRITICAL - 2023-03-29 05:48:31 --> Cannot use object of type CodeIgniter\Session\Session as array
in APPPATH/Controllers/AuthController.php on line 104.
 1 SYSTEMPATH/CodeIgniter.php(934): App\Controllers\AuthController->getAJAXResult()
 2 SYSTEMPATH/CodeIgniter.php(499): CodeIgniter\CodeIgniter->runController()
 3 SYSTEMPATH/CodeIgniter.php(368): CodeIgniter\CodeIgniter->handleRequest()
 4 FCPATH/index.php(67): CodeIgniter\CodeIgniter->run()
CRITICAL - 2023-03-29 05:49:00 --> Cannot use object of type CodeIgniter\Session\Session as array
in APPPATH/Controllers/AuthController.php on line 104.
 1 SYSTEMPATH/CodeIgniter.php(934): App\Controllers\AuthController->getAJAXResult()
 2 SYSTEMPATH/CodeIgniter.php(499): CodeIgniter\CodeIgniter->runController()
 3 SYSTEMPATH/CodeIgniter.php(368): CodeIgniter\CodeIgniter->handleRequest()
 4 FCPATH/index.php(67): CodeIgniter\CodeIgniter->run()
CRITICAL - 2023-03-29 05:49:00 --> Cannot use object of type CodeIgniter\Session\Session as array
in APPPATH/Controllers/AuthController.php on line 104.
 1 SYSTEMPATH/CodeIgniter.php(934): App\Controllers\AuthController->getAJAXResult()
 2 SYSTEMPATH/CodeIgniter.php(499): CodeIgniter\CodeIgniter->runController()
 3 SYSTEMPATH/CodeIgniter.php(368): CodeIgniter\CodeIgniter->handleRequest()
 4 FCPATH/index.php(67): CodeIgniter\CodeIgniter->run()
CRITICAL - 2023-03-29 05:49:01 --> Cannot use object of type CodeIgniter\Session\Session as array
in APPPATH/Controllers/AuthController.php on line 104.
 1 SYSTEMPATH/CodeIgniter.php(934): App\Controllers\AuthController->getAJAXResult()
 2 SYSTEMPATH/CodeIgniter.php(499): CodeIgniter\CodeIgniter->runController()
 3 SYSTEMPATH/CodeIgniter.php(368): CodeIgniter\CodeIgniter->handleRequest()
 4 FCPATH/index.php(67): CodeIgniter\CodeIgniter->run()
CRITICAL - 2023-03-29 05:49:09 --> Cannot use object of type CodeIgniter\Session\Session as array
in APPPATH/Controllers/AuthController.php on line 104.
 1 SYSTEMPATH/CodeIgniter.php(934): App\Controllers\AuthController->getAJAXResult()
 2 SYSTEMPATH/CodeIgniter.php(499): CodeIgniter\CodeIgniter->runController()
 3 SYSTEMPATH/CodeIgniter.php(368): CodeIgniter\CodeIgniter->handleRequest()
 4 FCPATH/index.php(67): CodeIgniter\CodeIgniter->run()
CRITICAL - 2023-03-29 05:49:11 --> Cannot use object of type CodeIgniter\Session\Session as array
in APPPATH/Controllers/AuthController.php on line 104.
 1 SYSTEMPATH/CodeIgniter.php(934): App\Controllers\AuthController->getAJAXResult()
 2 SYSTEMPATH/CodeIgniter.php(499): CodeIgniter\CodeIgniter->runController()
 3 SYSTEMPATH/CodeIgniter.php(368): CodeIgniter\CodeIgniter->handleRequest()
 4 FCPATH/index.php(67): CodeIgniter\CodeIgniter->run()
CRITICAL - 2023-03-29 05:49:36 --> Cannot use object of type CodeIgniter\Session\Session as array
in APPPATH/Controllers/AuthController.php on line 104.
 1 SYSTEMPATH/CodeIgniter.php(934): App\Controllers\AuthController->getAJAXResult()
 2 SYSTEMPATH/CodeIgniter.php(499): CodeIgniter\CodeIgniter->runController()
 3 SYSTEMPATH/CodeIgniter.php(368): CodeIgniter\CodeIgniter->handleRequest()
 4 FCPATH/index.php(67): CodeIgniter\CodeIgniter->run()
CRITICAL - 2023-03-29 05:50:35 --> Cannot use object of type CodeIgniter\Session\Session as array
in APPPATH/Controllers/AuthController.php on line 104.
 1 SYSTEMPATH/CodeIgniter.php(934): App\Controllers\AuthController->getAJAXResult()
 2 SYSTEMPATH/CodeIgniter.php(499): CodeIgniter\CodeIgniter->runController()
 3 SYSTEMPATH/CodeIgniter.php(368): CodeIgniter\CodeIgniter->handleRequest()
 4 FCPATH/index.php(67): CodeIgniter\CodeIgniter->run()
CRITICAL - 2023-03-29 05:53:31 --> Cannot use object of type CodeIgniter\Session\Session as array
in APPPATH/Controllers/AuthController.php on line 104.
 1 SYSTEMPATH/CodeIgniter.php(934): App\Controllers\AuthController->getAJAXResult()
 2 SYSTEMPATH/CodeIgniter.php(499): CodeIgniter\CodeIgniter->runController()
 3 SYSTEMPATH/CodeIgniter.php(368): CodeIgniter\CodeIgniter->handleRequest()
 4 FCPATH/index.php(67): CodeIgniter\CodeIgniter->run()
CRITICAL - 2023-03-29 05:53:32 --> Cannot use object of type CodeIgniter\Session\Session as array
in APPPATH/Controllers/AuthController.php on line 104.
 1 SYSTEMPATH/CodeIgniter.php(934): App\Controllers\AuthController->getAJAXResult()
 2 SYSTEMPATH/CodeIgniter.php(499): CodeIgniter\CodeIgniter->runController()
 3 SYSTEMPATH/CodeIgniter.php(368): CodeIgniter\CodeIgniter->handleRequest()
 4 FCPATH/index.php(67): CodeIgniter\CodeIgniter->run()
CRITICAL - 2023-03-29 05:53:34 --> Cannot use object of type CodeIgniter\Session\Session as array
in APPPATH/Controllers/AuthController.php on line 104.
 1 SYSTEMPATH/CodeIgniter.php(934): App\Controllers\AuthController->getAJAXResult()
 2 SYSTEMPATH/CodeIgniter.php(499): CodeIgniter\CodeIgniter->runController()
 3 SYSTEMPATH/CodeIgniter.php(368): CodeIgniter\CodeIgniter->handleRequest()
 4 FCPATH/index.php(67): CodeIgniter\CodeIgniter->run()
CRITICAL - 2023-03-29 05:53:44 --> Cannot use object of type CodeIgniter\Session\Session as array
in APPPATH/Controllers/AuthController.php on line 104.
 1 SYSTEMPATH/CodeIgniter.php(934): App\Controllers\AuthController->getAJAXResult()
 2 SYSTEMPATH/CodeIgniter.php(499): CodeIgniter\CodeIgniter->runController()
 3 SYSTEMPATH/CodeIgniter.php(368): CodeIgniter\CodeIgniter->handleRequest()
 4 FCPATH/index.php(67): CodeIgniter\CodeIgniter->run()
CRITICAL - 2023-03-29 05:54:14 --> Cannot use object of type CodeIgniter\Session\Session as array
in APPPATH/Controllers/AuthController.php on line 105.
 1 SYSTEMPATH/CodeIgniter.php(934): App\Controllers\AuthController->getAJAXResult()
 2 SYSTEMPATH/CodeIgniter.php(499): CodeIgniter\CodeIgniter->runController()
 3 SYSTEMPATH/CodeIgniter.php(368): CodeIgniter\CodeIgniter->handleRequest()
 4 FCPATH/index.php(67): CodeIgniter\CodeIgniter->run()
CRITICAL - 2023-03-29 05:54:18 --> Cannot use object of type CodeIgniter\Session\Session as array
in APPPATH/Controllers/AuthController.php on line 105.
 1 SYSTEMPATH/CodeIgniter.php(934): App\Controllers\AuthController->getAJAXResult()
 2 SYSTEMPATH/CodeIgniter.php(499): CodeIgniter\CodeIgniter->runController()
 3 SYSTEMPATH/CodeIgniter.php(368): CodeIgniter\CodeIgniter->handleRequest()
 4 FCPATH/index.php(67): CodeIgniter\CodeIgniter->run()
CRITICAL - 2023-03-29 05:54:19 --> Cannot use object of type CodeIgniter\Session\Session as array
in APPPATH/Controllers/AuthController.php on line 105.
 1 SYSTEMPATH/CodeIgniter.php(934): App\Controllers\AuthController->getAJAXResult()
 2 SYSTEMPATH/CodeIgniter.php(499): CodeIgniter\CodeIgniter->runController()
 3 SYSTEMPATH/CodeIgniter.php(368): CodeIgniter\CodeIgniter->handleRequest()
 4 FCPATH/index.php(67): CodeIgniter\CodeIgniter->run()
CRITICAL - 2023-03-29 05:58:30 --> Cannot use object of type CodeIgniter\Session\Session as array
in APPPATH/Controllers/AuthController.php on line 105.
 1 SYSTEMPATH/CodeIgniter.php(934): App\Controllers\AuthController->getAJAXResult()
 2 SYSTEMPATH/CodeIgniter.php(499): CodeIgniter\CodeIgniter->runController()
 3 SYSTEMPATH/CodeIgniter.php(368): CodeIgniter\CodeIgniter->handleRequest()
 4 FCPATH/index.php(67): CodeIgniter\CodeIgniter->run()
CRITICAL - 2023-03-29 05:59:17 --> Undefined constant "App\Controllers\login"
in APPPATH/Controllers/AuthController.php on line 103.
 1 SYSTEMPATH/CodeIgniter.php(934): App\Controllers\AuthController->getAJAXResult()
 2 SYSTEMPATH/CodeIgniter.php(499): CodeIgniter\CodeIgniter->runController()
 3 SYSTEMPATH/CodeIgniter.php(368): CodeIgniter\CodeIgniter->handleRequest()
 4 FCPATH/index.php(67): CodeIgniter\CodeIgniter->run()
CRITICAL - 2023-03-29 05:59:17 --> Undefined constant "App\Controllers\login"
in APPPATH/Controllers/AuthController.php on line 103.
 1 SYSTEMPATH/CodeIgniter.php(934): App\Controllers\AuthController->getAJAXResult()
 2 SYSTEMPATH/CodeIgniter.php(499): CodeIgniter\CodeIgniter->runController()
 3 SYSTEMPATH/CodeIgniter.php(368): CodeIgniter\CodeIgniter->handleRequest()
 4 FCPATH/index.php(67): CodeIgniter\CodeIgniter->run()
CRITICAL - 2023-03-29 05:59:18 --> Undefined constant "App\Controllers\login"
in APPPATH/Controllers/AuthController.php on line 103.
 1 SYSTEMPATH/CodeIgniter.php(934): App\Controllers\AuthController->getAJAXResult()
 2 SYSTEMPATH/CodeIgniter.php(499): CodeIgniter\CodeIgniter->runController()
 3 SYSTEMPATH/CodeIgniter.php(368): CodeIgniter\CodeIgniter->handleRequest()
 4 FCPATH/index.php(67): CodeIgniter\CodeIgniter->run()
CRITICAL - 2023-03-29 05:59:18 --> Undefined constant "App\Controllers\login"
in APPPATH/Controllers/AuthController.php on line 103.
 1 SYSTEMPATH/CodeIgniter.php(934): App\Controllers\AuthController->getAJAXResult()
 2 SYSTEMPATH/CodeIgniter.php(499): CodeIgniter\CodeIgniter->runController()
 3 SYSTEMPATH/CodeIgniter.php(368): CodeIgniter\CodeIgniter->handleRequest()
 4 FCPATH/index.php(67): CodeIgniter\CodeIgniter->run()
CRITICAL - 2023-03-29 05:59:20 --> Undefined constant "App\Controllers\login"
in APPPATH/Controllers/AuthController.php on line 103.
 1 SYSTEMPATH/CodeIgniter.php(934): App\Controllers\AuthController->getAJAXResult()
 2 SYSTEMPATH/CodeIgniter.php(499): CodeIgniter\CodeIgniter->runController()
 3 SYSTEMPATH/CodeIgniter.php(368): CodeIgniter\CodeIgniter->handleRequest()
 4 FCPATH/index.php(67): CodeIgniter\CodeIgniter->run()
CRITICAL - 2023-03-29 05:59:20 --> Undefined constant "App\Controllers\login"
in APPPATH/Controllers/AuthController.php on line 103.
 1 SYSTEMPATH/CodeIgniter.php(934): App\Controllers\AuthController->getAJAXResult()
 2 SYSTEMPATH/CodeIgniter.php(499): CodeIgniter\CodeIgniter->runController()
 3 SYSTEMPATH/CodeIgniter.php(368): CodeIgniter\CodeIgniter->handleRequest()
 4 FCPATH/index.php(67): CodeIgniter\CodeIgniter->run()
CRITICAL - 2023-03-29 06:02:18 --> Cannot use object of type CodeIgniter\Session\Session as array
in APPPATH/Controllers/AuthController.php on line 106.
 1 SYSTEMPATH/CodeIgniter.php(934): App\Controllers\AuthController->getAJAXResult()
 2 SYSTEMPATH/CodeIgniter.php(499): CodeIgniter\CodeIgniter->runController()
 3 SYSTEMPATH/CodeIgniter.php(368): CodeIgniter\CodeIgniter->handleRequest()
 4 FCPATH/index.php(67): CodeIgniter\CodeIgniter->run()
CRITICAL - 2023-03-29 06:02:18 --> Cannot use object of type CodeIgniter\Session\Session as array
in APPPATH/Controllers/AuthController.php on line 106.
 1 SYSTEMPATH/CodeIgniter.php(934): App\Controllers\AuthController->getAJAXResult()
 2 SYSTEMPATH/CodeIgniter.php(499): CodeIgniter\CodeIgniter->runController()
 3 SYSTEMPATH/CodeIgniter.php(368): CodeIgniter\CodeIgniter->handleRequest()
 4 FCPATH/index.php(67): CodeIgniter\CodeIgniter->run()
CRITICAL - 2023-03-29 06:02:20 --> Cannot use object of type CodeIgniter\Session\Session as array
in APPPATH/Controllers/AuthController.php on line 106.
 1 SYSTEMPATH/CodeIgniter.php(934): App\Controllers\AuthController->getAJAXResult()
 2 SYSTEMPATH/CodeIgniter.php(499): CodeIgniter\CodeIgniter->runController()
 3 SYSTEMPATH/CodeIgniter.php(368): CodeIgniter\CodeIgniter->handleRequest()
 4 FCPATH/index.php(67): CodeIgniter\CodeIgniter->run()
CRITICAL - 2023-03-29 06:02:21 --> Cannot use object of type CodeIgniter\Session\Session as array
in APPPATH/Controllers/AuthController.php on line 106.
 1 SYSTEMPATH/CodeIgniter.php(934): App\Controllers\AuthController->getAJAXResult()
 2 SYSTEMPATH/CodeIgniter.php(499): CodeIgniter\CodeIgniter->runController()
 3 SYSTEMPATH/CodeIgniter.php(368): CodeIgniter\CodeIgniter->handleRequest()
 4 FCPATH/index.php(67): CodeIgniter\CodeIgniter->run()
CRITICAL - 2023-03-29 06:02:21 --> Cannot use object of type CodeIgniter\Session\Session as array
in APPPATH/Controllers/AuthController.php on line 106.
 1 SYSTEMPATH/CodeIgniter.php(934): App\Controllers\AuthController->getAJAXResult()
 2 SYSTEMPATH/CodeIgniter.php(499): CodeIgniter\CodeIgniter->runController()
 3 SYSTEMPATH/CodeIgniter.php(368): CodeIgniter\CodeIgniter->handleRequest()
 4 FCPATH/index.php(67): CodeIgniter\CodeIgniter->run()
CRITICAL - 2023-03-29 06:02:22 --> Cannot use object of type CodeIgniter\Session\Session as array
in APPPATH/Controllers/AuthController.php on line 106.
 1 SYSTEMPATH/CodeIgniter.php(934): App\Controllers\AuthController->getAJAXResult()
 2 SYSTEMPATH/CodeIgniter.php(499): CodeIgniter\CodeIgniter->runController()
 3 SYSTEMPATH/CodeIgniter.php(368): CodeIgniter\CodeIgniter->handleRequest()
 4 FCPATH/index.php(67): CodeIgniter\CodeIgniter->run()
CRITICAL - 2023-03-29 06:02:22 --> Cannot use object of type CodeIgniter\Session\Session as array
in APPPATH/Controllers/AuthController.php on line 106.
 1 SYSTEMPATH/CodeIgniter.php(934): App\Controllers\AuthController->getAJAXResult()
 2 SYSTEMPATH/CodeIgniter.php(499): CodeIgniter\CodeIgniter->runController()
 3 SYSTEMPATH/CodeIgniter.php(368): CodeIgniter\CodeIgniter->handleRequest()
 4 FCPATH/index.php(67): CodeIgniter\CodeIgniter->run()
CRITICAL - 2023-03-29 06:02:22 --> Cannot use object of type CodeIgniter\Session\Session as array
in APPPATH/Controllers/AuthController.php on line 106.
 1 SYSTEMPATH/CodeIgniter.php(934): App\Controllers\AuthController->getAJAXResult()
 2 SYSTEMPATH/CodeIgniter.php(499): CodeIgniter\CodeIgniter->runController()
 3 SYSTEMPATH/CodeIgniter.php(368): CodeIgniter\CodeIgniter->handleRequest()
 4 FCPATH/index.php(67): CodeIgniter\CodeIgniter->run()
CRITICAL - 2023-03-29 06:02:58 --> Cannot use object of type CodeIgniter\Session\Session as array
in APPPATH/Controllers/AuthController.php on line 106.
 1 SYSTEMPATH/CodeIgniter.php(934): App\Controllers\AuthController->getAJAXResult()
 2 SYSTEMPATH/CodeIgniter.php(499): CodeIgniter\CodeIgniter->runController()
 3 SYSTEMPATH/CodeIgniter.php(368): CodeIgniter\CodeIgniter->handleRequest()
 4 FCPATH/index.php(67): CodeIgniter\CodeIgniter->run()
CRITICAL - 2023-03-29 06:37:35 --> Undefined constant "App\Controllers\testdata"
in APPPATH/Controllers/AuthController.php on line 105.
 1 SYSTEMPATH/CodeIgniter.php(934): App\Controllers\AuthController->getAJAXResult()
 2 SYSTEMPATH/CodeIgniter.php(499): CodeIgniter\CodeIgniter->runController()
 3 SYSTEMPATH/CodeIgniter.php(368): CodeIgniter\CodeIgniter->handleRequest()
 4 FCPATH/index.php(67): CodeIgniter\CodeIgniter->run()
CRITICAL - 2023-03-29 06:38:09 --> Undefined constant "App\Controllers\testdata"
in APPPATH/Controllers/AuthController.php on line 105.
 1 SYSTEMPATH/CodeIgniter.php(934): App\Controllers\AuthController->getAJAXResult()
 2 SYSTEMPATH/CodeIgniter.php(499): CodeIgniter\CodeIgniter->runController()
 3 SYSTEMPATH/CodeIgniter.php(368): CodeIgniter\CodeIgniter->handleRequest()
 4 FCPATH/index.php(67): CodeIgniter\CodeIgniter->run()
CRITICAL - 2023-03-29 06:41:23 --> Undefined constant "App\Controllers\testdata"
in APPPATH/Controllers/AuthController.php on line 105.
 1 SYSTEMPATH/CodeIgniter.php(934): App\Controllers\AuthController->getAJAXResult()
 2 SYSTEMPATH/CodeIgniter.php(499): CodeIgniter\CodeIgniter->runController()
 3 SYSTEMPATH/CodeIgniter.php(368): CodeIgniter\CodeIgniter->handleRequest()
 4 FCPATH/index.php(67): CodeIgniter\CodeIgniter->run()
CRITICAL - 2023-03-29 06:43:04 --> Undefined constant "App\Controllers\testdata"
in APPPATH/Controllers/AuthController.php on line 105.
 1 SYSTEMPATH/CodeIgniter.php(934): App\Controllers\AuthController->getAJAXResult()
 2 SYSTEMPATH/CodeIgniter.php(499): CodeIgniter\CodeIgniter->runController()
 3 SYSTEMPATH/CodeIgniter.php(368): CodeIgniter\CodeIgniter->handleRequest()
 4 FCPATH/index.php(67): CodeIgniter\CodeIgniter->run()
CRITICAL - 2023-03-29 06:44:15 --> Undefined constant "App\Controllers\testdata"
in APPPATH/Controllers/AuthController.php on line 105.
 1 SYSTEMPATH/CodeIgniter.php(934): App\Controllers\AuthController->getAJAXResult()
 2 SYSTEMPATH/CodeIgniter.php(499): CodeIgniter\CodeIgniter->runController()
 3 SYSTEMPATH/CodeIgniter.php(368): CodeIgniter\CodeIgniter->handleRequest()
 4 FCPATH/index.php(67): CodeIgniter\CodeIgniter->run()
CRITICAL - 2023-03-29 06:44:29 --> Undefined constant "App\Controllers\testdata"
in APPPATH/Controllers/AuthController.php on line 105.
 1 SYSTEMPATH/CodeIgniter.php(934): App\Controllers\AuthController->getAJAXResult()
 2 SYSTEMPATH/CodeIgniter.php(499): CodeIgniter\CodeIgniter->runController()
 3 SYSTEMPATH/CodeIgniter.php(368): CodeIgniter\CodeIgniter->handleRequest()
 4 FCPATH/index.php(67): CodeIgniter\CodeIgniter->run()
CRITICAL - 2023-03-29 06:52:32 --> Too few arguments to function CodeIgniter\HTTP\IncomingRequest::__construct(), 0 passed in /var/www/htdocs/demo/app/Controllers/AuthController.php on line 114 and at least 1 expected
in SYSTEMPATH/HTTP/IncomingRequest.php on line 151.
 1 APPPATH/Controllers/AuthController.php(114): CodeIgniter\HTTP\IncomingRequest->__construct()
 2 SYSTEMPATH/CodeIgniter.php(934): App\Controllers\AuthController->getAJAXResult()
 3 SYSTEMPATH/CodeIgniter.php(499): CodeIgniter\CodeIgniter->runController()
 4 SYSTEMPATH/CodeIgniter.php(368): CodeIgniter\CodeIgniter->handleRequest()
 5 FCPATH/index.php(67): CodeIgniter\CodeIgniter->run()
CRITICAL - 2023-03-29 06:53:04 --> Too few arguments to function CodeIgniter\HTTP\IncomingRequest::__construct(), 0 passed in /var/www/htdocs/demo/app/Controllers/AuthController.php on line 114 and at least 1 expected
in SYSTEMPATH/HTTP/IncomingRequest.php on line 151.
 1 APPPATH/Controllers/AuthController.php(114): CodeIgniter\HTTP\IncomingRequest->__construct()
 2 SYSTEMPATH/CodeIgniter.php(934): App\Controllers\AuthController->getAJAXResult()
 3 SYSTEMPATH/CodeIgniter.php(499): CodeIgniter\CodeIgniter->runController()
 4 SYSTEMPATH/CodeIgniter.php(368): CodeIgniter\CodeIgniter->handleRequest()
 5 FCPATH/index.php(67): CodeIgniter\CodeIgniter->run()
CRITICAL - 2023-03-29 07:10:23 --> join(): Argument #2 ($array) must be of type ?array, string given
in APPPATH/Models/PubModel.php on line 27.
 1 APPPATH/Models/PubModel.php(27): join()
 2 APPPATH/Controllers/AuthController.php(110): App\Models\PubModel->getAllMyPub()
 3 SYSTEMPATH/CodeIgniter.php(934): App\Controllers\AuthController->getAJAXResult()
 4 SYSTEMPATH/CodeIgniter.php(499): CodeIgniter\CodeIgniter->runController()
 5 SYSTEMPATH/CodeIgniter.php(368): CodeIgniter\CodeIgniter->handleRequest()
 6 FCPATH/index.php(67): CodeIgniter\CodeIgniter->run()
CRITICAL - 2023-03-29 07:11:23 --> join(): Argument #2 ($array) must be of type ?array, string given
in APPPATH/Models/PubModel.php on line 27.
 1 APPPATH/Models/PubModel.php(27): join()
 2 APPPATH/Controllers/AuthController.php(111): App\Models\PubModel->getAllMyPub()
 3 SYSTEMPATH/CodeIgniter.php(934): App\Controllers\AuthController->getAJAXResult()
 4 SYSTEMPATH/CodeIgniter.php(499): CodeIgniter\CodeIgniter->runController()
 5 SYSTEMPATH/CodeIgniter.php(368): CodeIgniter\CodeIgniter->handleRequest()
 6 FCPATH/index.php(67): CodeIgniter\CodeIgniter->run()
CRITICAL - 2023-03-29 07:12:32 --> join(): Argument #2 ($array) must be of type ?array, string given
in APPPATH/Models/PubModel.php on line 27.
 1 APPPATH/Models/PubModel.php(27): join()
 2 APPPATH/Controllers/AuthController.php(111): App\Models\PubModel->getAllMyPub()
 3 SYSTEMPATH/CodeIgniter.php(934): App\Controllers\AuthController->getAJAXResult()
 4 SYSTEMPATH/CodeIgniter.php(499): CodeIgniter\CodeIgniter->runController()
 5 SYSTEMPATH/CodeIgniter.php(368): CodeIgniter\CodeIgniter->handleRequest()
 6 FCPATH/index.php(67): CodeIgniter\CodeIgniter->run()
CRITICAL - 2023-03-29 08:17:16 --> CodeIgniter\Database\BaseBuilder::get(): Argument #1 ($limit) must be of type ?int, string given, called in /var/www/htdocs/demo/system/Model.php on line 840
in SYSTEMPATH/Database/BaseBuilder.php on line 1608.
 1 SYSTEMPATH/Model.php(840): CodeIgniter\Database\BaseBuilder->get()
 2 APPPATH/Models/PubModel.php(32): CodeIgniter\Model->__call()
 3 APPPATH/Controllers/AuthController.php(111): App\Models\PubModel->getAllMyPub()
 4 SYSTEMPATH/CodeIgniter.php(934): App\Controllers\AuthController->getAJAXResult()
 5 SYSTEMPATH/CodeIgniter.php(499): CodeIgniter\CodeIgniter->runController()
 6 SYSTEMPATH/CodeIgniter.php(368): CodeIgniter\CodeIgniter->handleRequest()
 7 FCPATH/index.php(67): CodeIgniter\CodeIgniter->run()
CRITICAL - 2023-03-29 08:17:33 --> CodeIgniter\Database\BaseBuilder::get(): Argument #1 ($limit) must be of type ?int, string given, called in /var/www/htdocs/demo/system/Model.php on line 840
in SYSTEMPATH/Database/BaseBuilder.php on line 1608.
 1 SYSTEMPATH/Model.php(840): CodeIgniter\Database\BaseBuilder->get()
 2 APPPATH/Models/PubModel.php(32): CodeIgniter\Model->__call()
 3 APPPATH/Controllers/AuthController.php(111): App\Models\PubModel->getAllMyPub()
 4 SYSTEMPATH/CodeIgniter.php(934): App\Controllers\AuthController->getAJAXResult()
 5 SYSTEMPATH/CodeIgniter.php(499): CodeIgniter\CodeIgniter->runController()
 6 SYSTEMPATH/CodeIgniter.php(368): CodeIgniter\CodeIgniter->handleRequest()
 7 FCPATH/index.php(67): CodeIgniter\CodeIgniter->run()
CRITICAL - 2023-03-29 08:17:55 --> CodeIgniter\Database\BaseBuilder::get(): Argument #1 ($limit) must be of type ?int, string given, called in /var/www/htdocs/demo/system/Model.php on line 840
in SYSTEMPATH/Database/BaseBuilder.php on line 1608.
 1 SYSTEMPATH/Model.php(840): CodeIgniter\Database\BaseBuilder->get()
 2 APPPATH/Models/PubModel.php(32): CodeIgniter\Model->__call()
 3 APPPATH/Controllers/AuthController.php(111): App\Models\PubModel->getAllMyPub()
 4 SYSTEMPATH/CodeIgniter.php(934): App\Controllers\AuthController->getAJAXResult()
 5 SYSTEMPATH/CodeIgniter.php(499): CodeIgniter\CodeIgniter->runController()
 6 SYSTEMPATH/CodeIgniter.php(368): CodeIgniter\CodeIgniter->handleRequest()
 7 FCPATH/index.php(67): CodeIgniter\CodeIgniter->run()
CRITICAL - 2023-03-29 08:18:44 --> CodeIgniter\Database\BaseBuilder::get(): Argument #1 ($limit) must be of type ?int, string given, called in /var/www/htdocs/demo/system/Model.php on line 840
in SYSTEMPATH/Database/BaseBuilder.php on line 1608.
 1 SYSTEMPATH/Model.php(840): CodeIgniter\Database\BaseBuilder->get()
 2 APPPATH/Models/PubModel.php(32): CodeIgniter\Model->__call()
 3 APPPATH/Controllers/AuthController.php(111): App\Models\PubModel->getAllMyPub()
 4 SYSTEMPATH/CodeIgniter.php(934): App\Controllers\AuthController->getAJAXResult()
 5 SYSTEMPATH/CodeIgniter.php(499): CodeIgniter\CodeIgniter->runController()
 6 SYSTEMPATH/CodeIgniter.php(368): CodeIgniter\CodeIgniter->handleRequest()
 7 FCPATH/index.php(67): CodeIgniter\CodeIgniter->run()
CRITICAL - 2023-03-29 08:21:28 --> CodeIgniter\Database\BaseBuilder::get(): Argument #1 ($limit) must be of type ?int, string given, called in /var/www/htdocs/demo/system/Model.php on line 840
in SYSTEMPATH/Database/BaseBuilder.php on line 1608.
 1 SYSTEMPATH/Model.php(840): CodeIgniter\Database\BaseBuilder->get()
 2 APPPATH/Models/PubModel.php(32): CodeIgniter\Model->__call()
 3 APPPATH/Controllers/AuthController.php(111): App\Models\PubModel->getAllMyPub()
 4 SYSTEMPATH/CodeIgniter.php(934): App\Controllers\AuthController->getAJAXResult()
 5 SYSTEMPATH/CodeIgniter.php(499): CodeIgniter\CodeIgniter->runController()
 6 SYSTEMPATH/CodeIgniter.php(368): CodeIgniter\CodeIgniter->handleRequest()
 7 FCPATH/index.php(67): CodeIgniter\CodeIgniter->run()
CRITICAL - 2023-03-29 08:22:21 --> CodeIgniter\Database\BaseBuilder::get(): Argument #1 ($limit) must be of type ?int, string given, called in /var/www/htdocs/demo/system/Model.php on line 840
in SYSTEMPATH/Database/BaseBuilder.php on line 1608.
 1 SYSTEMPATH/Model.php(840): CodeIgniter\Database\BaseBuilder->get()
 2 APPPATH/Models/PubModel.php(32): CodeIgniter\Model->__call()
 3 APPPATH/Controllers/AuthController.php(111): App\Models\PubModel->getAllMyPub()
 4 SYSTEMPATH/CodeIgniter.php(934): App\Controllers\AuthController->getAJAXResult()
 5 SYSTEMPATH/CodeIgniter.php(499): CodeIgniter\CodeIgniter->runController()
 6 SYSTEMPATH/CodeIgniter.php(368): CodeIgniter\CodeIgniter->handleRequest()
 7 FCPATH/index.php(67): CodeIgniter\CodeIgniter->run()
