CRITICAL - 2023-05-08 04:28:33 --> You must set the database table to be used with your query.
in SYSTEMPATH/Database/BaseConnection.php on line 882.
 1 SYSTEMPATH/Model.php(642): CodeIgniter\Database\BaseConnection->table()
 2 SYSTEMPATH/Model.php(832): CodeIgniter\Model->builder()
 3 APPPATH/Controllers/Forgot.php(21): CodeIgniter\Model->__call()
 4 SYSTEMPATH/CodeIgniter.php(934): App\Controllers\Forgot->send_reset_link()
 5 SYSTEMPATH/CodeIgniter.php(499): CodeIgniter\CodeIgniter->runController()
 6 SYSTEMPATH/CodeIgniter.php(368): CodeIgniter\CodeIgniter->handleRequest()
 7 FCPATH/index.php(67): CodeIgniter\CodeIgniter->run()
CRITICAL - 2023-05-08 04:28:50 --> You must set the database table to be used with your query.
in SYSTEMPATH/Database/BaseConnection.php on line 882.
 1 SYSTEMPATH/Model.php(642): CodeIgniter\Database\BaseConnection->table()
 2 SYSTEMPATH/Model.php(832): CodeIgniter\Model->builder()
 3 APPPATH/Controllers/Forgot.php(21): CodeIgniter\Model->__call()
 4 SYSTEMPATH/CodeIgniter.php(934): App\Controllers\Forgot->send_reset_link()
 5 SYSTEMPATH/CodeIgniter.php(499): CodeIgniter\CodeIgniter->runController()
 6 SYSTEMPATH/CodeIgniter.php(368): CodeIgniter\CodeIgniter->handleRequest()
 7 FCPATH/index.php(67): CodeIgniter\CodeIgniter->run()
CRITICAL - 2023-05-08 04:29:30 --> You must set the database table to be used with your query.
in SYSTEMPATH/Database/BaseConnection.php on line 882.
 1 SYSTEMPATH/Model.php(642): CodeIgniter\Database\BaseConnection->table()
 2 SYSTEMPATH/Model.php(832): CodeIgniter\Model->builder()
 3 APPPATH/Controllers/Forgot.php(21): CodeIgniter\Model->__call()
 4 SYSTEMPATH/CodeIgniter.php(934): App\Controllers\Forgot->send_reset_link()
 5 SYSTEMPATH/CodeIgniter.php(499): CodeIgniter\CodeIgniter->runController()
 6 SYSTEMPATH/CodeIgniter.php(368): CodeIgniter\CodeIgniter->handleRequest()
 7 FCPATH/index.php(67): CodeIgniter\CodeIgniter->run()
CRITICAL - 2023-05-08 04:30:31 --> You must set the database table to be used with your query.
in SYSTEMPATH/Database/BaseConnection.php on line 882.
 1 SYSTEMPATH/Model.php(642): CodeIgniter\Database\BaseConnection->table()
 2 SYSTEMPATH/Model.php(832): CodeIgniter\Model->builder()
 3 APPPATH/Controllers/Forgot.php(21): CodeIgniter\Model->__call()
 4 SYSTEMPATH/CodeIgniter.php(934): App\Controllers\Forgot->send_reset_link()
 5 SYSTEMPATH/CodeIgniter.php(499): CodeIgniter\CodeIgniter->runController()
 6 SYSTEMPATH/CodeIgniter.php(368): CodeIgniter\CodeIgniter->handleRequest()
 7 FCPATH/index.php(67): CodeIgniter\CodeIgniter->run()
CRITICAL - 2023-05-08 04:30:34 --> You must set the database table to be used with your query.
in SYSTEMPATH/Database/BaseConnection.php on line 882.
 1 SYSTEMPATH/Model.php(642): CodeIgniter\Database\BaseConnection->table()
 2 SYSTEMPATH/Model.php(832): CodeIgniter\Model->builder()
 3 APPPATH/Controllers/Forgot.php(21): CodeIgniter\Model->__call()
 4 SYSTEMPATH/CodeIgniter.php(934): App\Controllers\Forgot->send_reset_link()
 5 SYSTEMPATH/CodeIgniter.php(499): CodeIgniter\CodeIgniter->runController()
 6 SYSTEMPATH/CodeIgniter.php(368): CodeIgniter\CodeIgniter->handleRequest()
 7 FCPATH/index.php(67): CodeIgniter\CodeIgniter->run()
CRITICAL - 2023-05-08 04:47:16 --> You must set the database table to be used with your query.
in SYSTEMPATH/Database/BaseConnection.php on line 882.
 1 SYSTEMPATH/Model.php(642): CodeIgniter\Database\BaseConnection->table()
 2 SYSTEMPATH/Model.php(832): CodeIgniter\Model->builder()
 3 APPPATH/Controllers/Forgot.php(21): CodeIgniter\Model->__call()
 4 SYSTEMPATH/CodeIgniter.php(934): App\Controllers\Forgot->send_reset_link()
 5 SYSTEMPATH/CodeIgniter.php(499): CodeIgniter\CodeIgniter->runController()
 6 SYSTEMPATH/CodeIgniter.php(368): CodeIgniter\CodeIgniter->handleRequest()
 7 FCPATH/index.php(67): CodeIgniter\CodeIgniter->run()
CRITICAL - 2023-05-08 04:47:32 --> Call to undefined function App\Models\getRowArray()
in APPPATH/Models/User_model.php on line 50.
 1 APPPATH/Controllers/Forgot.php(21): App\Models\User_model->get_user_by_email()
 2 SYSTEMPATH/CodeIgniter.php(934): App\Controllers\Forgot->send_reset_link()
 3 SYSTEMPATH/CodeIgniter.php(499): CodeIgniter\CodeIgniter->runController()
 4 SYSTEMPATH/CodeIgniter.php(368): CodeIgniter\CodeIgniter->handleRequest()
 5 FCPATH/index.php(67): CodeIgniter\CodeIgniter->run()
CRITICAL - 2023-05-08 04:48:16 --> Allowed fields must be specified for model: "App\Models\User_model"
in SYSTEMPATH/BaseModel.php on line 1242.
 1 SYSTEMPATH/BaseModel.php(1242): CodeIgniter\Database\Exceptions\DataException::forInvalidAllowedFields()
 2 SYSTEMPATH/BaseModel.php(919): CodeIgniter\BaseModel->doProtectFields()
 3 SYSTEMPATH/Model.php(756): CodeIgniter\BaseModel->update()
 4 APPPATH/Controllers/Forgot.php(30): CodeIgniter\Model->update()
 5 SYSTEMPATH/CodeIgniter.php(934): App\Controllers\Forgot->send_reset_link()
 6 SYSTEMPATH/CodeIgniter.php(499): CodeIgniter\CodeIgniter->runController()
 7 SYSTEMPATH/CodeIgniter.php(368): CodeIgniter\CodeIgniter->handleRequest()
 8 FCPATH/index.php(67): CodeIgniter\CodeIgniter->run()
CRITICAL - 2023-05-08 07:39:49 --> Class "App\Models\Services" not found
in APPPATH/Models/User_model.php on line 68.
 1 APPPATH/Controllers/ForgotPassword.php(32): App\Models\User_model->send_reset_email()
 2 SYSTEMPATH/CodeIgniter.php(934): App\Controllers\ForgotPassword->send_reset_link()
 3 SYSTEMPATH/CodeIgniter.php(499): CodeIgniter\CodeIgniter->runController()
 4 SYSTEMPATH/CodeIgniter.php(368): CodeIgniter\CodeIgniter->handleRequest()
 5 FCPATH/index.php(67): CodeIgniter\CodeIgniter->run()
CRITICAL - 2023-05-08 07:42:45 --> Class "App\Models\Services" not found
in APPPATH/Models/User_model.php on line 69.
 1 APPPATH/Controllers/ForgotPassword.php(32): App\Models\User_model->send_reset_email()
 2 SYSTEMPATH/CodeIgniter.php(934): App\Controllers\ForgotPassword->send_reset_link()
 3 SYSTEMPATH/CodeIgniter.php(499): CodeIgniter\CodeIgniter->runController()
 4 SYSTEMPATH/CodeIgniter.php(368): CodeIgniter\CodeIgniter->handleRequest()
 5 FCPATH/index.php(67): CodeIgniter\CodeIgniter->run()
CRITICAL - 2023-05-08 07:43:25 --> Class "App\Models\Services" not found
in APPPATH/Models/User_model.php on line 69.
 1 APPPATH/Controllers/ForgotPassword.php(32): App\Models\User_model->send_reset_email()
 2 SYSTEMPATH/CodeIgniter.php(934): App\Controllers\ForgotPassword->send_reset_link()
 3 SYSTEMPATH/CodeIgniter.php(499): CodeIgniter\CodeIgniter->runController()
 4 SYSTEMPATH/CodeIgniter.php(368): CodeIgniter\CodeIgniter->handleRequest()
 5 FCPATH/index.php(67): CodeIgniter\CodeIgniter->run()
ERROR - 2023-05-08 07:44:01 --> Email: Unable to send email using PHP mail(). Your server might not be configured to send mail using this method.
ERROR - 2023-05-08 07:44:01 --> 
ERROR - 2023-05-08 07:44:04 --> Email: Unable to send email using PHP mail(). Your server might not be configured to send mail using this method.
ERROR - 2023-05-08 07:44:04 --> 
CRITICAL - 2023-05-08 10:47:18 --> Undefined variable $sortByFavorites
in APPPATH/Models/Post_model.php on line 21.
 1 APPPATH/Models/Post_model.php(21): CodeIgniter\Debug\Exceptions->errorHandler()
 2 APPPATH/Controllers/Home.php(23): App\Models\Post_model->get_posts_by_course()
 3 SYSTEMPATH/CodeIgniter.php(934): App\Controllers\Home->course_posts()
 4 SYSTEMPATH/CodeIgniter.php(499): CodeIgniter\CodeIgniter->runController()
 5 SYSTEMPATH/CodeIgniter.php(368): CodeIgniter\CodeIgniter->handleRequest()
 6 FCPATH/index.php(67): CodeIgniter\CodeIgniter->run()
CRITICAL - 2023-05-08 10:47:31 --> Undefined variable $sortByFavorites
in APPPATH/Models/Post_model.php on line 21.
 1 APPPATH/Models/Post_model.php(21): CodeIgniter\Debug\Exceptions->errorHandler()
 2 APPPATH/Controllers/Home.php(23): App\Models\Post_model->get_posts_by_course()
 3 SYSTEMPATH/CodeIgniter.php(934): App\Controllers\Home->course_posts()
 4 SYSTEMPATH/CodeIgniter.php(499): CodeIgniter\CodeIgniter->runController()
 5 SYSTEMPATH/CodeIgniter.php(368): CodeIgniter\CodeIgniter->handleRequest()
 6 FCPATH/index.php(67): CodeIgniter\CodeIgniter->run()
CRITICAL - 2023-05-08 10:48:02 --> Undefined variable $sortByFavorites
in APPPATH/Models/Post_model.php on line 21.
 1 APPPATH/Models/Post_model.php(21): CodeIgniter\Debug\Exceptions->errorHandler()
 2 APPPATH/Controllers/Home.php(24): App\Models\Post_model->get_posts_by_course()
 3 SYSTEMPATH/CodeIgniter.php(934): App\Controllers\Home->course_posts()
 4 SYSTEMPATH/CodeIgniter.php(499): CodeIgniter\CodeIgniter->runController()
 5 SYSTEMPATH/CodeIgniter.php(368): CodeIgniter\CodeIgniter->handleRequest()
 6 FCPATH/index.php(67): CodeIgniter\CodeIgniter->run()
CRITICAL - 2023-05-08 10:48:04 --> Undefined variable $sortByFavorites
in APPPATH/Models/Post_model.php on line 21.
 1 APPPATH/Models/Post_model.php(21): CodeIgniter\Debug\Exceptions->errorHandler()
 2 APPPATH/Controllers/Home.php(24): App\Models\Post_model->get_posts_by_course()
 3 SYSTEMPATH/CodeIgniter.php(934): App\Controllers\Home->course_posts()
 4 SYSTEMPATH/CodeIgniter.php(499): CodeIgniter\CodeIgniter->runController()
 5 SYSTEMPATH/CodeIgniter.php(368): CodeIgniter\CodeIgniter->handleRequest()
 6 FCPATH/index.php(67): CodeIgniter\CodeIgniter->run()
CRITICAL - 2023-05-08 10:48:07 --> Undefined variable $sortByFavorites
in APPPATH/Models/Post_model.php on line 21.
 1 APPPATH/Models/Post_model.php(21): CodeIgniter\Debug\Exceptions->errorHandler()
 2 APPPATH/Controllers/Home.php(24): App\Models\Post_model->get_posts_by_course()
 3 SYSTEMPATH/CodeIgniter.php(934): App\Controllers\Home->course_posts()
 4 SYSTEMPATH/CodeIgniter.php(499): CodeIgniter\CodeIgniter->runController()
 5 SYSTEMPATH/CodeIgniter.php(368): CodeIgniter\CodeIgniter->handleRequest()
 6 FCPATH/index.php(67): CodeIgniter\CodeIgniter->run()
CRITICAL - 2023-05-08 10:50:00 --> Undefined variable $sortByFavorites
in APPPATH/Models/Post_model.php on line 21.
 1 APPPATH/Models/Post_model.php(21): CodeIgniter\Debug\Exceptions->errorHandler()
 2 APPPATH/Controllers/Home.php(24): App\Models\Post_model->get_posts_by_course()
 3 SYSTEMPATH/CodeIgniter.php(934): App\Controllers\Home->course_posts()
 4 SYSTEMPATH/CodeIgniter.php(499): CodeIgniter\CodeIgniter->runController()
 5 SYSTEMPATH/CodeIgniter.php(368): CodeIgniter\CodeIgniter->handleRequest()
 6 FCPATH/index.php(67): CodeIgniter\CodeIgniter->run()
CRITICAL - 2023-05-08 10:50:03 --> Undefined variable $sortByFavorites
in APPPATH/Models/Post_model.php on line 21.
 1 APPPATH/Models/Post_model.php(21): CodeIgniter\Debug\Exceptions->errorHandler()
 2 APPPATH/Controllers/Home.php(24): App\Models\Post_model->get_posts_by_course()
 3 SYSTEMPATH/CodeIgniter.php(934): App\Controllers\Home->course_posts()
 4 SYSTEMPATH/CodeIgniter.php(499): CodeIgniter\CodeIgniter->runController()
 5 SYSTEMPATH/CodeIgniter.php(368): CodeIgniter\CodeIgniter->handleRequest()
 6 FCPATH/index.php(67): CodeIgniter\CodeIgniter->run()
CRITICAL - 2023-05-08 10:57:01 --> Call to undefined method CodeIgniter\HTTP\IncomingRequest::get()
in APPPATH/Controllers/Home.php on line 23.
 1 SYSTEMPATH/CodeIgniter.php(934): App\Controllers\Home->course_posts()
 2 SYSTEMPATH/CodeIgniter.php(499): CodeIgniter\CodeIgniter->runController()
 3 SYSTEMPATH/CodeIgniter.php(368): CodeIgniter\CodeIgniter->handleRequest()
 4 FCPATH/index.php(67): CodeIgniter\CodeIgniter->run()
CRITICAL - 2023-05-08 10:57:13 --> Undefined variable $sortByFavorites
in APPPATH/Models/Post_model.php on line 21.
 1 APPPATH/Models/Post_model.php(21): CodeIgniter\Debug\Exceptions->errorHandler()
 2 APPPATH/Controllers/Home.php(25): App\Models\Post_model->get_posts_by_course()
 3 SYSTEMPATH/CodeIgniter.php(934): App\Controllers\Home->course_posts()
 4 SYSTEMPATH/CodeIgniter.php(499): CodeIgniter\CodeIgniter->runController()
 5 SYSTEMPATH/CodeIgniter.php(368): CodeIgniter\CodeIgniter->handleRequest()
 6 FCPATH/index.php(67): CodeIgniter\CodeIgniter->run()
CRITICAL - 2023-05-08 10:57:21 --> Undefined variable $sortByFavorites
in APPPATH/Models/Post_model.php on line 21.
 1 APPPATH/Models/Post_model.php(21): CodeIgniter\Debug\Exceptions->errorHandler()
 2 APPPATH/Controllers/Home.php(25): App\Models\Post_model->get_posts_by_course()
 3 SYSTEMPATH/CodeIgniter.php(934): App\Controllers\Home->course_posts()
 4 SYSTEMPATH/CodeIgniter.php(499): CodeIgniter\CodeIgniter->runController()
 5 SYSTEMPATH/CodeIgniter.php(368): CodeIgniter\CodeIgniter->handleRequest()
 6 FCPATH/index.php(67): CodeIgniter\CodeIgniter->run()
CRITICAL - 2023-05-08 10:57:23 --> Undefined variable $sortByFavorites
in APPPATH/Models/Post_model.php on line 21.
 1 APPPATH/Models/Post_model.php(21): CodeIgniter\Debug\Exceptions->errorHandler()
 2 APPPATH/Controllers/Home.php(25): App\Models\Post_model->get_posts_by_course()
 3 SYSTEMPATH/CodeIgniter.php(934): App\Controllers\Home->course_posts()
 4 SYSTEMPATH/CodeIgniter.php(499): CodeIgniter\CodeIgniter->runController()
 5 SYSTEMPATH/CodeIgniter.php(368): CodeIgniter\CodeIgniter->handleRequest()
 6 FCPATH/index.php(67): CodeIgniter\CodeIgniter->run()
CRITICAL - 2023-05-08 10:59:43 --> Undefined variable $sortByFavorites
in APPPATH/Models/Post_model.php on line 21.
 1 APPPATH/Models/Post_model.php(21): CodeIgniter\Debug\Exceptions->errorHandler()
 2 APPPATH/Controllers/Home.php(25): App\Models\Post_model->get_posts_by_course()
 3 SYSTEMPATH/CodeIgniter.php(934): App\Controllers\Home->course_posts()
 4 SYSTEMPATH/CodeIgniter.php(499): CodeIgniter\CodeIgniter->runController()
 5 SYSTEMPATH/CodeIgniter.php(368): CodeIgniter\CodeIgniter->handleRequest()
 6 FCPATH/index.php(67): CodeIgniter\CodeIgniter->run()
CRITICAL - 2023-05-08 11:01:05 --> Undefined variable $sortByFavorites
in APPPATH/Models/Post_model.php on line 21.
 1 APPPATH/Models/Post_model.php(21): CodeIgniter\Debug\Exceptions->errorHandler()
 2 APPPATH/Controllers/Home.php(25): App\Models\Post_model->get_posts_by_course()
 3 SYSTEMPATH/CodeIgniter.php(934): App\Controllers\Home->course_posts()
 4 SYSTEMPATH/CodeIgniter.php(499): CodeIgniter\CodeIgniter->runController()
 5 SYSTEMPATH/CodeIgniter.php(368): CodeIgniter\CodeIgniter->handleRequest()
 6 FCPATH/index.php(67): CodeIgniter\CodeIgniter->run()
CRITICAL - 2023-05-08 11:01:08 --> Undefined variable $sortByFavorites
in APPPATH/Models/Post_model.php on line 21.
 1 APPPATH/Models/Post_model.php(21): CodeIgniter\Debug\Exceptions->errorHandler()
 2 APPPATH/Controllers/Home.php(25): App\Models\Post_model->get_posts_by_course()
 3 SYSTEMPATH/CodeIgniter.php(934): App\Controllers\Home->course_posts()
 4 SYSTEMPATH/CodeIgniter.php(499): CodeIgniter\CodeIgniter->runController()
 5 SYSTEMPATH/CodeIgniter.php(368): CodeIgniter\CodeIgniter->handleRequest()
 6 FCPATH/index.php(67): CodeIgniter\CodeIgniter->run()
CRITICAL - 2023-05-08 11:01:12 --> Undefined variable $sortByFavorites
in APPPATH/Models/Post_model.php on line 21.
 1 APPPATH/Models/Post_model.php(21): CodeIgniter\Debug\Exceptions->errorHandler()
 2 APPPATH/Controllers/Home.php(25): App\Models\Post_model->get_posts_by_course()
 3 SYSTEMPATH/CodeIgniter.php(934): App\Controllers\Home->course_posts()
 4 SYSTEMPATH/CodeIgniter.php(499): CodeIgniter\CodeIgniter->runController()
 5 SYSTEMPATH/CodeIgniter.php(368): CodeIgniter\CodeIgniter->handleRequest()
 6 FCPATH/index.php(67): CodeIgniter\CodeIgniter->run()
CRITICAL - 2023-05-08 12:43:11 --> Undefined variable $imagePath
in APPPATH/Controllers/Home.php on line 81.
 1 APPPATH/Controllers/Home.php(81): CodeIgniter\Debug\Exceptions->errorHandler()
 2 SYSTEMPATH/CodeIgniter.php(934): App\Controllers\Home->check_post()
 3 SYSTEMPATH/CodeIgniter.php(499): CodeIgniter\CodeIgniter->runController()
 4 SYSTEMPATH/CodeIgniter.php(368): CodeIgniter\CodeIgniter->handleRequest()
 5 FCPATH/index.php(67): CodeIgniter\CodeIgniter->run()
