CRITICAL - 2023-04-06 06:45:08 --> Call to undefined method CodeIgniter\HTTP\IncomingRequest::get()
in APPPATH/Controllers/Search.php on line 26.
 1 SYSTEMPATH/CodeIgniter.php(934): App\Controllers\Search->suggestions()
 2 SYSTEMPATH/CodeIgniter.php(499): CodeIgniter\CodeIgniter->runController()
 3 SYSTEMPATH/CodeIgniter.php(368): CodeIgniter\CodeIgniter->handleRequest()
 4 FCPATH/index.php(67): CodeIgniter\CodeIgniter->run()
CRITICAL - 2023-04-06 06:45:08 --> Call to undefined method CodeIgniter\HTTP\IncomingRequest::get()
in APPPATH/Controllers/Search.php on line 26.
 1 SYSTEMPATH/CodeIgniter.php(934): App\Controllers\Search->suggestions()
 2 SYSTEMPATH/CodeIgniter.php(499): CodeIgniter\CodeIgniter->runController()
 3 SYSTEMPATH/CodeIgniter.php(368): CodeIgniter\CodeIgniter->handleRequest()
 4 FCPATH/index.php(67): CodeIgniter\CodeIgniter->run()
CRITICAL - 2023-04-06 06:45:08 --> Call to undefined method CodeIgniter\HTTP\IncomingRequest::get()
in APPPATH/Controllers/Search.php on line 26.
 1 SYSTEMPATH/CodeIgniter.php(934): App\Controllers\Search->suggestions()
 2 SYSTEMPATH/CodeIgniter.php(499): CodeIgniter\CodeIgniter->runController()
 3 SYSTEMPATH/CodeIgniter.php(368): CodeIgniter\CodeIgniter->handleRequest()
 4 FCPATH/index.php(67): CodeIgniter\CodeIgniter->run()
CRITICAL - 2023-04-06 06:45:09 --> Call to undefined method CodeIgniter\HTTP\IncomingRequest::get()
in APPPATH/Controllers/Search.php on line 26.
 1 SYSTEMPATH/CodeIgniter.php(934): App\Controllers\Search->suggestions()
 2 SYSTEMPATH/CodeIgniter.php(499): CodeIgniter\CodeIgniter->runController()
 3 SYSTEMPATH/CodeIgniter.php(368): CodeIgniter\CodeIgniter->handleRequest()
 4 FCPATH/index.php(67): CodeIgniter\CodeIgniter->run()
CRITICAL - 2023-04-06 06:45:09 --> Call to undefined method CodeIgniter\HTTP\IncomingRequest::get()
in APPPATH/Controllers/Search.php on line 26.
 1 SYSTEMPATH/CodeIgniter.php(934): App\Controllers\Search->suggestions()
 2 SYSTEMPATH/CodeIgniter.php(499): CodeIgniter\CodeIgniter->runController()
 3 SYSTEMPATH/CodeIgniter.php(368): CodeIgniter\CodeIgniter->handleRequest()
 4 FCPATH/index.php(67): CodeIgniter\CodeIgniter->run()
CRITICAL - 2023-04-06 06:45:13 --> Call to undefined method CodeIgniter\HTTP\IncomingRequest::get()
in APPPATH/Controllers/Search.php on line 26.
 1 SYSTEMPATH/CodeIgniter.php(934): App\Controllers\Search->suggestions()
 2 SYSTEMPATH/CodeIgniter.php(499): CodeIgniter\CodeIgniter->runController()
 3 SYSTEMPATH/CodeIgniter.php(368): CodeIgniter\CodeIgniter->handleRequest()
 4 FCPATH/index.php(67): CodeIgniter\CodeIgniter->run()
CRITICAL - 2023-04-06 06:45:13 --> Call to undefined method CodeIgniter\HTTP\IncomingRequest::get()
in APPPATH/Controllers/Search.php on line 26.
 1 SYSTEMPATH/CodeIgniter.php(934): App\Controllers\Search->suggestions()
 2 SYSTEMPATH/CodeIgniter.php(499): CodeIgniter\CodeIgniter->runController()
 3 SYSTEMPATH/CodeIgniter.php(368): CodeIgniter\CodeIgniter->handleRequest()
 4 FCPATH/index.php(67): CodeIgniter\CodeIgniter->run()
CRITICAL - 2023-04-06 06:45:20 --> Call to undefined method CodeIgniter\HTTP\IncomingRequest::get()
in APPPATH/Controllers/Search.php on line 26.
 1 SYSTEMPATH/CodeIgniter.php(934): App\Controllers\Search->suggestions()
 2 SYSTEMPATH/CodeIgniter.php(499): CodeIgniter\CodeIgniter->runController()
 3 SYSTEMPATH/CodeIgniter.php(368): CodeIgniter\CodeIgniter->handleRequest()
 4 FCPATH/index.php(67): CodeIgniter\CodeIgniter->run()
CRITICAL - 2023-04-06 06:45:21 --> Call to undefined method CodeIgniter\HTTP\IncomingRequest::get()
in APPPATH/Controllers/Search.php on line 26.
 1 SYSTEMPATH/CodeIgniter.php(934): App\Controllers\Search->suggestions()
 2 SYSTEMPATH/CodeIgniter.php(499): CodeIgniter\CodeIgniter->runController()
 3 SYSTEMPATH/CodeIgniter.php(368): CodeIgniter\CodeIgniter->handleRequest()
 4 FCPATH/index.php(67): CodeIgniter\CodeIgniter->run()
CRITICAL - 2023-04-06 06:45:21 --> Call to undefined method CodeIgniter\HTTP\IncomingRequest::get()
in APPPATH/Controllers/Search.php on line 26.
 1 SYSTEMPATH/CodeIgniter.php(934): App\Controllers\Search->suggestions()
 2 SYSTEMPATH/CodeIgniter.php(499): CodeIgniter\CodeIgniter->runController()
 3 SYSTEMPATH/CodeIgniter.php(368): CodeIgniter\CodeIgniter->handleRequest()
 4 FCPATH/index.php(67): CodeIgniter\CodeIgniter->run()
CRITICAL - 2023-04-06 06:46:45 --> Call to undefined method CodeIgniter\HTTP\IncomingRequest::get()
in APPPATH/Controllers/Search.php on line 26.
 1 SYSTEMPATH/CodeIgniter.php(934): App\Controllers\Search->suggestions()
 2 SYSTEMPATH/CodeIgniter.php(499): CodeIgniter\CodeIgniter->runController()
 3 SYSTEMPATH/CodeIgniter.php(368): CodeIgniter\CodeIgniter->handleRequest()
 4 FCPATH/index.php(67): CodeIgniter\CodeIgniter->run()
CRITICAL - 2023-04-06 06:46:45 --> Call to undefined method CodeIgniter\HTTP\IncomingRequest::get()
in APPPATH/Controllers/Search.php on line 26.
 1 SYSTEMPATH/CodeIgniter.php(934): App\Controllers\Search->suggestions()
 2 SYSTEMPATH/CodeIgniter.php(499): CodeIgniter\CodeIgniter->runController()
 3 SYSTEMPATH/CodeIgniter.php(368): CodeIgniter\CodeIgniter->handleRequest()
 4 FCPATH/index.php(67): CodeIgniter\CodeIgniter->run()
CRITICAL - 2023-04-06 06:46:46 --> Call to undefined method CodeIgniter\HTTP\IncomingRequest::get()
in APPPATH/Controllers/Search.php on line 26.
 1 SYSTEMPATH/CodeIgniter.php(934): App\Controllers\Search->suggestions()
 2 SYSTEMPATH/CodeIgniter.php(499): CodeIgniter\CodeIgniter->runController()
 3 SYSTEMPATH/CodeIgniter.php(368): CodeIgniter\CodeIgniter->handleRequest()
 4 FCPATH/index.php(67): CodeIgniter\CodeIgniter->run()
CRITICAL - 2023-04-06 06:46:46 --> Call to undefined method CodeIgniter\HTTP\IncomingRequest::get()
in APPPATH/Controllers/Search.php on line 26.
 1 SYSTEMPATH/CodeIgniter.php(934): App\Controllers\Search->suggestions()
 2 SYSTEMPATH/CodeIgniter.php(499): CodeIgniter\CodeIgniter->runController()
 3 SYSTEMPATH/CodeIgniter.php(368): CodeIgniter\CodeIgniter->handleRequest()
 4 FCPATH/index.php(67): CodeIgniter\CodeIgniter->run()
CRITICAL - 2023-04-06 06:46:46 --> Call to undefined method CodeIgniter\HTTP\IncomingRequest::get()
in APPPATH/Controllers/Search.php on line 26.
 1 SYSTEMPATH/CodeIgniter.php(934): App\Controllers\Search->suggestions()
 2 SYSTEMPATH/CodeIgniter.php(499): CodeIgniter\CodeIgniter->runController()
 3 SYSTEMPATH/CodeIgniter.php(368): CodeIgniter\CodeIgniter->handleRequest()
 4 FCPATH/index.php(67): CodeIgniter\CodeIgniter->run()
CRITICAL - 2023-04-06 06:46:46 --> Call to undefined method CodeIgniter\HTTP\IncomingRequest::get()
in APPPATH/Controllers/Search.php on line 26.
 1 SYSTEMPATH/CodeIgniter.php(934): App\Controllers\Search->suggestions()
 2 SYSTEMPATH/CodeIgniter.php(499): CodeIgniter\CodeIgniter->runController()
 3 SYSTEMPATH/CodeIgniter.php(368): CodeIgniter\CodeIgniter->handleRequest()
 4 FCPATH/index.php(67): CodeIgniter\CodeIgniter->run()
CRITICAL - 2023-04-06 06:46:46 --> Call to undefined method CodeIgniter\HTTP\IncomingRequest::get()
in APPPATH/Controllers/Search.php on line 26.
 1 SYSTEMPATH/CodeIgniter.php(934): App\Controllers\Search->suggestions()
 2 SYSTEMPATH/CodeIgniter.php(499): CodeIgniter\CodeIgniter->runController()
 3 SYSTEMPATH/CodeIgniter.php(368): CodeIgniter\CodeIgniter->handleRequest()
 4 FCPATH/index.php(67): CodeIgniter\CodeIgniter->run()
CRITICAL - 2023-04-06 06:46:47 --> Call to undefined method CodeIgniter\HTTP\IncomingRequest::get()
in APPPATH/Controllers/Search.php on line 26.
 1 SYSTEMPATH/CodeIgniter.php(934): App\Controllers\Search->suggestions()
 2 SYSTEMPATH/CodeIgniter.php(499): CodeIgniter\CodeIgniter->runController()
 3 SYSTEMPATH/CodeIgniter.php(368): CodeIgniter\CodeIgniter->handleRequest()
 4 FCPATH/index.php(67): CodeIgniter\CodeIgniter->run()
CRITICAL - 2023-04-06 06:46:47 --> Call to undefined method CodeIgniter\HTTP\IncomingRequest::get()
in APPPATH/Controllers/Search.php on line 26.
 1 SYSTEMPATH/CodeIgniter.php(934): App\Controllers\Search->suggestions()
 2 SYSTEMPATH/CodeIgniter.php(499): CodeIgniter\CodeIgniter->runController()
 3 SYSTEMPATH/CodeIgniter.php(368): CodeIgniter\CodeIgniter->handleRequest()
 4 FCPATH/index.php(67): CodeIgniter\CodeIgniter->run()
CRITICAL - 2023-04-06 06:50:57 --> Call to undefined method CodeIgniter\HTTP\IncomingRequest::get()
in APPPATH/Controllers/Search.php on line 26.
 1 SYSTEMPATH/CodeIgniter.php(934): App\Controllers\Search->suggestions()
 2 SYSTEMPATH/CodeIgniter.php(499): CodeIgniter\CodeIgniter->runController()
 3 SYSTEMPATH/CodeIgniter.php(368): CodeIgniter\CodeIgniter->handleRequest()
 4 FCPATH/index.php(67): CodeIgniter\CodeIgniter->run()
CRITICAL - 2023-04-06 06:50:57 --> Call to undefined method CodeIgniter\HTTP\IncomingRequest::get()
in APPPATH/Controllers/Search.php on line 26.
 1 SYSTEMPATH/CodeIgniter.php(934): App\Controllers\Search->suggestions()
 2 SYSTEMPATH/CodeIgniter.php(499): CodeIgniter\CodeIgniter->runController()
 3 SYSTEMPATH/CodeIgniter.php(368): CodeIgniter\CodeIgniter->handleRequest()
 4 FCPATH/index.php(67): CodeIgniter\CodeIgniter->run()
CRITICAL - 2023-04-06 06:50:58 --> Call to undefined method CodeIgniter\HTTP\IncomingRequest::get()
in APPPATH/Controllers/Search.php on line 26.
 1 SYSTEMPATH/CodeIgniter.php(934): App\Controllers\Search->suggestions()
 2 SYSTEMPATH/CodeIgniter.php(499): CodeIgniter\CodeIgniter->runController()
 3 SYSTEMPATH/CodeIgniter.php(368): CodeIgniter\CodeIgniter->handleRequest()
 4 FCPATH/index.php(67): CodeIgniter\CodeIgniter->run()
CRITICAL - 2023-04-06 06:56:26 --> Call to undefined method CodeIgniter\HTTP\IncomingRequest::get()
in APPPATH/Controllers/Search.php on line 26.
 1 SYSTEMPATH/CodeIgniter.php(934): App\Controllers\Search->suggestions()
 2 SYSTEMPATH/CodeIgniter.php(499): CodeIgniter\CodeIgniter->runController()
 3 SYSTEMPATH/CodeIgniter.php(368): CodeIgniter\CodeIgniter->handleRequest()
 4 FCPATH/index.php(67): CodeIgniter\CodeIgniter->run()
CRITICAL - 2023-04-06 06:56:26 --> Call to undefined method CodeIgniter\HTTP\IncomingRequest::get()
in APPPATH/Controllers/Search.php on line 26.
 1 SYSTEMPATH/CodeIgniter.php(934): App\Controllers\Search->suggestions()
 2 SYSTEMPATH/CodeIgniter.php(499): CodeIgniter\CodeIgniter->runController()
 3 SYSTEMPATH/CodeIgniter.php(368): CodeIgniter\CodeIgniter->handleRequest()
 4 FCPATH/index.php(67): CodeIgniter\CodeIgniter->run()
CRITICAL - 2023-04-06 06:56:27 --> Call to undefined method CodeIgniter\HTTP\IncomingRequest::get()
in APPPATH/Controllers/Search.php on line 26.
 1 SYSTEMPATH/CodeIgniter.php(934): App\Controllers\Search->suggestions()
 2 SYSTEMPATH/CodeIgniter.php(499): CodeIgniter\CodeIgniter->runController()
 3 SYSTEMPATH/CodeIgniter.php(368): CodeIgniter\CodeIgniter->handleRequest()
 4 FCPATH/index.php(67): CodeIgniter\CodeIgniter->run()
CRITICAL - 2023-04-06 06:56:27 --> Call to undefined method CodeIgniter\HTTP\IncomingRequest::get()
in APPPATH/Controllers/Search.php on line 26.
 1 SYSTEMPATH/CodeIgniter.php(934): App\Controllers\Search->suggestions()
 2 SYSTEMPATH/CodeIgniter.php(499): CodeIgniter\CodeIgniter->runController()
 3 SYSTEMPATH/CodeIgniter.php(368): CodeIgniter\CodeIgniter->handleRequest()
 4 FCPATH/index.php(67): CodeIgniter\CodeIgniter->run()
CRITICAL - 2023-04-06 06:56:27 --> Call to undefined method CodeIgniter\HTTP\IncomingRequest::get()
in APPPATH/Controllers/Search.php on line 26.
 1 SYSTEMPATH/CodeIgniter.php(934): App\Controllers\Search->suggestions()
 2 SYSTEMPATH/CodeIgniter.php(499): CodeIgniter\CodeIgniter->runController()
 3 SYSTEMPATH/CodeIgniter.php(368): CodeIgniter\CodeIgniter->handleRequest()
 4 FCPATH/index.php(67): CodeIgniter\CodeIgniter->run()
CRITICAL - 2023-04-06 06:57:21 --> Call to undefined method CodeIgniter\HTTP\IncomingRequest::get()
in APPPATH/Controllers/Search.php on line 26.
 1 SYSTEMPATH/CodeIgniter.php(934): App\Controllers\Search->suggestions()
 2 SYSTEMPATH/CodeIgniter.php(499): CodeIgniter\CodeIgniter->runController()
 3 SYSTEMPATH/CodeIgniter.php(368): CodeIgniter\CodeIgniter->handleRequest()
 4 FCPATH/index.php(67): CodeIgniter\CodeIgniter->run()
CRITICAL - 2023-04-06 06:57:21 --> Call to undefined method CodeIgniter\HTTP\IncomingRequest::get()
in APPPATH/Controllers/Search.php on line 26.
 1 SYSTEMPATH/CodeIgniter.php(934): App\Controllers\Search->suggestions()
 2 SYSTEMPATH/CodeIgniter.php(499): CodeIgniter\CodeIgniter->runController()
 3 SYSTEMPATH/CodeIgniter.php(368): CodeIgniter\CodeIgniter->handleRequest()
 4 FCPATH/index.php(67): CodeIgniter\CodeIgniter->run()
CRITICAL - 2023-04-06 06:57:22 --> Call to undefined method CodeIgniter\HTTP\IncomingRequest::get()
in APPPATH/Controllers/Search.php on line 26.
 1 SYSTEMPATH/CodeIgniter.php(934): App\Controllers\Search->suggestions()
 2 SYSTEMPATH/CodeIgniter.php(499): CodeIgniter\CodeIgniter->runController()
 3 SYSTEMPATH/CodeIgniter.php(368): CodeIgniter\CodeIgniter->handleRequest()
 4 FCPATH/index.php(67): CodeIgniter\CodeIgniter->run()
CRITICAL - 2023-04-06 06:57:22 --> Call to undefined method CodeIgniter\HTTP\IncomingRequest::get()
in APPPATH/Controllers/Search.php on line 26.
 1 SYSTEMPATH/CodeIgniter.php(934): App\Controllers\Search->suggestions()
 2 SYSTEMPATH/CodeIgniter.php(499): CodeIgniter\CodeIgniter->runController()
 3 SYSTEMPATH/CodeIgniter.php(368): CodeIgniter\CodeIgniter->handleRequest()
 4 FCPATH/index.php(67): CodeIgniter\CodeIgniter->run()
CRITICAL - 2023-04-06 06:59:06 --> Call to undefined method CodeIgniter\HTTP\IncomingRequest::get()
in APPPATH/Controllers/Search.php on line 26.
 1 SYSTEMPATH/CodeIgniter.php(934): App\Controllers\Search->suggestions()
 2 SYSTEMPATH/CodeIgniter.php(499): CodeIgniter\CodeIgniter->runController()
 3 SYSTEMPATH/CodeIgniter.php(368): CodeIgniter\CodeIgniter->handleRequest()
 4 FCPATH/index.php(67): CodeIgniter\CodeIgniter->run()
CRITICAL - 2023-04-06 06:59:57 --> Call to undefined method CodeIgniter\HTTP\IncomingRequest::get()
in APPPATH/Controllers/Search.php on line 12.
 1 SYSTEMPATH/CodeIgniter.php(934): App\Controllers\Search->index()
 2 SYSTEMPATH/CodeIgniter.php(499): CodeIgniter\CodeIgniter->runController()
 3 SYSTEMPATH/CodeIgniter.php(368): CodeIgniter\CodeIgniter->handleRequest()
 4 FCPATH/index.php(67): CodeIgniter\CodeIgniter->run()
CRITICAL - 2023-04-06 07:00:48 --> Call to undefined method CodeIgniter\HTTP\IncomingRequest::get()
in APPPATH/Controllers/Search.php on line 12.
 1 SYSTEMPATH/CodeIgniter.php(934): App\Controllers\Search->index()
 2 SYSTEMPATH/CodeIgniter.php(499): CodeIgniter\CodeIgniter->runController()
 3 SYSTEMPATH/CodeIgniter.php(368): CodeIgniter\CodeIgniter->handleRequest()
 4 FCPATH/index.php(67): CodeIgniter\CodeIgniter->run()
CRITICAL - 2023-04-06 07:02:12 --> You must set the database table to be used with your query.
in SYSTEMPATH/Database/BaseConnection.php on line 882.
 1 SYSTEMPATH/Model.php(642): CodeIgniter\Database\BaseConnection->table()
 2 SYSTEMPATH/Model.php(832): CodeIgniter\Model->builder()
 3 APPPATH/Controllers/Search.php(30): CodeIgniter\Model->__call()
 4 SYSTEMPATH/CodeIgniter.php(934): App\Controllers\Search->suggestions()
 5 SYSTEMPATH/CodeIgniter.php(499): CodeIgniter\CodeIgniter->runController()
 6 SYSTEMPATH/CodeIgniter.php(368): CodeIgniter\CodeIgniter->handleRequest()
 7 FCPATH/index.php(67): CodeIgniter\CodeIgniter->run()
CRITICAL - 2023-04-06 07:02:12 --> You must set the database table to be used with your query.
in SYSTEMPATH/Database/BaseConnection.php on line 882.
 1 SYSTEMPATH/Model.php(642): CodeIgniter\Database\BaseConnection->table()
 2 SYSTEMPATH/Model.php(832): CodeIgniter\Model->builder()
 3 APPPATH/Controllers/Search.php(30): CodeIgniter\Model->__call()
 4 SYSTEMPATH/CodeIgniter.php(934): App\Controllers\Search->suggestions()
 5 SYSTEMPATH/CodeIgniter.php(499): CodeIgniter\CodeIgniter->runController()
 6 SYSTEMPATH/CodeIgniter.php(368): CodeIgniter\CodeIgniter->handleRequest()
 7 FCPATH/index.php(67): CodeIgniter\CodeIgniter->run()
CRITICAL - 2023-04-06 07:02:13 --> You must set the database table to be used with your query.
in SYSTEMPATH/Database/BaseConnection.php on line 882.
 1 SYSTEMPATH/Model.php(642): CodeIgniter\Database\BaseConnection->table()
 2 SYSTEMPATH/Model.php(832): CodeIgniter\Model->builder()
 3 APPPATH/Controllers/Search.php(30): CodeIgniter\Model->__call()
 4 SYSTEMPATH/CodeIgniter.php(934): App\Controllers\Search->suggestions()
 5 SYSTEMPATH/CodeIgniter.php(499): CodeIgniter\CodeIgniter->runController()
 6 SYSTEMPATH/CodeIgniter.php(368): CodeIgniter\CodeIgniter->handleRequest()
 7 FCPATH/index.php(67): CodeIgniter\CodeIgniter->run()
CRITICAL - 2023-04-06 07:02:13 --> You must set the database table to be used with your query.
in SYSTEMPATH/Database/BaseConnection.php on line 882.
 1 SYSTEMPATH/Model.php(642): CodeIgniter\Database\BaseConnection->table()
 2 SYSTEMPATH/Model.php(832): CodeIgniter\Model->builder()
 3 APPPATH/Controllers/Search.php(30): CodeIgniter\Model->__call()
 4 SYSTEMPATH/CodeIgniter.php(934): App\Controllers\Search->suggestions()
 5 SYSTEMPATH/CodeIgniter.php(499): CodeIgniter\CodeIgniter->runController()
 6 SYSTEMPATH/CodeIgniter.php(368): CodeIgniter\CodeIgniter->handleRequest()
 7 FCPATH/index.php(67): CodeIgniter\CodeIgniter->run()
ERROR - 2023-04-06 07:02:14 --> mysqli_sql_exception: Unknown column 'user_id' in 'where clause' in /var/www/htdocs/demo/system/Database/MySQLi/Connection.php:295
Stack trace:
#0 /var/www/htdocs/demo/system/Database/MySQLi/Connection.php(295): mysqli->query()
#1 /var/www/htdocs/demo/system/Database/BaseConnection.php(691): CodeIgniter\Database\MySQLi\Connection->execute()
#2 /var/www/htdocs/demo/system/Database/BaseConnection.php(605): CodeIgniter\Database\BaseConnection->simpleQuery()
#3 /var/www/htdocs/demo/system/Database/BaseBuilder.php(1616): CodeIgniter\Database\BaseConnection->query()
#4 /var/www/htdocs/demo/app/Models/Post_model.php(76): CodeIgniter\Database\BaseBuilder->get()
#5 /var/www/htdocs/demo/app/Controllers/Search.php(16): App\Models\Post_model->search_posts_by_query()
#6 /var/www/htdocs/demo/system/CodeIgniter.php(934): App\Controllers\Search->index()
#7 /var/www/htdocs/demo/system/CodeIgniter.php(499): CodeIgniter\CodeIgniter->runController()
#8 /var/www/htdocs/demo/system/CodeIgniter.php(368): CodeIgniter\CodeIgniter->handleRequest()
#9 /var/www/htdocs/demo/public/index.php(67): CodeIgniter\CodeIgniter->run()
#10 {main}
CRITICAL - 2023-04-06 07:02:14 --> Unknown column 'user_id' in 'where clause'
in SYSTEMPATH/Database/BaseConnection.php on line 645.
 1 SYSTEMPATH/Database/BaseBuilder.php(1616): CodeIgniter\Database\BaseConnection->query()
 2 APPPATH/Models/Post_model.php(76): CodeIgniter\Database\BaseBuilder->get()
 3 APPPATH/Controllers/Search.php(16): App\Models\Post_model->search_posts_by_query()
 4 SYSTEMPATH/CodeIgniter.php(934): App\Controllers\Search->index()
 5 SYSTEMPATH/CodeIgniter.php(499): CodeIgniter\CodeIgniter->runController()
 6 SYSTEMPATH/CodeIgniter.php(368): CodeIgniter\CodeIgniter->handleRequest()
 7 FCPATH/index.php(67): CodeIgniter\CodeIgniter->run()
CRITICAL - 2023-04-06 07:07:20 --> CodeIgniter\Database\BaseBuilder::like(): Argument #2 ($match) must be of type string, null given, called in /var/www/htdocs/demo/app/Models/Post_model.php on line 86
in SYSTEMPATH/Database/BaseBuilder.php on line 984.
 1 APPPATH/Models/Post_model.php(86): CodeIgniter\Database\BaseBuilder->like()
 2 APPPATH/Controllers/Search.php(16): App\Models\Post_model->search_posts_by_query()
 3 SYSTEMPATH/CodeIgniter.php(934): App\Controllers\Search->index()
 4 SYSTEMPATH/CodeIgniter.php(499): CodeIgniter\CodeIgniter->runController()
 5 SYSTEMPATH/CodeIgniter.php(368): CodeIgniter\CodeIgniter->handleRequest()
 6 FCPATH/index.php(67): CodeIgniter\CodeIgniter->run()
CRITICAL - 2023-04-06 07:08:54 --> CodeIgniter\Database\BaseBuilder::like(): Argument #2 ($match) must be of type string, null given, called in /var/www/htdocs/demo/app/Models/Post_model.php on line 86
in SYSTEMPATH/Database/BaseBuilder.php on line 984.
 1 APPPATH/Models/Post_model.php(86): CodeIgniter\Database\BaseBuilder->like()
 2 APPPATH/Controllers/Search.php(16): App\Models\Post_model->search_posts_by_query()
 3 SYSTEMPATH/CodeIgniter.php(934): App\Controllers\Search->index()
 4 SYSTEMPATH/CodeIgniter.php(499): CodeIgniter\CodeIgniter->runController()
 5 SYSTEMPATH/CodeIgniter.php(368): CodeIgniter\CodeIgniter->handleRequest()
 6 FCPATH/index.php(67): CodeIgniter\CodeIgniter->run()
CRITICAL - 2023-04-06 07:14:04 --> CodeIgniter\Database\BaseBuilder::like(): Argument #2 ($match) must be of type string, null given, called in /var/www/htdocs/demo/app/Models/Post_model.php on line 86
in SYSTEMPATH/Database/BaseBuilder.php on line 984.
 1 APPPATH/Models/Post_model.php(86): CodeIgniter\Database\BaseBuilder->like()
 2 APPPATH/Controllers/Search.php(29): App\Models\Post_model->search_posts_by_query()
 3 SYSTEMPATH/CodeIgniter.php(934): App\Controllers\Search->suggestions()
 4 SYSTEMPATH/CodeIgniter.php(499): CodeIgniter\CodeIgniter->runController()
 5 SYSTEMPATH/CodeIgniter.php(368): CodeIgniter\CodeIgniter->handleRequest()
 6 FCPATH/index.php(67): CodeIgniter\CodeIgniter->run()
CRITICAL - 2023-04-06 07:14:04 --> CodeIgniter\Database\BaseBuilder::like(): Argument #2 ($match) must be of type string, null given, called in /var/www/htdocs/demo/app/Models/Post_model.php on line 86
in SYSTEMPATH/Database/BaseBuilder.php on line 984.
 1 APPPATH/Models/Post_model.php(86): CodeIgniter\Database\BaseBuilder->like()
 2 APPPATH/Controllers/Search.php(29): App\Models\Post_model->search_posts_by_query()
 3 SYSTEMPATH/CodeIgniter.php(934): App\Controllers\Search->suggestions()
 4 SYSTEMPATH/CodeIgniter.php(499): CodeIgniter\CodeIgniter->runController()
 5 SYSTEMPATH/CodeIgniter.php(368): CodeIgniter\CodeIgniter->handleRequest()
 6 FCPATH/index.php(67): CodeIgniter\CodeIgniter->run()
CRITICAL - 2023-04-06 07:14:04 --> Undefined array key "username"
in APPPATH/Views/posts.php on line 42.
 1 APPPATH/Views/posts.php(42): CodeIgniter\Debug\Exceptions->errorHandler()
 2 SYSTEMPATH/View/View.php(213): include('APPPATH/Views/posts.php')
 3 SYSTEMPATH/View/View.php(216): CodeIgniter\View\View->CodeIgniter\View\{closure}()
 4 SYSTEMPATH/Common.php(1184): CodeIgniter\View\View->render()
 5 APPPATH/Controllers/Search.php(21): view()
 6 SYSTEMPATH/CodeIgniter.php(934): App\Controllers\Search->index()
 7 SYSTEMPATH/CodeIgniter.php(499): CodeIgniter\CodeIgniter->runController()
 8 SYSTEMPATH/CodeIgniter.php(368): CodeIgniter\CodeIgniter->handleRequest()
 9 FCPATH/index.php(67): CodeIgniter\CodeIgniter->run()
CRITICAL - 2023-04-06 07:17:34 --> CodeIgniter\Database\BaseBuilder::like(): Argument #2 ($match) must be of type string, null given, called in /var/www/htdocs/demo/app/Models/Post_model.php on line 87
in SYSTEMPATH/Database/BaseBuilder.php on line 984.
 1 APPPATH/Models/Post_model.php(87): CodeIgniter\Database\BaseBuilder->like()
 2 APPPATH/Controllers/Search.php(29): App\Models\Post_model->search_posts_by_query()
 3 SYSTEMPATH/CodeIgniter.php(934): App\Controllers\Search->suggestions()
 4 SYSTEMPATH/CodeIgniter.php(499): CodeIgniter\CodeIgniter->runController()
 5 SYSTEMPATH/CodeIgniter.php(368): CodeIgniter\CodeIgniter->handleRequest()
 6 FCPATH/index.php(67): CodeIgniter\CodeIgniter->run()
CRITICAL - 2023-04-06 07:17:34 --> CodeIgniter\Database\BaseBuilder::like(): Argument #2 ($match) must be of type string, null given, called in /var/www/htdocs/demo/app/Models/Post_model.php on line 87
in SYSTEMPATH/Database/BaseBuilder.php on line 984.
 1 APPPATH/Models/Post_model.php(87): CodeIgniter\Database\BaseBuilder->like()
 2 APPPATH/Controllers/Search.php(29): App\Models\Post_model->search_posts_by_query()
 3 SYSTEMPATH/CodeIgniter.php(934): App\Controllers\Search->suggestions()
 4 SYSTEMPATH/CodeIgniter.php(499): CodeIgniter\CodeIgniter->runController()
 5 SYSTEMPATH/CodeIgniter.php(368): CodeIgniter\CodeIgniter->handleRequest()
 6 FCPATH/index.php(67): CodeIgniter\CodeIgniter->run()
CRITICAL - 2023-04-06 07:17:36 --> CodeIgniter\Database\BaseBuilder::like(): Argument #2 ($match) must be of type string, null given, called in /var/www/htdocs/demo/app/Models/Post_model.php on line 87
in SYSTEMPATH/Database/BaseBuilder.php on line 984.
 1 APPPATH/Models/Post_model.php(87): CodeIgniter\Database\BaseBuilder->like()
 2 APPPATH/Controllers/Search.php(29): App\Models\Post_model->search_posts_by_query()
 3 SYSTEMPATH/CodeIgniter.php(934): App\Controllers\Search->suggestions()
 4 SYSTEMPATH/CodeIgniter.php(499): CodeIgniter\CodeIgniter->runController()
 5 SYSTEMPATH/CodeIgniter.php(368): CodeIgniter\CodeIgniter->handleRequest()
 6 FCPATH/index.php(67): CodeIgniter\CodeIgniter->run()
CRITICAL - 2023-04-06 07:17:36 --> CodeIgniter\Database\BaseBuilder::like(): Argument #2 ($match) must be of type string, null given, called in /var/www/htdocs/demo/app/Models/Post_model.php on line 87
in SYSTEMPATH/Database/BaseBuilder.php on line 984.
 1 APPPATH/Models/Post_model.php(87): CodeIgniter\Database\BaseBuilder->like()
 2 APPPATH/Controllers/Search.php(29): App\Models\Post_model->search_posts_by_query()
 3 SYSTEMPATH/CodeIgniter.php(934): App\Controllers\Search->suggestions()
 4 SYSTEMPATH/CodeIgniter.php(499): CodeIgniter\CodeIgniter->runController()
 5 SYSTEMPATH/CodeIgniter.php(368): CodeIgniter\CodeIgniter->handleRequest()
 6 FCPATH/index.php(67): CodeIgniter\CodeIgniter->run()
CRITICAL - 2023-04-06 07:17:37 --> CodeIgniter\Database\BaseBuilder::like(): Argument #2 ($match) must be of type string, null given, called in /var/www/htdocs/demo/app/Models/Post_model.php on line 87
in SYSTEMPATH/Database/BaseBuilder.php on line 984.
 1 APPPATH/Models/Post_model.php(87): CodeIgniter\Database\BaseBuilder->like()
 2 APPPATH/Controllers/Search.php(29): App\Models\Post_model->search_posts_by_query()
 3 SYSTEMPATH/CodeIgniter.php(934): App\Controllers\Search->suggestions()
 4 SYSTEMPATH/CodeIgniter.php(499): CodeIgniter\CodeIgniter->runController()
 5 SYSTEMPATH/CodeIgniter.php(368): CodeIgniter\CodeIgniter->handleRequest()
 6 FCPATH/index.php(67): CodeIgniter\CodeIgniter->run()
CRITICAL - 2023-04-06 07:17:37 --> CodeIgniter\Database\BaseBuilder::like(): Argument #2 ($match) must be of type string, null given, called in /var/www/htdocs/demo/app/Models/Post_model.php on line 87
in SYSTEMPATH/Database/BaseBuilder.php on line 984.
 1 APPPATH/Models/Post_model.php(87): CodeIgniter\Database\BaseBuilder->like()
 2 APPPATH/Controllers/Search.php(29): App\Models\Post_model->search_posts_by_query()
 3 SYSTEMPATH/CodeIgniter.php(934): App\Controllers\Search->suggestions()
 4 SYSTEMPATH/CodeIgniter.php(499): CodeIgniter\CodeIgniter->runController()
 5 SYSTEMPATH/CodeIgniter.php(368): CodeIgniter\CodeIgniter->handleRequest()
 6 FCPATH/index.php(67): CodeIgniter\CodeIgniter->run()
CRITICAL - 2023-04-06 07:21:46 --> CodeIgniter\Database\BaseBuilder::like(): Argument #2 ($match) must be of type string, null given, called in /var/www/htdocs/demo/app/Models/Post_model.php on line 88
in SYSTEMPATH/Database/BaseBuilder.php on line 984.
 1 APPPATH/Models/Post_model.php(88): CodeIgniter\Database\BaseBuilder->like()
 2 APPPATH/Controllers/Search.php(29): App\Models\Post_model->search_posts_by_query()
 3 SYSTEMPATH/CodeIgniter.php(934): App\Controllers\Search->suggestions()
 4 SYSTEMPATH/CodeIgniter.php(499): CodeIgniter\CodeIgniter->runController()
 5 SYSTEMPATH/CodeIgniter.php(368): CodeIgniter\CodeIgniter->handleRequest()
 6 FCPATH/index.php(67): CodeIgniter\CodeIgniter->run()
CRITICAL - 2023-04-06 07:21:47 --> CodeIgniter\Database\BaseBuilder::like(): Argument #2 ($match) must be of type string, null given, called in /var/www/htdocs/demo/app/Models/Post_model.php on line 88
in SYSTEMPATH/Database/BaseBuilder.php on line 984.
 1 APPPATH/Models/Post_model.php(88): CodeIgniter\Database\BaseBuilder->like()
 2 APPPATH/Controllers/Search.php(29): App\Models\Post_model->search_posts_by_query()
 3 SYSTEMPATH/CodeIgniter.php(934): App\Controllers\Search->suggestions()
 4 SYSTEMPATH/CodeIgniter.php(499): CodeIgniter\CodeIgniter->runController()
 5 SYSTEMPATH/CodeIgniter.php(368): CodeIgniter\CodeIgniter->handleRequest()
 6 FCPATH/index.php(67): CodeIgniter\CodeIgniter->run()
CRITICAL - 2023-04-06 07:21:53 --> Undefined array key "course_name"
in APPPATH/Views/posts.php on line 43.
 1 APPPATH/Views/posts.php(43): CodeIgniter\Debug\Exceptions->errorHandler()
 2 SYSTEMPATH/View/View.php(213): include('APPPATH/Views/posts.php')
 3 SYSTEMPATH/View/View.php(216): CodeIgniter\View\View->CodeIgniter\View\{closure}()
 4 SYSTEMPATH/Common.php(1184): CodeIgniter\View\View->render()
 5 APPPATH/Controllers/Home.php(25): view()
 6 SYSTEMPATH/CodeIgniter.php(934): App\Controllers\Home->course_posts()
 7 SYSTEMPATH/CodeIgniter.php(499): CodeIgniter\CodeIgniter->runController()
 8 SYSTEMPATH/CodeIgniter.php(368): CodeIgniter\CodeIgniter->handleRequest()
 9 FCPATH/index.php(67): CodeIgniter\CodeIgniter->run()
CRITICAL - 2023-04-06 07:23:50 --> CodeIgniter\Database\BaseBuilder::like(): Argument #2 ($match) must be of type string, null given, called in /var/www/htdocs/demo/app/Models/Post_model.php on line 90
in SYSTEMPATH/Database/BaseBuilder.php on line 984.
 1 APPPATH/Models/Post_model.php(90): CodeIgniter\Database\BaseBuilder->like()
 2 APPPATH/Controllers/Search.php(29): App\Models\Post_model->search_posts_by_query()
 3 SYSTEMPATH/CodeIgniter.php(934): App\Controllers\Search->suggestions()
 4 SYSTEMPATH/CodeIgniter.php(499): CodeIgniter\CodeIgniter->runController()
 5 SYSTEMPATH/CodeIgniter.php(368): CodeIgniter\CodeIgniter->handleRequest()
 6 FCPATH/index.php(67): CodeIgniter\CodeIgniter->run()
CRITICAL - 2023-04-06 07:23:51 --> CodeIgniter\Database\BaseBuilder::like(): Argument #2 ($match) must be of type string, null given, called in /var/www/htdocs/demo/app/Models/Post_model.php on line 90
in SYSTEMPATH/Database/BaseBuilder.php on line 984.
 1 APPPATH/Models/Post_model.php(90): CodeIgniter\Database\BaseBuilder->like()
 2 APPPATH/Controllers/Search.php(29): App\Models\Post_model->search_posts_by_query()
 3 SYSTEMPATH/CodeIgniter.php(934): App\Controllers\Search->suggestions()
 4 SYSTEMPATH/CodeIgniter.php(499): CodeIgniter\CodeIgniter->runController()
 5 SYSTEMPATH/CodeIgniter.php(368): CodeIgniter\CodeIgniter->handleRequest()
 6 FCPATH/index.php(67): CodeIgniter\CodeIgniter->run()
CRITICAL - 2023-04-06 07:24:09 --> CodeIgniter\Database\BaseBuilder::like(): Argument #2 ($match) must be of type string, null given, called in /var/www/htdocs/demo/app/Models/Post_model.php on line 90
in SYSTEMPATH/Database/BaseBuilder.php on line 984.
 1 APPPATH/Models/Post_model.php(90): CodeIgniter\Database\BaseBuilder->like()
 2 APPPATH/Controllers/Search.php(29): App\Models\Post_model->search_posts_by_query()
 3 SYSTEMPATH/CodeIgniter.php(934): App\Controllers\Search->suggestions()
 4 SYSTEMPATH/CodeIgniter.php(499): CodeIgniter\CodeIgniter->runController()
 5 SYSTEMPATH/CodeIgniter.php(368): CodeIgniter\CodeIgniter->handleRequest()
 6 FCPATH/index.php(67): CodeIgniter\CodeIgniter->run()
CRITICAL - 2023-04-06 07:24:09 --> CodeIgniter\Database\BaseBuilder::like(): Argument #2 ($match) must be of type string, null given, called in /var/www/htdocs/demo/app/Models/Post_model.php on line 90
in SYSTEMPATH/Database/BaseBuilder.php on line 984.
 1 APPPATH/Models/Post_model.php(90): CodeIgniter\Database\BaseBuilder->like()
 2 APPPATH/Controllers/Search.php(29): App\Models\Post_model->search_posts_by_query()
 3 SYSTEMPATH/CodeIgniter.php(934): App\Controllers\Search->suggestions()
 4 SYSTEMPATH/CodeIgniter.php(499): CodeIgniter\CodeIgniter->runController()
 5 SYSTEMPATH/CodeIgniter.php(368): CodeIgniter\CodeIgniter->handleRequest()
 6 FCPATH/index.php(67): CodeIgniter\CodeIgniter->run()
CRITICAL - 2023-04-06 07:37:30 --> CodeIgniter\Database\BaseBuilder::like(): Argument #2 ($match) must be of type string, null given, called in /var/www/htdocs/demo/app/Models/Post_model.php on line 90
in SYSTEMPATH/Database/BaseBuilder.php on line 984.
 1 APPPATH/Models/Post_model.php(90): CodeIgniter\Database\BaseBuilder->like()
 2 APPPATH/Controllers/Search.php(29): App\Models\Post_model->search_posts_by_query()
 3 SYSTEMPATH/CodeIgniter.php(934): App\Controllers\Search->suggestions()
 4 SYSTEMPATH/CodeIgniter.php(499): CodeIgniter\CodeIgniter->runController()
 5 SYSTEMPATH/CodeIgniter.php(368): CodeIgniter\CodeIgniter->handleRequest()
 6 FCPATH/index.php(67): CodeIgniter\CodeIgniter->run()
CRITICAL - 2023-04-06 07:37:30 --> CodeIgniter\Database\BaseBuilder::like(): Argument #2 ($match) must be of type string, null given, called in /var/www/htdocs/demo/app/Models/Post_model.php on line 90
in SYSTEMPATH/Database/BaseBuilder.php on line 984.
 1 APPPATH/Models/Post_model.php(90): CodeIgniter\Database\BaseBuilder->like()
 2 APPPATH/Controllers/Search.php(29): App\Models\Post_model->search_posts_by_query()
 3 SYSTEMPATH/CodeIgniter.php(934): App\Controllers\Search->suggestions()
 4 SYSTEMPATH/CodeIgniter.php(499): CodeIgniter\CodeIgniter->runController()
 5 SYSTEMPATH/CodeIgniter.php(368): CodeIgniter\CodeIgniter->handleRequest()
 6 FCPATH/index.php(67): CodeIgniter\CodeIgniter->run()
CRITICAL - 2023-04-06 07:37:30 --> CodeIgniter\Database\BaseBuilder::like(): Argument #2 ($match) must be of type string, null given, called in /var/www/htdocs/demo/app/Models/Post_model.php on line 90
in SYSTEMPATH/Database/BaseBuilder.php on line 984.
 1 APPPATH/Models/Post_model.php(90): CodeIgniter\Database\BaseBuilder->like()
 2 APPPATH/Controllers/Search.php(29): App\Models\Post_model->search_posts_by_query()
 3 SYSTEMPATH/CodeIgniter.php(934): App\Controllers\Search->suggestions()
 4 SYSTEMPATH/CodeIgniter.php(499): CodeIgniter\CodeIgniter->runController()
 5 SYSTEMPATH/CodeIgniter.php(368): CodeIgniter\CodeIgniter->handleRequest()
 6 FCPATH/index.php(67): CodeIgniter\CodeIgniter->run()
CRITICAL - 2023-04-06 07:37:30 --> CodeIgniter\Database\BaseBuilder::like(): Argument #2 ($match) must be of type string, null given, called in /var/www/htdocs/demo/app/Models/Post_model.php on line 90
in SYSTEMPATH/Database/BaseBuilder.php on line 984.
 1 APPPATH/Models/Post_model.php(90): CodeIgniter\Database\BaseBuilder->like()
 2 APPPATH/Controllers/Search.php(29): App\Models\Post_model->search_posts_by_query()
 3 SYSTEMPATH/CodeIgniter.php(934): App\Controllers\Search->suggestions()
 4 SYSTEMPATH/CodeIgniter.php(499): CodeIgniter\CodeIgniter->runController()
 5 SYSTEMPATH/CodeIgniter.php(368): CodeIgniter\CodeIgniter->handleRequest()
 6 FCPATH/index.php(67): CodeIgniter\CodeIgniter->run()
ERROR - 2023-04-06 11:07:51 --> mysqli_sql_exception: Table 'demo.favorites' doesn't exist in /var/www/htdocs/demo/system/Database/MySQLi/Connection.php:295
Stack trace:
#0 /var/www/htdocs/demo/system/Database/MySQLi/Connection.php(295): mysqli->query()
#1 /var/www/htdocs/demo/system/Database/BaseConnection.php(691): CodeIgniter\Database\MySQLi\Connection->execute()
#2 /var/www/htdocs/demo/system/Database/BaseConnection.php(605): CodeIgniter\Database\BaseConnection->simpleQuery()
#3 /var/www/htdocs/demo/system/Database/BaseBuilder.php(1616): CodeIgniter\Database\BaseConnection->query()
#4 /var/www/htdocs/demo/app/Models/Post_model.php(21): CodeIgniter\Database\BaseBuilder->get()
#5 /var/www/htdocs/demo/app/Controllers/Home.php(23): App\Models\Post_model->get_posts_by_course()
#6 /var/www/htdocs/demo/system/CodeIgniter.php(934): App\Controllers\Home->course_posts()
#7 /var/www/htdocs/demo/system/CodeIgniter.php(499): CodeIgniter\CodeIgniter->runController()
#8 /var/www/htdocs/demo/system/CodeIgniter.php(368): CodeIgniter\CodeIgniter->handleRequest()
#9 /var/www/htdocs/demo/public/index.php(67): CodeIgniter\CodeIgniter->run()
#10 {main}
CRITICAL - 2023-04-06 11:07:51 --> Table 'demo.favorites' doesn't exist
in SYSTEMPATH/Database/BaseConnection.php on line 645.
 1 SYSTEMPATH/Database/BaseBuilder.php(1616): CodeIgniter\Database\BaseConnection->query()
 2 APPPATH/Models/Post_model.php(21): CodeIgniter\Database\BaseBuilder->get()
 3 APPPATH/Controllers/Home.php(23): App\Models\Post_model->get_posts_by_course()
 4 SYSTEMPATH/CodeIgniter.php(934): App\Controllers\Home->course_posts()
 5 SYSTEMPATH/CodeIgniter.php(499): CodeIgniter\CodeIgniter->runController()
 6 SYSTEMPATH/CodeIgniter.php(368): CodeIgniter\CodeIgniter->handleRequest()
 7 FCPATH/index.php(67): CodeIgniter\CodeIgniter->run()
ERROR - 2023-04-06 11:08:27 --> mysqli_sql_exception: Unknown column 'favourites.id' in 'field list' in /var/www/htdocs/demo/system/Database/MySQLi/Connection.php:295
Stack trace:
#0 /var/www/htdocs/demo/system/Database/MySQLi/Connection.php(295): mysqli->query()
#1 /var/www/htdocs/demo/system/Database/BaseConnection.php(691): CodeIgniter\Database\MySQLi\Connection->execute()
#2 /var/www/htdocs/demo/system/Database/BaseConnection.php(605): CodeIgniter\Database\BaseConnection->simpleQuery()
#3 /var/www/htdocs/demo/system/Database/BaseBuilder.php(1616): CodeIgniter\Database\BaseConnection->query()
#4 /var/www/htdocs/demo/app/Models/Post_model.php(21): CodeIgniter\Database\BaseBuilder->get()
#5 /var/www/htdocs/demo/app/Controllers/Home.php(23): App\Models\Post_model->get_posts_by_course()
#6 /var/www/htdocs/demo/system/CodeIgniter.php(934): App\Controllers\Home->course_posts()
#7 /var/www/htdocs/demo/system/CodeIgniter.php(499): CodeIgniter\CodeIgniter->runController()
#8 /var/www/htdocs/demo/system/CodeIgniter.php(368): CodeIgniter\CodeIgniter->handleRequest()
#9 /var/www/htdocs/demo/public/index.php(67): CodeIgniter\CodeIgniter->run()
#10 {main}
CRITICAL - 2023-04-06 11:08:27 --> Unknown column 'favourites.id' in 'field list'
in SYSTEMPATH/Database/BaseConnection.php on line 645.
 1 SYSTEMPATH/Database/BaseBuilder.php(1616): CodeIgniter\Database\BaseConnection->query()
 2 APPPATH/Models/Post_model.php(21): CodeIgniter\Database\BaseBuilder->get()
 3 APPPATH/Controllers/Home.php(23): App\Models\Post_model->get_posts_by_course()
 4 SYSTEMPATH/CodeIgniter.php(934): App\Controllers\Home->course_posts()
 5 SYSTEMPATH/CodeIgniter.php(499): CodeIgniter\CodeIgniter->runController()
 6 SYSTEMPATH/CodeIgniter.php(368): CodeIgniter\CodeIgniter->handleRequest()
 7 FCPATH/index.php(67): CodeIgniter\CodeIgniter->run()
ERROR - 2023-04-06 11:09:50 --> mysqli_sql_exception: Unknown column 'favorites.post_id' in 'on clause' in /var/www/htdocs/demo/system/Database/MySQLi/Connection.php:295
Stack trace:
#0 /var/www/htdocs/demo/system/Database/MySQLi/Connection.php(295): mysqli->query()
#1 /var/www/htdocs/demo/system/Database/BaseConnection.php(691): CodeIgniter\Database\MySQLi\Connection->execute()
#2 /var/www/htdocs/demo/system/Database/BaseConnection.php(605): CodeIgniter\Database\BaseConnection->simpleQuery()
#3 /var/www/htdocs/demo/system/Database/BaseBuilder.php(1616): CodeIgniter\Database\BaseConnection->query()
#4 /var/www/htdocs/demo/app/Models/Post_model.php(21): CodeIgniter\Database\BaseBuilder->get()
#5 /var/www/htdocs/demo/app/Controllers/Home.php(23): App\Models\Post_model->get_posts_by_course()
#6 /var/www/htdocs/demo/system/CodeIgniter.php(934): App\Controllers\Home->course_posts()
#7 /var/www/htdocs/demo/system/CodeIgniter.php(499): CodeIgniter\CodeIgniter->runController()
#8 /var/www/htdocs/demo/system/CodeIgniter.php(368): CodeIgniter\CodeIgniter->handleRequest()
#9 /var/www/htdocs/demo/public/index.php(67): CodeIgniter\CodeIgniter->run()
#10 {main}
CRITICAL - 2023-04-06 11:09:50 --> Unknown column 'favorites.post_id' in 'on clause'
in SYSTEMPATH/Database/BaseConnection.php on line 645.
 1 SYSTEMPATH/Database/BaseBuilder.php(1616): CodeIgniter\Database\BaseConnection->query()
 2 APPPATH/Models/Post_model.php(21): CodeIgniter\Database\BaseBuilder->get()
 3 APPPATH/Controllers/Home.php(23): App\Models\Post_model->get_posts_by_course()
 4 SYSTEMPATH/CodeIgniter.php(934): App\Controllers\Home->course_posts()
 5 SYSTEMPATH/CodeIgniter.php(499): CodeIgniter\CodeIgniter->runController()
 6 SYSTEMPATH/CodeIgniter.php(368): CodeIgniter\CodeIgniter->handleRequest()
 7 FCPATH/index.php(67): CodeIgniter\CodeIgniter->run()
CRITICAL - 2023-04-06 11:11:02 --> Undefined array key "is_favorited"
in APPPATH/Views/post_details.php on line 47.
 1 APPPATH/Views/post_details.php(47): CodeIgniter\Debug\Exceptions->errorHandler()
 2 SYSTEMPATH/View/View.php(213): include('APPPATH/Views/post_details.php')
 3 SYSTEMPATH/View/View.php(216): CodeIgniter\View\View->CodeIgniter\View\{closure}()
 4 SYSTEMPATH/Common.php(1184): CodeIgniter\View\View->render()
 5 APPPATH/Controllers/Home.php(88): view()
 6 SYSTEMPATH/CodeIgniter.php(934): App\Controllers\Home->post_details()
 7 SYSTEMPATH/CodeIgniter.php(499): CodeIgniter\CodeIgniter->runController()
 8 SYSTEMPATH/CodeIgniter.php(368): CodeIgniter\CodeIgniter->handleRequest()
 9 FCPATH/index.php(67): CodeIgniter\CodeIgniter->run()
ERROR - 2023-04-06 11:16:06 --> mysqli_sql_exception: Column 'post_id' in where clause is ambiguous in /var/www/htdocs/demo/system/Database/MySQLi/Connection.php:295
Stack trace:
#0 /var/www/htdocs/demo/system/Database/MySQLi/Connection.php(295): mysqli->query()
#1 /var/www/htdocs/demo/system/Database/BaseConnection.php(691): CodeIgniter\Database\MySQLi\Connection->execute()
#2 /var/www/htdocs/demo/system/Database/BaseConnection.php(605): CodeIgniter\Database\BaseConnection->simpleQuery()
#3 /var/www/htdocs/demo/system/Database/BaseBuilder.php(1616): CodeIgniter\Database\BaseConnection->query()
#4 /var/www/htdocs/demo/app/Models/Post_model.php(54): CodeIgniter\Database\BaseBuilder->get()
#5 /var/www/htdocs/demo/app/Controllers/Home.php(79): App\Models\Post_model->get_post_by_id()
#6 /var/www/htdocs/demo/system/CodeIgniter.php(934): App\Controllers\Home->post_details()
#7 /var/www/htdocs/demo/system/CodeIgniter.php(499): CodeIgniter\CodeIgniter->runController()
#8 /var/www/htdocs/demo/system/CodeIgniter.php(368): CodeIgniter\CodeIgniter->handleRequest()
#9 /var/www/htdocs/demo/public/index.php(67): CodeIgniter\CodeIgniter->run()
#10 {main}
CRITICAL - 2023-04-06 11:16:06 --> Column 'post_id' in where clause is ambiguous
in SYSTEMPATH/Database/BaseConnection.php on line 645.
 1 SYSTEMPATH/Database/BaseBuilder.php(1616): CodeIgniter\Database\BaseConnection->query()
 2 APPPATH/Models/Post_model.php(54): CodeIgniter\Database\BaseBuilder->get()
 3 APPPATH/Controllers/Home.php(79): App\Models\Post_model->get_post_by_id()
 4 SYSTEMPATH/CodeIgniter.php(934): App\Controllers\Home->post_details()
 5 SYSTEMPATH/CodeIgniter.php(499): CodeIgniter\CodeIgniter->runController()
 6 SYSTEMPATH/CodeIgniter.php(368): CodeIgniter\CodeIgniter->handleRequest()
 7 FCPATH/index.php(67): CodeIgniter\CodeIgniter->run()
CRITICAL - 2023-04-06 11:17:16 --> Undefined array key "is_favorited"
in APPPATH/Views/post_details.php on line 47.
 1 APPPATH/Views/post_details.php(47): CodeIgniter\Debug\Exceptions->errorHandler()
 2 SYSTEMPATH/View/View.php(213): include('APPPATH/Views/post_details.php')
 3 SYSTEMPATH/View/View.php(216): CodeIgniter\View\View->CodeIgniter\View\{closure}()
 4 SYSTEMPATH/Common.php(1184): CodeIgniter\View\View->render()
 5 APPPATH/Controllers/Home.php(86): view()
 6 SYSTEMPATH/CodeIgniter.php(934): App\Controllers\Home->post_details()
 7 SYSTEMPATH/CodeIgniter.php(499): CodeIgniter\CodeIgniter->runController()
 8 SYSTEMPATH/CodeIgniter.php(368): CodeIgniter\CodeIgniter->handleRequest()
 9 FCPATH/index.php(67): CodeIgniter\CodeIgniter->run()
ERROR - 2023-04-06 11:17:38 --> mysqli_sql_exception: Column 'post_id' in where clause is ambiguous in /var/www/htdocs/demo/system/Database/MySQLi/Connection.php:295
Stack trace:
#0 /var/www/htdocs/demo/system/Database/MySQLi/Connection.php(295): mysqli->query()
#1 /var/www/htdocs/demo/system/Database/BaseConnection.php(691): CodeIgniter\Database\MySQLi\Connection->execute()
#2 /var/www/htdocs/demo/system/Database/BaseConnection.php(605): CodeIgniter\Database\BaseConnection->simpleQuery()
#3 /var/www/htdocs/demo/system/Database/BaseBuilder.php(1616): CodeIgniter\Database\BaseConnection->query()
#4 /var/www/htdocs/demo/app/Models/Post_model.php(56): CodeIgniter\Database\BaseBuilder->get()
#5 /var/www/htdocs/demo/app/Controllers/Home.php(79): App\Models\Post_model->get_post_by_id()
#6 /var/www/htdocs/demo/system/CodeIgniter.php(934): App\Controllers\Home->post_details()
#7 /var/www/htdocs/demo/system/CodeIgniter.php(499): CodeIgniter\CodeIgniter->runController()
#8 /var/www/htdocs/demo/system/CodeIgniter.php(368): CodeIgniter\CodeIgniter->handleRequest()
#9 /var/www/htdocs/demo/public/index.php(67): CodeIgniter\CodeIgniter->run()
#10 {main}
CRITICAL - 2023-04-06 11:17:38 --> Column 'post_id' in where clause is ambiguous
in SYSTEMPATH/Database/BaseConnection.php on line 645.
 1 SYSTEMPATH/Database/BaseBuilder.php(1616): CodeIgniter\Database\BaseConnection->query()
 2 APPPATH/Models/Post_model.php(56): CodeIgniter\Database\BaseBuilder->get()
 3 APPPATH/Controllers/Home.php(79): App\Models\Post_model->get_post_by_id()
 4 SYSTEMPATH/CodeIgniter.php(934): App\Controllers\Home->post_details()
 5 SYSTEMPATH/CodeIgniter.php(499): CodeIgniter\CodeIgniter->runController()
 6 SYSTEMPATH/CodeIgniter.php(368): CodeIgniter\CodeIgniter->handleRequest()
 7 FCPATH/index.php(67): CodeIgniter\CodeIgniter->run()
ERROR - 2023-04-06 11:17:45 --> mysqli_sql_exception: Column 'post_id' in where clause is ambiguous in /var/www/htdocs/demo/system/Database/MySQLi/Connection.php:295
Stack trace:
#0 /var/www/htdocs/demo/system/Database/MySQLi/Connection.php(295): mysqli->query()
#1 /var/www/htdocs/demo/system/Database/BaseConnection.php(691): CodeIgniter\Database\MySQLi\Connection->execute()
#2 /var/www/htdocs/demo/system/Database/BaseConnection.php(605): CodeIgniter\Database\BaseConnection->simpleQuery()
#3 /var/www/htdocs/demo/system/Database/BaseBuilder.php(1616): CodeIgniter\Database\BaseConnection->query()
#4 /var/www/htdocs/demo/app/Models/Post_model.php(56): CodeIgniter\Database\BaseBuilder->get()
#5 /var/www/htdocs/demo/app/Controllers/Home.php(79): App\Models\Post_model->get_post_by_id()
#6 /var/www/htdocs/demo/system/CodeIgniter.php(934): App\Controllers\Home->post_details()
#7 /var/www/htdocs/demo/system/CodeIgniter.php(499): CodeIgniter\CodeIgniter->runController()
#8 /var/www/htdocs/demo/system/CodeIgniter.php(368): CodeIgniter\CodeIgniter->handleRequest()
#9 /var/www/htdocs/demo/public/index.php(67): CodeIgniter\CodeIgniter->run()
#10 {main}
CRITICAL - 2023-04-06 11:17:45 --> Column 'post_id' in where clause is ambiguous
in SYSTEMPATH/Database/BaseConnection.php on line 645.
 1 SYSTEMPATH/Database/BaseBuilder.php(1616): CodeIgniter\Database\BaseConnection->query()
 2 APPPATH/Models/Post_model.php(56): CodeIgniter\Database\BaseBuilder->get()
 3 APPPATH/Controllers/Home.php(79): App\Models\Post_model->get_post_by_id()
 4 SYSTEMPATH/CodeIgniter.php(934): App\Controllers\Home->post_details()
 5 SYSTEMPATH/CodeIgniter.php(499): CodeIgniter\CodeIgniter->runController()
 6 SYSTEMPATH/CodeIgniter.php(368): CodeIgniter\CodeIgniter->handleRequest()
 7 FCPATH/index.php(67): CodeIgniter\CodeIgniter->run()
ERROR - 2023-04-06 11:17:59 --> mysqli_sql_exception: Unknown column 'favourites.favourite_id' in 'field list' in /var/www/htdocs/demo/system/Database/MySQLi/Connection.php:295
Stack trace:
#0 /var/www/htdocs/demo/system/Database/MySQLi/Connection.php(295): mysqli->query()
#1 /var/www/htdocs/demo/system/Database/BaseConnection.php(691): CodeIgniter\Database\MySQLi\Connection->execute()
#2 /var/www/htdocs/demo/system/Database/BaseConnection.php(605): CodeIgniter\Database\BaseConnection->simpleQuery()
#3 /var/www/htdocs/demo/system/Database/BaseBuilder.php(1616): CodeIgniter\Database\BaseConnection->query()
#4 /var/www/htdocs/demo/app/Models/Post_model.php(56): CodeIgniter\Database\BaseBuilder->get()
#5 /var/www/htdocs/demo/app/Controllers/Home.php(79): App\Models\Post_model->get_post_by_id()
#6 /var/www/htdocs/demo/system/CodeIgniter.php(934): App\Controllers\Home->post_details()
#7 /var/www/htdocs/demo/system/CodeIgniter.php(499): CodeIgniter\CodeIgniter->runController()
#8 /var/www/htdocs/demo/system/CodeIgniter.php(368): CodeIgniter\CodeIgniter->handleRequest()
#9 /var/www/htdocs/demo/public/index.php(67): CodeIgniter\CodeIgniter->run()
#10 {main}
CRITICAL - 2023-04-06 11:17:59 --> Unknown column 'favourites.favourite_id' in 'field list'
in SYSTEMPATH/Database/BaseConnection.php on line 645.
 1 SYSTEMPATH/Database/BaseBuilder.php(1616): CodeIgniter\Database\BaseConnection->query()
 2 APPPATH/Models/Post_model.php(56): CodeIgniter\Database\BaseBuilder->get()
 3 APPPATH/Controllers/Home.php(79): App\Models\Post_model->get_post_by_id()
 4 SYSTEMPATH/CodeIgniter.php(934): App\Controllers\Home->post_details()
 5 SYSTEMPATH/CodeIgniter.php(499): CodeIgniter\CodeIgniter->runController()
 6 SYSTEMPATH/CodeIgniter.php(368): CodeIgniter\CodeIgniter->handleRequest()
 7 FCPATH/index.php(67): CodeIgniter\CodeIgniter->run()
CRITICAL - 2023-04-06 11:18:16 --> Undefined array key "is_favorited"
in APPPATH/Views/post_details.php on line 47.
 1 APPPATH/Views/post_details.php(47): CodeIgniter\Debug\Exceptions->errorHandler()
 2 SYSTEMPATH/View/View.php(213): include('APPPATH/Views/post_details.php')
 3 SYSTEMPATH/View/View.php(216): CodeIgniter\View\View->CodeIgniter\View\{closure}()
 4 SYSTEMPATH/Common.php(1184): CodeIgniter\View\View->render()
 5 APPPATH/Controllers/Home.php(86): view()
 6 SYSTEMPATH/CodeIgniter.php(934): App\Controllers\Home->post_details()
 7 SYSTEMPATH/CodeIgniter.php(499): CodeIgniter\CodeIgniter->runController()
 8 SYSTEMPATH/CodeIgniter.php(368): CodeIgniter\CodeIgniter->handleRequest()
 9 FCPATH/index.php(67): CodeIgniter\CodeIgniter->run()
CRITICAL - 2023-04-06 11:18:29 --> Undefined array key "is_favorited"
in APPPATH/Views/post_details.php on line 47.
 1 APPPATH/Views/post_details.php(47): CodeIgniter\Debug\Exceptions->errorHandler()
 2 SYSTEMPATH/View/View.php(213): include('APPPATH/Views/post_details.php')
 3 SYSTEMPATH/View/View.php(216): CodeIgniter\View\View->CodeIgniter\View\{closure}()
 4 SYSTEMPATH/Common.php(1184): CodeIgniter\View\View->render()
 5 APPPATH/Controllers/Home.php(86): view()
 6 SYSTEMPATH/CodeIgniter.php(934): App\Controllers\Home->post_details()
 7 SYSTEMPATH/CodeIgniter.php(499): CodeIgniter\CodeIgniter->runController()
 8 SYSTEMPATH/CodeIgniter.php(368): CodeIgniter\CodeIgniter->handleRequest()
 9 FCPATH/index.php(67): CodeIgniter\CodeIgniter->run()
ERROR - 2023-04-06 11:19:11 --> mysqli_sql_exception: Column 'post_id' in where clause is ambiguous in /var/www/htdocs/demo/system/Database/MySQLi/Connection.php:295
Stack trace:
#0 /var/www/htdocs/demo/system/Database/MySQLi/Connection.php(295): mysqli->query()
#1 /var/www/htdocs/demo/system/Database/BaseConnection.php(691): CodeIgniter\Database\MySQLi\Connection->execute()
#2 /var/www/htdocs/demo/system/Database/BaseConnection.php(605): CodeIgniter\Database\BaseConnection->simpleQuery()
#3 /var/www/htdocs/demo/system/Database/BaseBuilder.php(1616): CodeIgniter\Database\BaseConnection->query()
#4 /var/www/htdocs/demo/app/Models/Post_model.php(56): CodeIgniter\Database\BaseBuilder->get()
#5 /var/www/htdocs/demo/app/Controllers/Home.php(79): App\Models\Post_model->get_post_by_id()
#6 /var/www/htdocs/demo/system/CodeIgniter.php(934): App\Controllers\Home->post_details()
#7 /var/www/htdocs/demo/system/CodeIgniter.php(499): CodeIgniter\CodeIgniter->runController()
#8 /var/www/htdocs/demo/system/CodeIgniter.php(368): CodeIgniter\CodeIgniter->handleRequest()
#9 /var/www/htdocs/demo/public/index.php(67): CodeIgniter\CodeIgniter->run()
#10 {main}
CRITICAL - 2023-04-06 11:19:11 --> Column 'post_id' in where clause is ambiguous
in SYSTEMPATH/Database/BaseConnection.php on line 645.
 1 SYSTEMPATH/Database/BaseBuilder.php(1616): CodeIgniter\Database\BaseConnection->query()
 2 APPPATH/Models/Post_model.php(56): CodeIgniter\Database\BaseBuilder->get()
 3 APPPATH/Controllers/Home.php(79): App\Models\Post_model->get_post_by_id()
 4 SYSTEMPATH/CodeIgniter.php(934): App\Controllers\Home->post_details()
 5 SYSTEMPATH/CodeIgniter.php(499): CodeIgniter\CodeIgniter->runController()
 6 SYSTEMPATH/CodeIgniter.php(368): CodeIgniter\CodeIgniter->handleRequest()
 7 FCPATH/index.php(67): CodeIgniter\CodeIgniter->run()
ERROR - 2023-04-06 11:19:24 --> mysqli_sql_exception: Column 'post_id' in where clause is ambiguous in /var/www/htdocs/demo/system/Database/MySQLi/Connection.php:295
Stack trace:
#0 /var/www/htdocs/demo/system/Database/MySQLi/Connection.php(295): mysqli->query()
#1 /var/www/htdocs/demo/system/Database/BaseConnection.php(691): CodeIgniter\Database\MySQLi\Connection->execute()
#2 /var/www/htdocs/demo/system/Database/BaseConnection.php(605): CodeIgniter\Database\BaseConnection->simpleQuery()
#3 /var/www/htdocs/demo/system/Database/BaseBuilder.php(1616): CodeIgniter\Database\BaseConnection->query()
#4 /var/www/htdocs/demo/app/Models/Post_model.php(56): CodeIgniter\Database\BaseBuilder->get()
#5 /var/www/htdocs/demo/app/Controllers/Home.php(79): App\Models\Post_model->get_post_by_id()
#6 /var/www/htdocs/demo/system/CodeIgniter.php(934): App\Controllers\Home->post_details()
#7 /var/www/htdocs/demo/system/CodeIgniter.php(499): CodeIgniter\CodeIgniter->runController()
#8 /var/www/htdocs/demo/system/CodeIgniter.php(368): CodeIgniter\CodeIgniter->handleRequest()
#9 /var/www/htdocs/demo/public/index.php(67): CodeIgniter\CodeIgniter->run()
#10 {main}
CRITICAL - 2023-04-06 11:19:24 --> Column 'post_id' in where clause is ambiguous
in SYSTEMPATH/Database/BaseConnection.php on line 645.
 1 SYSTEMPATH/Database/BaseBuilder.php(1616): CodeIgniter\Database\BaseConnection->query()
 2 APPPATH/Models/Post_model.php(56): CodeIgniter\Database\BaseBuilder->get()
 3 APPPATH/Controllers/Home.php(79): App\Models\Post_model->get_post_by_id()
 4 SYSTEMPATH/CodeIgniter.php(934): App\Controllers\Home->post_details()
 5 SYSTEMPATH/CodeIgniter.php(499): CodeIgniter\CodeIgniter->runController()
 6 SYSTEMPATH/CodeIgniter.php(368): CodeIgniter\CodeIgniter->handleRequest()
 7 FCPATH/index.php(67): CodeIgniter\CodeIgniter->run()
ERROR - 2023-04-06 11:20:32 --> mysqli_sql_exception: Unknown column 'favourites.favourite_id' in 'field list' in /var/www/htdocs/demo/system/Database/MySQLi/Connection.php:295
Stack trace:
#0 /var/www/htdocs/demo/system/Database/MySQLi/Connection.php(295): mysqli->query()
#1 /var/www/htdocs/demo/system/Database/BaseConnection.php(691): CodeIgniter\Database\MySQLi\Connection->execute()
#2 /var/www/htdocs/demo/system/Database/BaseConnection.php(605): CodeIgniter\Database\BaseConnection->simpleQuery()
#3 /var/www/htdocs/demo/system/Database/BaseBuilder.php(1616): CodeIgniter\Database\BaseConnection->query()
#4 /var/www/htdocs/demo/app/Models/Post_model.php(56): CodeIgniter\Database\BaseBuilder->get()
#5 /var/www/htdocs/demo/app/Controllers/Home.php(79): App\Models\Post_model->get_post_by_id()
#6 /var/www/htdocs/demo/system/CodeIgniter.php(934): App\Controllers\Home->post_details()
#7 /var/www/htdocs/demo/system/CodeIgniter.php(499): CodeIgniter\CodeIgniter->runController()
#8 /var/www/htdocs/demo/system/CodeIgniter.php(368): CodeIgniter\CodeIgniter->handleRequest()
#9 /var/www/htdocs/demo/public/index.php(67): CodeIgniter\CodeIgniter->run()
#10 {main}
CRITICAL - 2023-04-06 11:20:32 --> Unknown column 'favourites.favourite_id' in 'field list'
in SYSTEMPATH/Database/BaseConnection.php on line 645.
 1 SYSTEMPATH/Database/BaseBuilder.php(1616): CodeIgniter\Database\BaseConnection->query()
 2 APPPATH/Models/Post_model.php(56): CodeIgniter\Database\BaseBuilder->get()
 3 APPPATH/Controllers/Home.php(79): App\Models\Post_model->get_post_by_id()
 4 SYSTEMPATH/CodeIgniter.php(934): App\Controllers\Home->post_details()
 5 SYSTEMPATH/CodeIgniter.php(499): CodeIgniter\CodeIgniter->runController()
 6 SYSTEMPATH/CodeIgniter.php(368): CodeIgniter\CodeIgniter->handleRequest()
 7 FCPATH/index.php(67): CodeIgniter\CodeIgniter->run()
ERROR - 2023-04-06 11:21:36 --> mysqli_sql_exception: Unknown column 'favourites.favourite_id' in 'field list' in /var/www/htdocs/demo/system/Database/MySQLi/Connection.php:295
Stack trace:
#0 /var/www/htdocs/demo/system/Database/MySQLi/Connection.php(295): mysqli->query()
#1 /var/www/htdocs/demo/system/Database/BaseConnection.php(691): CodeIgniter\Database\MySQLi\Connection->execute()
#2 /var/www/htdocs/demo/system/Database/BaseConnection.php(605): CodeIgniter\Database\BaseConnection->simpleQuery()
#3 /var/www/htdocs/demo/system/Database/BaseBuilder.php(1616): CodeIgniter\Database\BaseConnection->query()
#4 /var/www/htdocs/demo/app/Models/Post_model.php(56): CodeIgniter\Database\BaseBuilder->get()
#5 /var/www/htdocs/demo/app/Controllers/Home.php(79): App\Models\Post_model->get_post_by_id()
#6 /var/www/htdocs/demo/system/CodeIgniter.php(934): App\Controllers\Home->post_details()
#7 /var/www/htdocs/demo/system/CodeIgniter.php(499): CodeIgniter\CodeIgniter->runController()
#8 /var/www/htdocs/demo/system/CodeIgniter.php(368): CodeIgniter\CodeIgniter->handleRequest()
#9 /var/www/htdocs/demo/public/index.php(67): CodeIgniter\CodeIgniter->run()
#10 {main}
CRITICAL - 2023-04-06 11:21:36 --> Unknown column 'favourites.favourite_id' in 'field list'
in SYSTEMPATH/Database/BaseConnection.php on line 645.
 1 SYSTEMPATH/Database/BaseBuilder.php(1616): CodeIgniter\Database\BaseConnection->query()
 2 APPPATH/Models/Post_model.php(56): CodeIgniter\Database\BaseBuilder->get()
 3 APPPATH/Controllers/Home.php(79): App\Models\Post_model->get_post_by_id()
 4 SYSTEMPATH/CodeIgniter.php(934): App\Controllers\Home->post_details()
 5 SYSTEMPATH/CodeIgniter.php(499): CodeIgniter\CodeIgniter->runController()
 6 SYSTEMPATH/CodeIgniter.php(368): CodeIgniter\CodeIgniter->handleRequest()
 7 FCPATH/index.php(67): CodeIgniter\CodeIgniter->run()
ERROR - 2023-04-06 11:24:12 --> mysqli_sql_exception: Unknown column 'favourites.favourite_id' in 'field list' in /var/www/htdocs/demo/system/Database/MySQLi/Connection.php:295
Stack trace:
#0 /var/www/htdocs/demo/system/Database/MySQLi/Connection.php(295): mysqli->query()
#1 /var/www/htdocs/demo/system/Database/BaseConnection.php(691): CodeIgniter\Database\MySQLi\Connection->execute()
#2 /var/www/htdocs/demo/system/Database/BaseConnection.php(605): CodeIgniter\Database\BaseConnection->simpleQuery()
#3 /var/www/htdocs/demo/system/Database/BaseBuilder.php(1616): CodeIgniter\Database\BaseConnection->query()
#4 /var/www/htdocs/demo/app/Models/Post_model.php(56): CodeIgniter\Database\BaseBuilder->get()
#5 /var/www/htdocs/demo/app/Controllers/Home.php(79): App\Models\Post_model->get_post_by_id()
#6 /var/www/htdocs/demo/system/CodeIgniter.php(934): App\Controllers\Home->post_details()
#7 /var/www/htdocs/demo/system/CodeIgniter.php(499): CodeIgniter\CodeIgniter->runController()
#8 /var/www/htdocs/demo/system/CodeIgniter.php(368): CodeIgniter\CodeIgniter->handleRequest()
#9 /var/www/htdocs/demo/public/index.php(67): CodeIgniter\CodeIgniter->run()
#10 {main}
CRITICAL - 2023-04-06 11:24:12 --> Unknown column 'favourites.favourite_id' in 'field list'
in SYSTEMPATH/Database/BaseConnection.php on line 645.
 1 SYSTEMPATH/Database/BaseBuilder.php(1616): CodeIgniter\Database\BaseConnection->query()
 2 APPPATH/Models/Post_model.php(56): CodeIgniter\Database\BaseBuilder->get()
 3 APPPATH/Controllers/Home.php(79): App\Models\Post_model->get_post_by_id()
 4 SYSTEMPATH/CodeIgniter.php(934): App\Controllers\Home->post_details()
 5 SYSTEMPATH/CodeIgniter.php(499): CodeIgniter\CodeIgniter->runController()
 6 SYSTEMPATH/CodeIgniter.php(368): CodeIgniter\CodeIgniter->handleRequest()
 7 FCPATH/index.php(67): CodeIgniter\CodeIgniter->run()
CRITICAL - 2023-04-06 11:26:18 --> Undefined array key "is_favorited"
in APPPATH/Views/post_details.php on line 47.
 1 APPPATH/Views/post_details.php(47): CodeIgniter\Debug\Exceptions->errorHandler()
 2 SYSTEMPATH/View/View.php(213): include('APPPATH/Views/post_details.php')
 3 SYSTEMPATH/View/View.php(216): CodeIgniter\View\View->CodeIgniter\View\{closure}()
 4 SYSTEMPATH/Common.php(1184): CodeIgniter\View\View->render()
 5 APPPATH/Controllers/Home.php(86): view()
 6 SYSTEMPATH/CodeIgniter.php(934): App\Controllers\Home->post_details()
 7 SYSTEMPATH/CodeIgniter.php(499): CodeIgniter\CodeIgniter->runController()
 8 SYSTEMPATH/CodeIgniter.php(368): CodeIgniter\CodeIgniter->handleRequest()
 9 FCPATH/index.php(67): CodeIgniter\CodeIgniter->run()
CRITICAL - 2023-04-06 11:40:54 --> Undefined array key "is_favorited"
in APPPATH/Views/post_details.php on line 47.
 1 APPPATH/Views/post_details.php(47): CodeIgniter\Debug\Exceptions->errorHandler()
 2 SYSTEMPATH/View/View.php(213): include('APPPATH/Views/post_details.php')
 3 SYSTEMPATH/View/View.php(216): CodeIgniter\View\View->CodeIgniter\View\{closure}()
 4 SYSTEMPATH/Common.php(1184): CodeIgniter\View\View->render()
 5 APPPATH/Controllers/Home.php(86): view()
 6 SYSTEMPATH/CodeIgniter.php(934): App\Controllers\Home->post_details()
 7 SYSTEMPATH/CodeIgniter.php(499): CodeIgniter\CodeIgniter->runController()
 8 SYSTEMPATH/CodeIgniter.php(368): CodeIgniter\CodeIgniter->handleRequest()
 9 FCPATH/index.php(67): CodeIgniter\CodeIgniter->run()
CRITICAL - 2023-04-06 11:50:15 --> Undefined array key "is_favourited"
in APPPATH/Views/post_details.php on line 46.
 1 APPPATH/Views/post_details.php(46): CodeIgniter\Debug\Exceptions->errorHandler()
 2 SYSTEMPATH/View/View.php(213): include('APPPATH/Views/post_details.php')
 3 SYSTEMPATH/View/View.php(216): CodeIgniter\View\View->CodeIgniter\View\{closure}()
 4 SYSTEMPATH/Common.php(1184): CodeIgniter\View\View->render()
 5 APPPATH/Controllers/Home.php(87): view()
 6 SYSTEMPATH/CodeIgniter.php(934): App\Controllers\Home->post_details()
 7 SYSTEMPATH/CodeIgniter.php(499): CodeIgniter\CodeIgniter->runController()
 8 SYSTEMPATH/CodeIgniter.php(368): CodeIgniter\CodeIgniter->handleRequest()
 9 FCPATH/index.php(67): CodeIgniter\CodeIgniter->run()
CRITICAL - 2023-04-06 11:50:39 --> Undefined array key "is_favourited"
in APPPATH/Views/post_details.php on line 46.
 1 APPPATH/Views/post_details.php(46): CodeIgniter\Debug\Exceptions->errorHandler()
 2 SYSTEMPATH/View/View.php(213): include('APPPATH/Views/post_details.php')
 3 SYSTEMPATH/View/View.php(216): CodeIgniter\View\View->CodeIgniter\View\{closure}()
 4 SYSTEMPATH/Common.php(1184): CodeIgniter\View\View->render()
 5 APPPATH/Controllers/Home.php(87): view()
 6 SYSTEMPATH/CodeIgniter.php(934): App\Controllers\Home->post_details()
 7 SYSTEMPATH/CodeIgniter.php(499): CodeIgniter\CodeIgniter->runController()
 8 SYSTEMPATH/CodeIgniter.php(368): CodeIgniter\CodeIgniter->handleRequest()
 9 FCPATH/index.php(67): CodeIgniter\CodeIgniter->run()
CRITICAL - 2023-04-06 11:56:54 --> Undefined array key "favourite_count"
in APPPATH/Views/post_details.php on line 48.
 1 APPPATH/Views/post_details.php(48): CodeIgniter\Debug\Exceptions->errorHandler()
 2 SYSTEMPATH/View/View.php(213): include('APPPATH/Views/post_details.php')
 3 SYSTEMPATH/View/View.php(216): CodeIgniter\View\View->CodeIgniter\View\{closure}()
 4 SYSTEMPATH/Common.php(1184): CodeIgniter\View\View->render()
 5 APPPATH/Controllers/Home.php(87): view()
 6 SYSTEMPATH/CodeIgniter.php(934): App\Controllers\Home->post_details()
 7 SYSTEMPATH/CodeIgniter.php(499): CodeIgniter\CodeIgniter->runController()
 8 SYSTEMPATH/CodeIgniter.php(368): CodeIgniter\CodeIgniter->handleRequest()
 9 FCPATH/index.php(67): CodeIgniter\CodeIgniter->run()
CRITICAL - 2023-04-06 12:04:19 --> Undefined property: CodeIgniter\View\View::$session
in APPPATH/Views/post_details.php on line 112.
 1 APPPATH/Views/post_details.php(112): CodeIgniter\Debug\Exceptions->errorHandler()
 2 SYSTEMPATH/View/View.php(213): include('APPPATH/Views/post_details.php')
 3 SYSTEMPATH/View/View.php(216): CodeIgniter\View\View->CodeIgniter\View\{closure}()
 4 SYSTEMPATH/Common.php(1184): CodeIgniter\View\View->render()
 5 APPPATH/Controllers/Home.php(87): view()
 6 SYSTEMPATH/CodeIgniter.php(934): App\Controllers\Home->post_details()
 7 SYSTEMPATH/CodeIgniter.php(499): CodeIgniter\CodeIgniter->runController()
 8 SYSTEMPATH/CodeIgniter.php(368): CodeIgniter\CodeIgniter->handleRequest()
 9 FCPATH/index.php(67): CodeIgniter\CodeIgniter->run()
CRITICAL - 2023-04-06 12:08:22 --> Class "App\Models\Model" not found
in APPPATH/Models/Favourite_model.php on line 5.
 1 SYSTEMPATH/Autoloader/Autoloader.php(312): include_once()
 2 SYSTEMPATH/Autoloader/Autoloader.php(289): CodeIgniter\Autoloader\Autoloader->includeFile()
 3 SYSTEMPATH/Autoloader/Autoloader.php(267): CodeIgniter\Autoloader\Autoloader->loadInNamespace()
 4 APPPATH/Controllers/Favourites.php(14): CodeIgniter\Autoloader\Autoloader->loadClass()
 5 SYSTEMPATH/CodeIgniter.php(934): App\Controllers\Favourites->toggle()
 6 SYSTEMPATH/CodeIgniter.php(499): CodeIgniter\CodeIgniter->runController()
 7 SYSTEMPATH/CodeIgniter.php(368): CodeIgniter\CodeIgniter->handleRequest()
 8 FCPATH/index.php(67): CodeIgniter\CodeIgniter->run()
CRITICAL - 2023-04-06 12:12:51 --> Class "App\Models\Model" not found
in APPPATH/Models/Favourite_model.php on line 5.
 1 SYSTEMPATH/Autoloader/Autoloader.php(312): include_once()
 2 SYSTEMPATH/Autoloader/Autoloader.php(289): CodeIgniter\Autoloader\Autoloader->includeFile()
 3 SYSTEMPATH/Autoloader/Autoloader.php(267): CodeIgniter\Autoloader\Autoloader->loadInNamespace()
 4 APPPATH/Controllers/Favourites.php(14): CodeIgniter\Autoloader\Autoloader->loadClass()
 5 SYSTEMPATH/CodeIgniter.php(934): App\Controllers\Favourites->toggle()
 6 SYSTEMPATH/CodeIgniter.php(499): CodeIgniter\CodeIgniter->runController()
 7 SYSTEMPATH/CodeIgniter.php(368): CodeIgniter\CodeIgniter->handleRequest()
 8 FCPATH/index.php(67): CodeIgniter\CodeIgniter->run()
CRITICAL - 2023-04-06 12:12:53 --> Class "App\Models\Model" not found
in APPPATH/Models/Favourite_model.php on line 5.
 1 SYSTEMPATH/Autoloader/Autoloader.php(312): include_once()
 2 SYSTEMPATH/Autoloader/Autoloader.php(289): CodeIgniter\Autoloader\Autoloader->includeFile()
 3 SYSTEMPATH/Autoloader/Autoloader.php(267): CodeIgniter\Autoloader\Autoloader->loadInNamespace()
 4 APPPATH/Controllers/Favourites.php(14): CodeIgniter\Autoloader\Autoloader->loadClass()
 5 SYSTEMPATH/CodeIgniter.php(934): App\Controllers\Favourites->toggle()
 6 SYSTEMPATH/CodeIgniter.php(499): CodeIgniter\CodeIgniter->runController()
 7 SYSTEMPATH/CodeIgniter.php(368): CodeIgniter\CodeIgniter->handleRequest()
 8 FCPATH/index.php(67): CodeIgniter\CodeIgniter->run()
