CRITICAL - 2023-05-12 04:26:38 --> Class "Imagick" not found
in APPPATH/Models/Image_model.php on line 11.
 1 APPPATH/Controllers/Home.php(74): App\Models\Image_model->rotate()
 2 SYSTEMPATH/CodeIgniter.php(934): App\Controllers\Home->check_post()
 3 SYSTEMPATH/CodeIgniter.php(499): CodeIgniter\CodeIgniter->runController()
 4 SYSTEMPATH/CodeIgniter.php(368): CodeIgniter\CodeIgniter->handleRequest()
 5 FCPATH/index.php(67): CodeIgniter\CodeIgniter->run()
CRITICAL - 2023-05-12 04:40:36 --> The framework needs the following extension(s) installed and loaded: "IMAGICK".
in SYSTEMPATH/Exceptions/FrameworkException.php on line 54.
 1 SYSTEMPATH/Images/Handlers/ImageMagickHandler.php(46): CodeIgniter\Exceptions\FrameworkException::forMissingExtension()
 2 SYSTEMPATH/Config/Services.php(341): CodeIgniter\Images\Handlers\ImageMagickHandler->__construct()
 3 SYSTEMPATH/Config/BaseService.php(252): CodeIgniter\Config\Services::image()
 4 SYSTEMPATH/Config/BaseService.php(193): CodeIgniter\Config\BaseService::__callStatic()
 5 SYSTEMPATH/Config/Services.php(332): CodeIgniter\Config\BaseService::getSharedInstance()
 6 SYSTEMPATH/Config/BaseService.php(252): CodeIgniter\Config\Services::image()
 7 APPPATH/Models/Image_model.php(11): CodeIgniter\Config\BaseService::__callStatic()
 8 APPPATH/Controllers/Home.php(74): App\Models\Image_model->rotate()
 9 SYSTEMPATH/CodeIgniter.php(934): App\Controllers\Home->check_post()
10 SYSTEMPATH/CodeIgniter.php(499): CodeIgniter\CodeIgniter->runController()
11 SYSTEMPATH/CodeIgniter.php(368): CodeIgniter\CodeIgniter->handleRequest()
12 FCPATH/index.php(67): CodeIgniter\CodeIgniter->run()
CRITICAL - 2023-05-12 04:48:12 --> The framework needs the following extension(s) installed and loaded: "IMAGICK".
in SYSTEMPATH/Exceptions/FrameworkException.php on line 54.
 1 SYSTEMPATH/Images/Handlers/ImageMagickHandler.php(46): CodeIgniter\Exceptions\FrameworkException::forMissingExtension()
 2 SYSTEMPATH/Config/Services.php(341): CodeIgniter\Images\Handlers\ImageMagickHandler->__construct()
 3 SYSTEMPATH/Config/BaseService.php(252): CodeIgniter\Config\Services::image()
 4 SYSTEMPATH/Config/BaseService.php(193): CodeIgniter\Config\BaseService::__callStatic()
 5 SYSTEMPATH/Config/Services.php(332): CodeIgniter\Config\BaseService::getSharedInstance()
 6 SYSTEMPATH/Config/BaseService.php(252): CodeIgniter\Config\Services::image()
 7 APPPATH/Models/Image_model.php(11): CodeIgniter\Config\BaseService::__callStatic()
 8 APPPATH/Controllers/Home.php(74): App\Models\Image_model->rotate()
 9 SYSTEMPATH/CodeIgniter.php(934): App\Controllers\Home->check_post()
10 SYSTEMPATH/CodeIgniter.php(499): CodeIgniter\CodeIgniter->runController()
11 SYSTEMPATH/CodeIgniter.php(368): CodeIgniter\CodeIgniter->handleRequest()
12 FCPATH/index.php(67): CodeIgniter\CodeIgniter->run()
CRITICAL - 2023-05-12 04:50:36 --> The framework needs the following extension(s) installed and loaded: "IMAGICK".
in SYSTEMPATH/Exceptions/FrameworkException.php on line 54.
 1 SYSTEMPATH/Images/Handlers/ImageMagickHandler.php(46): CodeIgniter\Exceptions\FrameworkException::forMissingExtension()
 2 SYSTEMPATH/Config/Services.php(341): CodeIgniter\Images\Handlers\ImageMagickHandler->__construct()
 3 SYSTEMPATH/Config/BaseService.php(252): CodeIgniter\Config\Services::image()
 4 SYSTEMPATH/Config/BaseService.php(193): CodeIgniter\Config\BaseService::__callStatic()
 5 SYSTEMPATH/Config/Services.php(332): CodeIgniter\Config\BaseService::getSharedInstance()
 6 SYSTEMPATH/Config/BaseService.php(252): CodeIgniter\Config\Services::image()
 7 APPPATH/Models/Image_model.php(13): CodeIgniter\Config\BaseService::__callStatic()
 8 APPPATH/Controllers/Home.php(74): App\Models\Image_model->rotate()
 9 SYSTEMPATH/CodeIgniter.php(934): App\Controllers\Home->check_post()
10 SYSTEMPATH/CodeIgniter.php(499): CodeIgniter\CodeIgniter->runController()
11 SYSTEMPATH/CodeIgniter.php(368): CodeIgniter\CodeIgniter->handleRequest()
12 FCPATH/index.php(67): CodeIgniter\CodeIgniter->run()
