CRITICAL - 2023-03-30 12:30:24 --> Undefined property: App\Controllers\Registration::$load
in APPPATH/Controllers/Registration.php on line 9.
 1 APPPATH/Controllers/Registration.php(9): CodeIgniter\Debug\Exceptions->errorHandler()
 2 SYSTEMPATH/CodeIgniter.php(934): App\Controllers\Registration->index()
 3 SYSTEMPATH/CodeIgniter.php(499): CodeIgniter\CodeIgniter->runController()
 4 SYSTEMPATH/CodeIgniter.php(368): CodeIgniter\CodeIgniter->handleRequest()
 5 FCPATH/index.php(67): CodeIgniter\CodeIgniter->run()
CRITICAL - 2023-03-30 12:34:52 --> Undefined property: App\Controllers\Registration::$load
in APPPATH/Controllers/Registration.php on line 9.
 1 APPPATH/Controllers/Registration.php(9): CodeIgniter\Debug\Exceptions->errorHandler()
 2 SYSTEMPATH/CodeIgniter.php(934): App\Controllers\Registration->index()
 3 SYSTEMPATH/CodeIgniter.php(499): CodeIgniter\CodeIgniter->runController()
 4 SYSTEMPATH/CodeIgniter.php(368): CodeIgniter\CodeIgniter->handleRequest()
 5 FCPATH/index.php(67): CodeIgniter\CodeIgniter->run()
CRITICAL - 2023-03-30 12:37:28 --> Undefined property: App\Controllers\Registration::$load
in APPPATH/Controllers/Registration.php on line 9.
 1 APPPATH/Controllers/Registration.php(9): CodeIgniter\Debug\Exceptions->errorHandler()
 2 SYSTEMPATH/CodeIgniter.php(934): App\Controllers\Registration->index()
 3 SYSTEMPATH/CodeIgniter.php(499): CodeIgniter\CodeIgniter->runController()
 4 SYSTEMPATH/CodeIgniter.php(368): CodeIgniter\CodeIgniter->handleRequest()
 5 FCPATH/index.php(67): CodeIgniter\CodeIgniter->run()
CRITICAL - 2023-03-30 12:37:36 --> Undefined property: App\Controllers\Registration::$load
in APPPATH/Controllers/Registration.php on line 9.
 1 APPPATH/Controllers/Registration.php(9): CodeIgniter\Debug\Exceptions->errorHandler()
 2 SYSTEMPATH/CodeIgniter.php(934): App\Controllers\Registration->index()
 3 SYSTEMPATH/CodeIgniter.php(499): CodeIgniter\CodeIgniter->runController()
 4 SYSTEMPATH/CodeIgniter.php(368): CodeIgniter\CodeIgniter->handleRequest()
 5 FCPATH/index.php(67): CodeIgniter\CodeIgniter->run()
CRITICAL - 2023-03-30 12:52:24 --> Undefined property: App\Controllers\Registration::$input
in APPPATH/Controllers/Registration.php on line 13.
 1 APPPATH/Controllers/Registration.php(13): CodeIgniter\Debug\Exceptions->errorHandler()
 2 SYSTEMPATH/CodeIgniter.php(934): App\Controllers\Registration->register()
 3 SYSTEMPATH/CodeIgniter.php(499): CodeIgniter\CodeIgniter->runController()
 4 SYSTEMPATH/CodeIgniter.php(368): CodeIgniter\CodeIgniter->handleRequest()
 5 FCPATH/index.php(67): CodeIgniter\CodeIgniter->run()
CRITICAL - 2023-03-30 12:53:38 --> Undefined property: App\Controllers\Registration::$input
in APPPATH/Controllers/Registration.php on line 14.
 1 APPPATH/Controllers/Registration.php(14): CodeIgniter\Debug\Exceptions->errorHandler()
 2 SYSTEMPATH/CodeIgniter.php(934): App\Controllers\Registration->register()
 3 SYSTEMPATH/CodeIgniter.php(499): CodeIgniter\CodeIgniter->runController()
 4 SYSTEMPATH/CodeIgniter.php(368): CodeIgniter\CodeIgniter->handleRequest()
 5 FCPATH/index.php(67): CodeIgniter\CodeIgniter->run()
CRITICAL - 2023-03-30 12:56:05 --> Call to undefined method CodeIgniter\Database\MySQLi\Connection::insert()
in APPPATH/Models/User_model.php on line 24.
 1 APPPATH/Controllers/Registration.php(21): App\Models\User_model->register_user()
 2 SYSTEMPATH/CodeIgniter.php(934): App\Controllers\Registration->register()
 3 SYSTEMPATH/CodeIgniter.php(499): CodeIgniter\CodeIgniter->runController()
 4 SYSTEMPATH/CodeIgniter.php(368): CodeIgniter\CodeIgniter->handleRequest()
 5 FCPATH/index.php(67): CodeIgniter\CodeIgniter->run()
CRITICAL - 2023-03-30 13:00:40 --> You must set the database table to be used with your query.
in SYSTEMPATH/Database/BaseConnection.php on line 882.
 1 SYSTEMPATH/Model.php(642): CodeIgniter\Database\BaseConnection->table()
 2 SYSTEMPATH/Model.php(803): CodeIgniter\Model->builder()
 3 APPPATH/Models/User_model.php(11): CodeIgniter\Model->__get()
 4 SYSTEMPATH/Config/Factories.php(129): App\Models\User_model->__construct()
 5 SYSTEMPATH/Config/Factories.php(86): CodeIgniter\Config\Factories::__callStatic()
 6 SYSTEMPATH/Common.php(829): CodeIgniter\Config\Factories::models()
 7 APPPATH/Controllers/Registration.php(20): model()
 8 SYSTEMPATH/CodeIgniter.php(934): App\Controllers\Registration->register()
 9 SYSTEMPATH/CodeIgniter.php(499): CodeIgniter\CodeIgniter->runController()
10 SYSTEMPATH/CodeIgniter.php(368): CodeIgniter\CodeIgniter->handleRequest()
11 FCPATH/index.php(67): CodeIgniter\CodeIgniter->run()
CRITICAL - 2023-03-30 13:01:32 --> Object of class CodeIgniter\Database\MySQLi\Connection could not be converted to string
in APPPATH/Models/User_model.php on line 26.
 1 APPPATH/Controllers/Registration.php(21): App\Models\User_model->register_user()
 2 SYSTEMPATH/CodeIgniter.php(934): App\Controllers\Registration->register()
 3 SYSTEMPATH/CodeIgniter.php(499): CodeIgniter\CodeIgniter->runController()
 4 SYSTEMPATH/CodeIgniter.php(368): CodeIgniter\CodeIgniter->handleRequest()
 5 FCPATH/index.php(67): CodeIgniter\CodeIgniter->run()
CRITICAL - 2023-03-30 13:03:49 --> Object of class CodeIgniter\Database\MySQLi\Connection could not be converted to string
in APPPATH/Models/User_model.php on line 26.
 1 APPPATH/Controllers/Registration.php(21): App\Models\User_model->register_user()
 2 SYSTEMPATH/CodeIgniter.php(934): App\Controllers\Registration->register()
 3 SYSTEMPATH/CodeIgniter.php(499): CodeIgniter\CodeIgniter->runController()
 4 SYSTEMPATH/CodeIgniter.php(368): CodeIgniter\CodeIgniter->handleRequest()
 5 FCPATH/index.php(67): CodeIgniter\CodeIgniter->run()
CRITICAL - 2023-03-30 13:10:36 --> CodeIgniter\Database\BaseBuilder::insert(): Argument #2 ($escape) must be of type ?bool, array given, called in /var/www/htdocs/demo/app/Models/User_model.php on line 26
in SYSTEMPATH/Database/BaseBuilder.php on line 2285.
 1 APPPATH/Models/User_model.php(26): CodeIgniter\Database\BaseBuilder->insert()
 2 APPPATH/Controllers/Registration.php(21): App\Models\User_model->register_user()
 3 SYSTEMPATH/CodeIgniter.php(934): App\Controllers\Registration->register()
 4 SYSTEMPATH/CodeIgniter.php(499): CodeIgniter\CodeIgniter->runController()
 5 SYSTEMPATH/CodeIgniter.php(368): CodeIgniter\CodeIgniter->handleRequest()
 6 FCPATH/index.php(67): CodeIgniter\CodeIgniter->run()
CRITICAL - 2023-03-30 13:11:21 --> Undefined variable $error
in APPPATH/Views/login.php on line 12.
 1 APPPATH/Views/login.php(12): CodeIgniter\Debug\Exceptions->errorHandler()
 2 SYSTEMPATH/View/View.php(213): include('APPPATH/Views/login.php')
 3 SYSTEMPATH/View/View.php(216): CodeIgniter\View\View->CodeIgniter\View\{closure}()
 4 SYSTEMPATH/Common.php(1184): CodeIgniter\View\View->render()
 5 APPPATH/Controllers/Registration.php(24): view()
 6 SYSTEMPATH/CodeIgniter.php(934): App\Controllers\Registration->register()
 7 SYSTEMPATH/CodeIgniter.php(499): CodeIgniter\CodeIgniter->runController()
 8 SYSTEMPATH/CodeIgniter.php(368): CodeIgniter\CodeIgniter->handleRequest()
 9 FCPATH/index.php(67): CodeIgniter\CodeIgniter->run()
ERROR - 2023-03-30 13:12:30 --> mysqli_sql_exception: Duplicate entry 'eflink' for key 'users.username' in /var/www/htdocs/demo/system/Database/MySQLi/Connection.php:295
Stack trace:
#0 /var/www/htdocs/demo/system/Database/MySQLi/Connection.php(295): mysqli->query()
#1 /var/www/htdocs/demo/system/Database/BaseConnection.php(691): CodeIgniter\Database\MySQLi\Connection->execute()
#2 /var/www/htdocs/demo/system/Database/BaseConnection.php(605): CodeIgniter\Database\BaseConnection->simpleQuery()
#3 /var/www/htdocs/demo/system/Database/BaseBuilder.php(2309): CodeIgniter\Database\BaseConnection->query()
#4 /var/www/htdocs/demo/app/Models/User_model.php(26): CodeIgniter\Database\BaseBuilder->insert()
#5 /var/www/htdocs/demo/app/Controllers/Registration.php(21): App\Models\User_model->register_user()
#6 /var/www/htdocs/demo/system/CodeIgniter.php(934): App\Controllers\Registration->register()
#7 /var/www/htdocs/demo/system/CodeIgniter.php(499): CodeIgniter\CodeIgniter->runController()
#8 /var/www/htdocs/demo/system/CodeIgniter.php(368): CodeIgniter\CodeIgniter->handleRequest()
#9 /var/www/htdocs/demo/public/index.php(67): CodeIgniter\CodeIgniter->run()
#10 {main}
CRITICAL - 2023-03-30 13:12:30 --> Duplicate entry 'eflink' for key 'users.username'
in SYSTEMPATH/Database/BaseConnection.php on line 645.
 1 SYSTEMPATH/Database/BaseBuilder.php(2309): CodeIgniter\Database\BaseConnection->query()
 2 APPPATH/Models/User_model.php(26): CodeIgniter\Database\BaseBuilder->insert()
 3 APPPATH/Controllers/Registration.php(21): App\Models\User_model->register_user()
 4 SYSTEMPATH/CodeIgniter.php(934): App\Controllers\Registration->register()
 5 SYSTEMPATH/CodeIgniter.php(499): CodeIgniter\CodeIgniter->runController()
 6 SYSTEMPATH/CodeIgniter.php(368): CodeIgniter\CodeIgniter->handleRequest()
 7 FCPATH/index.php(67): CodeIgniter\CodeIgniter->run()
CRITICAL - 2023-03-30 13:17:36 --> Object of class CodeIgniter\Database\MySQLi\Connection could not be converted to string
in APPPATH/Models/User_model.php on line 25.
 1 APPPATH/Controllers/Registration.php(21): App\Models\User_model->register_user()
 2 SYSTEMPATH/CodeIgniter.php(934): App\Controllers\Registration->register()
 3 SYSTEMPATH/CodeIgniter.php(499): CodeIgniter\CodeIgniter->runController()
 4 SYSTEMPATH/CodeIgniter.php(368): CodeIgniter\CodeIgniter->handleRequest()
 5 FCPATH/index.php(67): CodeIgniter\CodeIgniter->run()
ERROR - 2023-03-30 13:21:51 --> mysqli_sql_exception: Duplicate entry 'eflink' for key 'users.username' in /var/www/htdocs/demo/system/Database/MySQLi/Connection.php:295
Stack trace:
#0 /var/www/htdocs/demo/system/Database/MySQLi/Connection.php(295): mysqli->query()
#1 /var/www/htdocs/demo/system/Database/BaseConnection.php(691): CodeIgniter\Database\MySQLi\Connection->execute()
#2 /var/www/htdocs/demo/system/Database/BaseConnection.php(605): CodeIgniter\Database\BaseConnection->simpleQuery()
#3 /var/www/htdocs/demo/system/Database/BaseBuilder.php(2309): CodeIgniter\Database\BaseConnection->query()
#4 /var/www/htdocs/demo/app/Models/User_model.php(25): CodeIgniter\Database\BaseBuilder->insert()
#5 /var/www/htdocs/demo/app/Controllers/Registration.php(21): App\Models\User_model->register_user()
#6 /var/www/htdocs/demo/system/CodeIgniter.php(934): App\Controllers\Registration->register()
#7 /var/www/htdocs/demo/system/CodeIgniter.php(499): CodeIgniter\CodeIgniter->runController()
#8 /var/www/htdocs/demo/system/CodeIgniter.php(368): CodeIgniter\CodeIgniter->handleRequest()
#9 /var/www/htdocs/demo/public/index.php(67): CodeIgniter\CodeIgniter->run()
#10 {main}
CRITICAL - 2023-03-30 13:21:51 --> Duplicate entry 'eflink' for key 'users.username'
in SYSTEMPATH/Database/BaseConnection.php on line 645.
 1 SYSTEMPATH/Database/BaseBuilder.php(2309): CodeIgniter\Database\BaseConnection->query()
 2 APPPATH/Models/User_model.php(25): CodeIgniter\Database\BaseBuilder->insert()
 3 APPPATH/Controllers/Registration.php(21): App\Models\User_model->register_user()
 4 SYSTEMPATH/CodeIgniter.php(934): App\Controllers\Registration->register()
 5 SYSTEMPATH/CodeIgniter.php(499): CodeIgniter\CodeIgniter->runController()
 6 SYSTEMPATH/CodeIgniter.php(368): CodeIgniter\CodeIgniter->handleRequest()
 7 FCPATH/index.php(67): CodeIgniter\CodeIgniter->run()
CRITICAL - 2023-03-30 13:23:21 --> Undefined property: App\Controllers\Registration::$load
in APPPATH/Controllers/Registration.php on line 30.
 1 APPPATH/Controllers/Registration.php(30): CodeIgniter\Debug\Exceptions->errorHandler()
 2 SYSTEMPATH/CodeIgniter.php(934): App\Controllers\Registration->register()
 3 SYSTEMPATH/CodeIgniter.php(499): CodeIgniter\CodeIgniter->runController()
 4 SYSTEMPATH/CodeIgniter.php(368): CodeIgniter\CodeIgniter->handleRequest()
 5 FCPATH/index.php(67): CodeIgniter\CodeIgniter->run()
CRITICAL - 2023-03-30 13:24:11 --> Undefined property: App\Controllers\Registration::$session
in APPPATH/Controllers/Registration.php on line 27.
 1 APPPATH/Controllers/Registration.php(27): CodeIgniter\Debug\Exceptions->errorHandler()
 2 SYSTEMPATH/CodeIgniter.php(934): App\Controllers\Registration->register()
 3 SYSTEMPATH/CodeIgniter.php(499): CodeIgniter\CodeIgniter->runController()
 4 SYSTEMPATH/CodeIgniter.php(368): CodeIgniter\CodeIgniter->handleRequest()
 5 FCPATH/index.php(67): CodeIgniter\CodeIgniter->run()
