CRITICAL - 2023-03-14 04:00:05 --> Invalid file: "I am not flat!.php"
in SYSTEMPATH/Exceptions/FrameworkException.php on line 33.
 1 SYSTEMPATH/View/View.php(201): CodeIgniter\Exceptions\FrameworkException::forInvalidFile()
 2 SYSTEMPATH/Common.php(1184): CodeIgniter\View\View->render()
 3 APPPATH/Controllers/Home.php(13): view()
 4 SYSTEMPATH/CodeIgniter.php(934): App\Controllers\Home->comment()
 5 SYSTEMPATH/CodeIgniter.php(499): CodeIgniter\CodeIgniter->runController()
 6 SYSTEMPATH/CodeIgniter.php(368): CodeIgniter\CodeIgniter->handleRequest()
 7 FCPATH/index.php(68): CodeIgniter\CodeIgniter->run()
CRITICAL - 2023-03-14 04:00:10 --> Invalid file: "I am not flat!.php"
in SYSTEMPATH/Exceptions/FrameworkException.php on line 33.
 1 SYSTEMPATH/View/View.php(201): CodeIgniter\Exceptions\FrameworkException::forInvalidFile()
 2 SYSTEMPATH/Common.php(1184): CodeIgniter\View\View->render()
 3 APPPATH/Controllers/Home.php(13): view()
 4 SYSTEMPATH/CodeIgniter.php(934): App\Controllers\Home->comment()
 5 SYSTEMPATH/CodeIgniter.php(499): CodeIgniter\CodeIgniter->runController()
 6 SYSTEMPATH/CodeIgniter.php(368): CodeIgniter\CodeIgniter->handleRequest()
 7 FCPATH/index.php(68): CodeIgniter\CodeIgniter->run()
CRITICAL - 2023-03-14 04:33:30 --> syntax error, unexpected token "}", expecting ";"
in APPPATH/Controllers/Helloworld.php on line 17.
 1 SYSTEMPATH/Router/Router.php(507): CodeIgniter\Router\AutoRouter->getRoute()
 2 SYSTEMPATH/Router/Router.php(206): CodeIgniter\Router\Router->autoRoute()
 3 SYSTEMPATH/CodeIgniter.php(815): CodeIgniter\Router\Router->handle()
 4 SYSTEMPATH/CodeIgniter.php(449): CodeIgniter\CodeIgniter->tryToRouteIt()
 5 SYSTEMPATH/CodeIgniter.php(368): CodeIgniter\CodeIgniter->handleRequest()
 6 FCPATH/index.php(67): CodeIgniter\CodeIgniter->run()
CRITICAL - 2023-03-14 05:22:52 --> Too few arguments to function App\Controllers\Helloworld::comment(), 0 passed in /var/www/htdocs/demo/system/CodeIgniter.php on line 934 and exactly 1 expected
in APPPATH/Controllers/Helloworld.php on line 10.
 1 SYSTEMPATH/CodeIgniter.php(934): App\Controllers\Helloworld->comment()
 2 SYSTEMPATH/CodeIgniter.php(499): CodeIgniter\CodeIgniter->runController()
 3 SYSTEMPATH/CodeIgniter.php(368): CodeIgniter\CodeIgniter->handleRequest()
 4 FCPATH/index.php(67): CodeIgniter\CodeIgniter->run()
CRITICAL - 2023-03-14 05:23:07 --> Too few arguments to function App\Controllers\Helloworld::comment(), 0 passed in /var/www/htdocs/demo/system/CodeIgniter.php on line 934 and exactly 1 expected
in APPPATH/Controllers/Helloworld.php on line 10.
 1 SYSTEMPATH/CodeIgniter.php(934): App\Controllers\Helloworld->comment()
 2 SYSTEMPATH/CodeIgniter.php(499): CodeIgniter\CodeIgniter->runController()
 3 SYSTEMPATH/CodeIgniter.php(368): CodeIgniter\CodeIgniter->handleRequest()
 4 FCPATH/index.php(67): CodeIgniter\CodeIgniter->run()
CRITICAL - 2023-03-14 05:30:17 --> Could not check compatibility between App\Controllers\Helloworld::initController(App\Controllers\RequestInterface $request, App\Controllers\ResponseInterface $response, App\Controllers\LoggerInterface $logger) and App\Controllers\BaseController::initController(CodeIgniter\HTTP\RequestInterface $request, CodeIgniter\HTTP\ResponseInterface $response, Psr\Log\LoggerInterface $logger), because class App\Controllers\RequestInterface is not available
in APPPATH/Controllers/Helloworld.php on line 32.
 1 [internal function]: CodeIgniter\Debug\Exceptions->shutdownHandler()
CRITICAL - 2023-03-14 05:33:46 --> Class "CodeIgniter\HTTP\ResponseInterface\BaseController" not found
in APPPATH/Controllers/Helloworld.php on line 6.
 1 SYSTEMPATH/Router/AutoRouter.php(147): include_once()
 2 SYSTEMPATH/Router/Router.php(507): CodeIgniter\Router\AutoRouter->getRoute()
 3 SYSTEMPATH/Router/Router.php(206): CodeIgniter\Router\Router->autoRoute()
 4 SYSTEMPATH/CodeIgniter.php(815): CodeIgniter\Router\Router->handle()
 5 SYSTEMPATH/CodeIgniter.php(449): CodeIgniter\CodeIgniter->tryToRouteIt()
 6 SYSTEMPATH/CodeIgniter.php(368): CodeIgniter\CodeIgniter->handleRequest()
 7 FCPATH/index.php(67): CodeIgniter\CodeIgniter->run()
CRITICAL - 2023-03-14 05:34:07 --> Could not check compatibility between App\Controllers\Helloworld::initController(CodeIgniter\HTTP\RequestInterface $request, CodeIgniter\HTTP\ResponseInterface $response, App\Controllers\LoggerInterface $logger) and App\Controllers\BaseController::initController(CodeIgniter\HTTP\RequestInterface $request, CodeIgniter\HTTP\ResponseInterface $response, Psr\Log\LoggerInterface $logger), because class App\Controllers\LoggerInterface is not available
in APPPATH/Controllers/Helloworld.php on line 34.
 1 [internal function]: CodeIgniter\Debug\Exceptions->shutdownHandler()
CRITICAL - 2023-03-14 05:34:58 --> Undefined variable $init_value
in APPPATH/Controllers/Helloworld.php on line 29.
 1 APPPATH/Controllers/Helloworld.php(29): CodeIgniter\Debug\Exceptions->errorHandler()
 2 SYSTEMPATH/CodeIgniter.php(934): App\Controllers\Helloworld->display_init()
 3 SYSTEMPATH/CodeIgniter.php(499): CodeIgniter\CodeIgniter->runController()
 4 SYSTEMPATH/CodeIgniter.php(368): CodeIgniter\CodeIgniter->handleRequest()
 5 FCPATH/index.php(67): CodeIgniter\CodeIgniter->run()
CRITICAL - 2023-03-14 05:35:25 --> Undefined variable $init_value
in APPPATH/Controllers/Helloworld.php on line 29.
 1 APPPATH/Controllers/Helloworld.php(29): CodeIgniter\Debug\Exceptions->errorHandler()
 2 SYSTEMPATH/CodeIgniter.php(934): App\Controllers\Helloworld->display_init()
 3 SYSTEMPATH/CodeIgniter.php(499): CodeIgniter\CodeIgniter->runController()
 4 SYSTEMPATH/CodeIgniter.php(368): CodeIgniter\CodeIgniter->handleRequest()
 5 FCPATH/index.php(67): CodeIgniter\CodeIgniter->run()
CRITICAL - 2023-03-14 05:36:53 --> Cannot use temporary expression in write context
in APPPATH/Controllers/Helloworld.php on line 33.
 1 [internal function]: CodeIgniter\Debug\Exceptions->shutdownHandler()
CRITICAL - 2023-03-14 05:36:54 --> Cannot use temporary expression in write context
in APPPATH/Controllers/Helloworld.php on line 33.
 1 [internal function]: CodeIgniter\Debug\Exceptions->shutdownHandler()
CRITICAL - 2023-03-14 05:37:34 --> Undefined constant "App\Controllers\this"
in APPPATH/Controllers/Helloworld.php on line 29.
 1 SYSTEMPATH/CodeIgniter.php(934): App\Controllers\Helloworld->display_init()
 2 SYSTEMPATH/CodeIgniter.php(499): CodeIgniter\CodeIgniter->runController()
 3 SYSTEMPATH/CodeIgniter.php(368): CodeIgniter\CodeIgniter->handleRequest()
 4 FCPATH/index.php(67): CodeIgniter\CodeIgniter->run()
CRITICAL - 2023-03-14 05:38:01 --> Undefined variable $init_value
in APPPATH/Controllers/Helloworld.php on line 29.
 1 APPPATH/Controllers/Helloworld.php(29): CodeIgniter\Debug\Exceptions->errorHandler()
 2 SYSTEMPATH/CodeIgniter.php(934): App\Controllers\Helloworld->display_init()
 3 SYSTEMPATH/CodeIgniter.php(499): CodeIgniter\CodeIgniter->runController()
 4 SYSTEMPATH/CodeIgniter.php(368): CodeIgniter\CodeIgniter->handleRequest()
 5 FCPATH/index.php(67): CodeIgniter\CodeIgniter->run()
CRITICAL - 2023-03-14 05:38:14 --> Cannot redeclare App\Controllers\Helloworld::initController()
in APPPATH/Controllers/Helloworld.php on line 46.
 1 [internal function]: CodeIgniter\Debug\Exceptions->shutdownHandler()
CRITICAL - 2023-03-14 05:38:14 --> Cannot redeclare App\Controllers\Helloworld::initController()
in APPPATH/Controllers/Helloworld.php on line 46.
 1 [internal function]: CodeIgniter\Debug\Exceptions->shutdownHandler()
CRITICAL - 2023-03-14 05:38:21 --> Cannot redeclare App\Controllers\Helloworld::initController()
in APPPATH/Controllers/Helloworld.php on line 46.
 1 [internal function]: CodeIgniter\Debug\Exceptions->shutdownHandler()
CRITICAL - 2023-03-14 05:38:21 --> Cannot redeclare App\Controllers\Helloworld::initController()
in APPPATH/Controllers/Helloworld.php on line 46.
 1 [internal function]: CodeIgniter\Debug\Exceptions->shutdownHandler()
CRITICAL - 2023-03-14 05:38:45 --> Undefined variable $init_value
in APPPATH/Controllers/Helloworld.php on line 39.
 1 APPPATH/Controllers/Helloworld.php(39): CodeIgniter\Debug\Exceptions->errorHandler()
 2 SYSTEMPATH/CodeIgniter.php(934): App\Controllers\Helloworld->display_init()
 3 SYSTEMPATH/CodeIgniter.php(499): CodeIgniter\CodeIgniter->runController()
 4 SYSTEMPATH/CodeIgniter.php(368): CodeIgniter\CodeIgniter->handleRequest()
 5 FCPATH/index.php(67): CodeIgniter\CodeIgniter->run()
CRITICAL - 2023-03-14 05:38:45 --> Undefined variable $init_value
in APPPATH/Controllers/Helloworld.php on line 39.
 1 APPPATH/Controllers/Helloworld.php(39): CodeIgniter\Debug\Exceptions->errorHandler()
 2 SYSTEMPATH/CodeIgniter.php(934): App\Controllers\Helloworld->display_init()
 3 SYSTEMPATH/CodeIgniter.php(499): CodeIgniter\CodeIgniter->runController()
 4 SYSTEMPATH/CodeIgniter.php(368): CodeIgniter\CodeIgniter->handleRequest()
 5 FCPATH/index.php(67): CodeIgniter\CodeIgniter->run()
CRITICAL - 2023-03-14 05:39:15 --> Undefined variable $init_value
in APPPATH/Controllers/Helloworld.php on line 39.
 1 APPPATH/Controllers/Helloworld.php(39): CodeIgniter\Debug\Exceptions->errorHandler()
 2 SYSTEMPATH/CodeIgniter.php(934): App\Controllers\Helloworld->display_init()
 3 SYSTEMPATH/CodeIgniter.php(499): CodeIgniter\CodeIgniter->runController()
 4 SYSTEMPATH/CodeIgniter.php(368): CodeIgniter\CodeIgniter->handleRequest()
 5 FCPATH/index.php(67): CodeIgniter\CodeIgniter->run()
CRITICAL - 2023-03-14 05:39:15 --> Undefined variable $init_value
in APPPATH/Controllers/Helloworld.php on line 39.
 1 APPPATH/Controllers/Helloworld.php(39): CodeIgniter\Debug\Exceptions->errorHandler()
 2 SYSTEMPATH/CodeIgniter.php(934): App\Controllers\Helloworld->display_init()
 3 SYSTEMPATH/CodeIgniter.php(499): CodeIgniter\CodeIgniter->runController()
 4 SYSTEMPATH/CodeIgniter.php(368): CodeIgniter\CodeIgniter->handleRequest()
 5 FCPATH/index.php(67): CodeIgniter\CodeIgniter->run()
CRITICAL - 2023-03-14 05:41:07 --> Undefined variable $init_value
in APPPATH/Controllers/Helloworld.php on line 43.
 1 APPPATH/Controllers/Helloworld.php(43): CodeIgniter\Debug\Exceptions->errorHandler()
 2 SYSTEMPATH/CodeIgniter.php(934): App\Controllers\Helloworld->display_change()
 3 SYSTEMPATH/CodeIgniter.php(499): CodeIgniter\CodeIgniter->runController()
 4 SYSTEMPATH/CodeIgniter.php(368): CodeIgniter\CodeIgniter->handleRequest()
 5 FCPATH/index.php(67): CodeIgniter\CodeIgniter->run()
CRITICAL - 2023-03-14 05:41:23 --> Undefined constant "App\Controllers\this"
in APPPATH/Controllers/Helloworld.php on line 39.
 1 SYSTEMPATH/CodeIgniter.php(934): App\Controllers\Helloworld->display_init()
 2 SYSTEMPATH/CodeIgniter.php(499): CodeIgniter\CodeIgniter->runController()
 3 SYSTEMPATH/CodeIgniter.php(368): CodeIgniter\CodeIgniter->handleRequest()
 4 FCPATH/index.php(67): CodeIgniter\CodeIgniter->run()
CRITICAL - 2023-03-14 05:41:24 --> Undefined constant "App\Controllers\this"
in APPPATH/Controllers/Helloworld.php on line 39.
 1 SYSTEMPATH/CodeIgniter.php(934): App\Controllers\Helloworld->display_init()
 2 SYSTEMPATH/CodeIgniter.php(499): CodeIgniter\CodeIgniter->runController()
 3 SYSTEMPATH/CodeIgniter.php(368): CodeIgniter\CodeIgniter->handleRequest()
 4 FCPATH/index.php(67): CodeIgniter\CodeIgniter->run()
CRITICAL - 2023-03-14 05:42:02 --> Undefined variable $init_value
in APPPATH/Controllers/Helloworld.php on line 39.
 1 APPPATH/Controllers/Helloworld.php(39): CodeIgniter\Debug\Exceptions->errorHandler()
 2 SYSTEMPATH/CodeIgniter.php(934): App\Controllers\Helloworld->display_init()
 3 SYSTEMPATH/CodeIgniter.php(499): CodeIgniter\CodeIgniter->runController()
 4 SYSTEMPATH/CodeIgniter.php(368): CodeIgniter\CodeIgniter->handleRequest()
 5 FCPATH/index.php(67): CodeIgniter\CodeIgniter->run()
CRITICAL - 2023-03-14 05:43:03 --> Undefined variable $init_value
in APPPATH/Controllers/Helloworld.php on line 17.
 1 APPPATH/Controllers/Helloworld.php(17): CodeIgniter\Debug\Exceptions->errorHandler()
 2 SYSTEMPATH/CodeIgniter.php(907): App\Controllers\Helloworld->initController()
 3 SYSTEMPATH/CodeIgniter.php(490): CodeIgniter\CodeIgniter->createController()
 4 SYSTEMPATH/CodeIgniter.php(368): CodeIgniter\CodeIgniter->handleRequest()
 5 FCPATH/index.php(67): CodeIgniter\CodeIgniter->run()
CRITICAL - 2023-03-14 05:43:03 --> Undefined variable $init_value
in APPPATH/Controllers/Helloworld.php on line 17.
 1 APPPATH/Controllers/Helloworld.php(17): CodeIgniter\Debug\Exceptions->errorHandler()
 2 SYSTEMPATH/CodeIgniter.php(907): App\Controllers\Helloworld->initController()
 3 SYSTEMPATH/CodeIgniter.php(490): CodeIgniter\CodeIgniter->createController()
 4 SYSTEMPATH/CodeIgniter.php(368): CodeIgniter\CodeIgniter->handleRequest()
 5 FCPATH/index.php(67): CodeIgniter\CodeIgniter->run()
CRITICAL - 2023-03-14 05:43:05 --> Undefined variable $init_value
in APPPATH/Controllers/Helloworld.php on line 17.
 1 APPPATH/Controllers/Helloworld.php(17): CodeIgniter\Debug\Exceptions->errorHandler()
 2 SYSTEMPATH/CodeIgniter.php(907): App\Controllers\Helloworld->initController()
 3 SYSTEMPATH/CodeIgniter.php(490): CodeIgniter\CodeIgniter->createController()
 4 SYSTEMPATH/CodeIgniter.php(368): CodeIgniter\CodeIgniter->handleRequest()
 5 FCPATH/index.php(67): CodeIgniter\CodeIgniter->run()
CRITICAL - 2023-03-14 05:43:17 --> Undefined variable $init_value
in APPPATH/Controllers/Helloworld.php on line 17.
 1 APPPATH/Controllers/Helloworld.php(17): CodeIgniter\Debug\Exceptions->errorHandler()
 2 SYSTEMPATH/CodeIgniter.php(907): App\Controllers\Helloworld->initController()
 3 SYSTEMPATH/CodeIgniter.php(490): CodeIgniter\CodeIgniter->createController()
 4 SYSTEMPATH/CodeIgniter.php(368): CodeIgniter\CodeIgniter->handleRequest()
 5 FCPATH/index.php(67): CodeIgniter\CodeIgniter->run()
CRITICAL - 2023-03-14 06:14:17 --> Too few arguments to function App\Controllers\Helloworld::index(), 0 passed in /var/www/htdocs/demo/system/CodeIgniter.php on line 934 and exactly 2 expected
in APPPATH/Controllers/Helloworld.php on line 10.
 1 SYSTEMPATH/CodeIgniter.php(934): App\Controllers\Helloworld->index()
 2 SYSTEMPATH/CodeIgniter.php(499): CodeIgniter\CodeIgniter->runController()
 3 SYSTEMPATH/CodeIgniter.php(368): CodeIgniter\CodeIgniter->handleRequest()
 4 FCPATH/index.php(67): CodeIgniter\CodeIgniter->run()
CRITICAL - 2023-03-14 06:27:18 --> syntax error, unexpected token "if"
in APPPATH/Config/Routes.php on line 51.
 1 SYSTEMPATH/CodeIgniter.php(802): CodeIgniter\Router\RouteCollection->loadRoutes()
 2 SYSTEMPATH/CodeIgniter.php(449): CodeIgniter\CodeIgniter->tryToRouteIt()
 3 SYSTEMPATH/CodeIgniter.php(368): CodeIgniter\CodeIgniter->handleRequest()
 4 FCPATH/index.php(67): CodeIgniter\CodeIgniter->run()
CRITICAL - 2023-03-14 06:27:24 --> syntax error, unexpected token "if"
in APPPATH/Config/Routes.php on line 51.
 1 SYSTEMPATH/CodeIgniter.php(802): CodeIgniter\Router\RouteCollection->loadRoutes()
 2 SYSTEMPATH/CodeIgniter.php(449): CodeIgniter\CodeIgniter->tryToRouteIt()
 3 SYSTEMPATH/CodeIgniter.php(368): CodeIgniter\CodeIgniter->handleRequest()
 4 FCPATH/index.php(67): CodeIgniter\CodeIgniter->run()
CRITICAL - 2023-03-14 06:30:24 --> syntax error, unexpected token "if"
in APPPATH/Config/Routes.php on line 54.
 1 SYSTEMPATH/CodeIgniter.php(802): CodeIgniter\Router\RouteCollection->loadRoutes()
 2 SYSTEMPATH/CodeIgniter.php(449): CodeIgniter\CodeIgniter->tryToRouteIt()
 3 SYSTEMPATH/CodeIgniter.php(368): CodeIgniter\CodeIgniter->handleRequest()
 4 FCPATH/index.php(67): CodeIgniter\CodeIgniter->run()
CRITICAL - 2023-03-14 06:35:53 --> Invalid file: "mymain.php"
in SYSTEMPATH/Exceptions/FrameworkException.php on line 33.
 1 SYSTEMPATH/View/View.php(201): CodeIgniter\Exceptions\FrameworkException::forInvalidFile()
 2 SYSTEMPATH/Common.php(1184): CodeIgniter\View\View->render()
 3 APPPATH/Controllers/Papers.php(20): view()
 4 SYSTEMPATH/CodeIgniter.php(934): App\Controllers\Papers->paperLookup()
 5 SYSTEMPATH/CodeIgniter.php(499): CodeIgniter\CodeIgniter->runController()
 6 SYSTEMPATH/CodeIgniter.php(368): CodeIgniter\CodeIgniter->handleRequest()
 7 FCPATH/index.php(67): CodeIgniter\CodeIgniter->run()
CRITICAL - 2023-03-14 06:36:20 --> Invalid file: "main.php"
in SYSTEMPATH/Exceptions/FrameworkException.php on line 33.
 1 SYSTEMPATH/View/View.php(201): CodeIgniter\Exceptions\FrameworkException::forInvalidFile()
 2 SYSTEMPATH/Common.php(1184): CodeIgniter\View\View->render()
 3 APPPATH/Controllers/Papers.php(20): view()
 4 SYSTEMPATH/CodeIgniter.php(934): App\Controllers\Papers->paperLookup()
 5 SYSTEMPATH/CodeIgniter.php(499): CodeIgniter\CodeIgniter->runController()
 6 SYSTEMPATH/CodeIgniter.php(368): CodeIgniter\CodeIgniter->handleRequest()
 7 FCPATH/index.php(67): CodeIgniter\CodeIgniter->run()
CRITICAL - 2023-03-14 06:58:09 --> Invalid file: "123.php"
in SYSTEMPATH/Exceptions/FrameworkException.php on line 33.
 1 SYSTEMPATH/View/View.php(201): CodeIgniter\Exceptions\FrameworkException::forInvalidFile()
 2 SYSTEMPATH/Common.php(1184): CodeIgniter\View\View->render()
 3 APPPATH/Controllers/Papers.php(20): view()
 4 SYSTEMPATH/CodeIgniter.php(934): App\Controllers\Papers->paperLookupByYear()
 5 SYSTEMPATH/CodeIgniter.php(499): CodeIgniter\CodeIgniter->runController()
 6 SYSTEMPATH/CodeIgniter.php(368): CodeIgniter\CodeIgniter->handleRequest()
 7 FCPATH/index.php(67): CodeIgniter\CodeIgniter->run()
CRITICAL - 2023-03-14 06:58:12 --> Invalid file: "123.php"
in SYSTEMPATH/Exceptions/FrameworkException.php on line 33.
 1 SYSTEMPATH/View/View.php(201): CodeIgniter\Exceptions\FrameworkException::forInvalidFile()
 2 SYSTEMPATH/Common.php(1184): CodeIgniter\View\View->render()
 3 APPPATH/Controllers/Papers.php(20): view()
 4 SYSTEMPATH/CodeIgniter.php(934): App\Controllers\Papers->paperLookupByYear()
 5 SYSTEMPATH/CodeIgniter.php(499): CodeIgniter\CodeIgniter->runController()
 6 SYSTEMPATH/CodeIgniter.php(368): CodeIgniter\CodeIgniter->handleRequest()
 7 FCPATH/index.php(67): CodeIgniter\CodeIgniter->run()
CRITICAL - 2023-03-14 06:58:47 --> Invalid file: "123.php"
in SYSTEMPATH/Exceptions/FrameworkException.php on line 33.
 1 SYSTEMPATH/View/View.php(201): CodeIgniter\Exceptions\FrameworkException::forInvalidFile()
 2 SYSTEMPATH/Common.php(1184): CodeIgniter\View\View->render()
 3 APPPATH/Controllers/Papers.php(20): view()
 4 SYSTEMPATH/CodeIgniter.php(934): App\Controllers\Papers->paperLookupByYear()
 5 SYSTEMPATH/CodeIgniter.php(499): CodeIgniter\CodeIgniter->runController()
 6 SYSTEMPATH/CodeIgniter.php(368): CodeIgniter\CodeIgniter->handleRequest()
 7 FCPATH/index.php(67): CodeIgniter\CodeIgniter->run()
CRITICAL - 2023-03-14 11:50:05 --> Call to undefined function App\Controllers\getServer()
in APPPATH/Controllers/Requestclass_demo.php on line 23.
 1 SYSTEMPATH/CodeIgniter.php(934): App\Controllers\Requestclass_demo->index()
 2 SYSTEMPATH/CodeIgniter.php(499): CodeIgniter\CodeIgniter->runController()
 3 SYSTEMPATH/CodeIgniter.php(368): CodeIgniter\CodeIgniter->handleRequest()
 4 FCPATH/index.php(67): CodeIgniter\CodeIgniter->run()
CRITICAL - 2023-03-14 11:51:07 --> Call to undefined function App\Controllers\getServer()
in APPPATH/Controllers/Requestclass_demo.php on line 23.
 1 SYSTEMPATH/CodeIgniter.php(934): App\Controllers\Requestclass_demo->index()
 2 SYSTEMPATH/CodeIgniter.php(499): CodeIgniter\CodeIgniter->runController()
 3 SYSTEMPATH/CodeIgniter.php(368): CodeIgniter\CodeIgniter->handleRequest()
 4 FCPATH/index.php(67): CodeIgniter\CodeIgniter->run()
CRITICAL - 2023-03-14 11:51:14 --> Call to undefined function App\Controllers\getServer()
in APPPATH/Controllers/Requestclass_demo.php on line 23.
 1 SYSTEMPATH/CodeIgniter.php(934): App\Controllers\Requestclass_demo->index()
 2 SYSTEMPATH/CodeIgniter.php(499): CodeIgniter\CodeIgniter->runController()
 3 SYSTEMPATH/CodeIgniter.php(368): CodeIgniter\CodeIgniter->handleRequest()
 4 FCPATH/index.php(67): CodeIgniter\CodeIgniter->run()
CRITICAL - 2023-03-14 12:13:55 --> Class "App\Controllers\Controllers" not found
in APPPATH/Controllers/Curlrequest_demo.php on line 6.
 1 SYSTEMPATH/Autoloader/Autoloader.php(312): include_once()
 2 SYSTEMPATH/Autoloader/Autoloader.php(289): CodeIgniter\Autoloader\Autoloader->includeFile()
 3 SYSTEMPATH/Autoloader/Autoloader.php(267): CodeIgniter\Autoloader\Autoloader->loadInNamespace()
 4 [internal function]: CodeIgniter\Autoloader\Autoloader->loadClass()
 5 SYSTEMPATH/CodeIgniter.php(892): class_exists()
 6 SYSTEMPATH/CodeIgniter.php(486): CodeIgniter\CodeIgniter->startController()
 7 SYSTEMPATH/CodeIgniter.php(368): CodeIgniter\CodeIgniter->handleRequest()
 8 FCPATH/index.php(67): CodeIgniter\CodeIgniter->run()
CRITICAL - 2023-03-14 12:14:09 --> Too few arguments to function CodeIgniter\HTTP\CURLRequest::__construct(), 0 passed in /var/www/htdocs/demo/system/CodeIgniter.php on line 906 and at least 2 expected
in SYSTEMPATH/HTTP/CURLRequest.php on line 100.
 1 SYSTEMPATH/CodeIgniter.php(906): CodeIgniter\HTTP\CURLRequest->__construct()
 2 SYSTEMPATH/CodeIgniter.php(490): CodeIgniter\CodeIgniter->createController()
 3 SYSTEMPATH/CodeIgniter.php(368): CodeIgniter\CodeIgniter->handleRequest()
 4 FCPATH/index.php(67): CodeIgniter\CodeIgniter->run()
CRITICAL - 2023-03-14 12:16:17 --> Too few arguments to function CodeIgniter\HTTP\CURLRequest::__construct(), 0 passed in /var/www/htdocs/demo/app/Controllers/Curlrequest_demo.php on line 12 and at least 2 expected
in SYSTEMPATH/HTTP/CURLRequest.php on line 100.
 1 APPPATH/Controllers/Curlrequest_demo.php(12): CodeIgniter\HTTP\CURLRequest->__construct()
 2 SYSTEMPATH/CodeIgniter.php(934): App\Controllers\Curlrequest_demo->index()
 3 SYSTEMPATH/CodeIgniter.php(499): CodeIgniter\CodeIgniter->runController()
 4 SYSTEMPATH/CodeIgniter.php(368): CodeIgniter\CodeIgniter->handleRequest()
 5 FCPATH/index.php(67): CodeIgniter\CodeIgniter->run()
